<?xml version="1.0" encoding="UTF-8"?>
<robot generator="Robot 5.0.1 (Python 3.9.13 on win32)" generated="20221025 15:33:21.282" rpa="true" schemaversion="3">
<suite id="s1" name="Tasks" source="c:\Users\smart\OneDrive\Desktop\RPA\Order-Robot\tasks.robot">
<test id="s1-t1" name="Order robots from RobotSpareBin Industries Inc" line="16">
<kw name="Open the robot order website">
<kw name="Open Available Browser" library="RPA.Browser.Selenium">
<arg>https://robotsparebinindustries.com/#/robot-order</arg>
<doc>Attempts to open a browser on the user's device from a set of
supported browsers. Automatically downloads a corresponding webdriver
if none is already installed.</doc>
<msg timestamp="20221025 15:33:24.222" level="INFO">Creating an instance of the Chrome WebDriver.</msg>
<msg timestamp="20221025 15:33:24.227" level="INFO">====== WebDriver manager ======</msg>
<msg timestamp="20221025 15:33:26.717" level="INFO">Creating an instance of the Chrome WebDriver.</msg>
<msg timestamp="20221025 15:33:28.000" level="INFO">Created Chrome browser with arguments: --disable-dev-shm-usage --disable-web-security --allow-running-insecure-content --no-sandbox</msg>
<msg timestamp="20221025 15:33:28.000" level="INFO" html="true">&lt;p&gt;Attempted combinations:&lt;/p&gt;&lt;div class="doc"&gt;&lt;table&gt;&lt;tr&gt;&lt;th&gt;Browser&lt;/th&gt;&lt;th&gt;Download&lt;/th&gt;&lt;th&gt;Error&lt;/th&gt;&lt;/tr&gt;&lt;tr&gt;&lt;td&gt;Chrome&lt;/td&gt;&lt;td&gt;False&lt;/td&gt;&lt;td&gt;Message: 'chromedriver' executable needs to be in PATH. Please see https://chromedriver.chromium.org/home
&lt;/td&gt;&lt;/tr&gt;&lt;tr&gt;&lt;td&gt;Chrome&lt;/td&gt;&lt;td&gt;True&lt;/td&gt;&lt;td&gt;&lt;/td&gt;&lt;/tr&gt;&lt;/table&gt;&lt;/div&gt;</msg>
<msg timestamp="20221025 15:33:28.000" level="INFO">Opening url 'https://robotsparebinindustries.com/#/robot-order'</msg>
<status status="PASS" starttime="20221025 15:33:24.219" endtime="20221025 15:33:28.939"/>
</kw>
<status status="PASS" starttime="20221025 15:33:24.219" endtime="20221025 15:33:28.939"/>
</kw>
<kw name="Close the pop-up">
<kw name="Click Button When Visible" library="RPA.Browser.Selenium">
<arg>//button[@class="btn btn-dark"]</arg>
<doc>Click button identified by ``locator``, once it becomes visible.</doc>
<msg timestamp="20221025 15:33:28.999" level="INFO">Clicking button '//button[@class="btn btn-dark"]'.</msg>
<status status="PASS" starttime="20221025 15:33:28.939" endtime="20221025 15:33:29.120"/>
</kw>
<status status="PASS" starttime="20221025 15:33:28.939" endtime="20221025 15:33:29.120"/>
</kw>
<kw name="Download and read the file">
<kw name="Download" library="RPA.HTTP">
<arg>https://robotsparebinindustries.com/orders.csv</arg>
<doc>An alias for the ``HTTP Get`` keyword.</doc>
<msg timestamp="20221025 15:33:29.120" level="INFO">Creating a new HTTP session</msg>
<msg timestamp="20221025 15:33:29.120" level="INFO">Creating Session using : alias=rpasession_alias.httpsrobotsparebinindustries.com, url=https://robotsparebinindustries.com, headers={},                     cookies={}, auth=None, timeout=None, proxies=None, verify=True,                     debug=0 </msg>
<status status="PASS" starttime="20221025 15:33:29.120" endtime="20221025 15:33:29.599"/>
</kw>
<status status="PASS" starttime="20221025 15:33:29.120" endtime="20221025 15:33:29.599"/>
</kw>
<kw name="Make order using csv data">
<kw name="Read table from CSV" library="RPA.Tables">
<var>${orders}</var>
<arg>orders.csv</arg>
<doc>Read a CSV file as a table.</doc>
<msg timestamp="20221025 15:33:29.607" level="INFO">${orders} = Table(columns=['Order number', 'Head', 'Body', 'Legs', 'Address'], rows=20)</msg>
<status status="PASS" starttime="20221025 15:33:29.599" endtime="20221025 15:33:29.607"/>
</kw>
<for flavor="IN">
<var>${order}</var>
<value>@{orders}</value>
<iter>
<var name="${order}">{'Order number': '1', 'Head': '1', 'Body': '2', 'Legs': '3', 'Address': 'Address 123'}</var>
<kw name="Make one order at a time">
<arg>${order}</arg>
<kw name="Select From List By Value" library="RPA.Browser.Selenium">
<arg>head</arg>
<arg>${order_details}[Head]</arg>
<doc>Selects options from selection list ``locator`` by ``values``.</doc>
<msg timestamp="20221025 15:33:29.616" level="INFO">Selecting options from selection list 'head' by value 1.</msg>
<status status="PASS" starttime="20221025 15:33:29.616" endtime="20221025 15:33:29.817"/>
</kw>
<kw name="Select Radio Button" library="RPA.Browser.Selenium">
<arg>body</arg>
<arg>${order_details}[Body]</arg>
<doc>Sets the radio button group ``group_name`` to ``value``.</doc>
<msg timestamp="20221025 15:33:29.817" level="INFO">Selecting '2' from radio button 'body'.</msg>
<status status="PASS" starttime="20221025 15:33:29.817" endtime="20221025 15:33:29.946"/>
</kw>
<kw name="Input Text" library="RPA.Browser.Selenium">
<arg>//input[@placeholder="Enter the part number for the legs"]</arg>
<arg>${order_details}[Legs]</arg>
<doc>Types the given ``text`` into the text field identified by ``locator``.</doc>
<msg timestamp="20221025 15:33:29.949" level="INFO">Typing text '3' into text field '//input[@placeholder="Enter the part number for the legs"]'.</msg>
<status status="PASS" starttime="20221025 15:33:29.949" endtime="20221025 15:33:30.165"/>
</kw>
<kw name="Input Text" library="RPA.Browser.Selenium">
<arg>address</arg>
<arg>${order_details}[Address]</arg>
<doc>Types the given ``text`` into the text field identified by ``locator``.</doc>
<msg timestamp="20221025 15:33:30.165" level="INFO">Typing text 'Address 123' into text field 'address'.</msg>
<status status="PASS" starttime="20221025 15:33:30.165" endtime="20221025 15:33:30.319"/>
</kw>
<kw name="Click Button" library="RPA.Browser.Selenium">
<arg>id:preview</arg>
<doc>Clicks the button identified by ``locator``.</doc>
<msg timestamp="20221025 15:33:30.320" level="INFO">Clicking button 'id:preview'.</msg>
<status status="PASS" starttime="20221025 15:33:30.319" endtime="20221025 15:33:30.457"/>
</kw>
<kw name="Wait Until Page Contains Element" library="RPA.Browser.Selenium">
<arg>id:robot-preview-image</arg>
<doc>Waits until the element ``locator`` appears on the current page.</doc>
<status status="PASS" starttime="20221025 15:33:30.457" endtime="20221025 15:33:30.489"/>
</kw>
<kw name="Click Button" library="RPA.Browser.Selenium">
<arg>id:order</arg>
<doc>Clicks the button identified by ``locator``.</doc>
<msg timestamp="20221025 15:33:30.499" level="INFO">Clicking button 'id:order'.</msg>
<status status="PASS" starttime="20221025 15:33:30.497" endtime="20221025 15:33:30.627"/>
</kw>
<kw name="Check order status">
<for flavor="IN RANGE">
<var>${i}</var>
<value>100</value>
<iter>
<var name="${i}">0</var>
<kw name="Is Element Visible" library="RPA.Browser.Selenium">
<var>${order_status}</var>
<arg>//div[@class="alert alert-danger"]</arg>
<doc>Is element visible</doc>
<msg timestamp="20221025 15:33:30.645" level="INFO" html="true">Ran with keyword &lt;b&gt;Element Should Be Visible&lt;/b&gt; which returned error: &lt;i&gt;Element with locator '//div[@class="alert alert-danger"]' not found.&lt;/i&gt;</msg>
<msg timestamp="20221025 15:33:30.651" level="INFO">${order_status} = False</msg>
<status status="PASS" starttime="20221025 15:33:30.627" endtime="20221025 15:33:30.651"/>
</kw>
<if>
<branch type="IF" condition="'${order_status}'=='True'">
<kw name="Click Button" library="RPA.Browser.Selenium">
<arg>//button[@id="order"]</arg>
<doc>Clicks the button identified by ``locator``.</doc>
<status status="NOT RUN" starttime="20221025 15:33:30.651" endtime="20221025 15:33:30.651"/>
</kw>
<status status="NOT RUN" starttime="20221025 15:33:30.651" endtime="20221025 15:33:30.651"/>
</branch>
<status status="PASS" starttime="20221025 15:33:30.651" endtime="20221025 15:33:30.651"/>
</if>
<if>
<branch type="IF" condition="'${order_status}'=='False'">
<break>
<status status="PASS" starttime="20221025 15:33:30.651" endtime="20221025 15:33:30.651"/>
</break>
<status status="PASS" starttime="20221025 15:33:30.651" endtime="20221025 15:33:30.651"/>
</branch>
<status status="PASS" starttime="20221025 15:33:30.651" endtime="20221025 15:33:30.651"/>
</if>
<status status="PASS" starttime="20221025 15:33:30.627" endtime="20221025 15:33:30.651"/>
</iter>
<status status="PASS" starttime="20221025 15:33:30.627" endtime="20221025 15:33:30.651"/>
</for>
<status status="PASS" starttime="20221025 15:33:30.627" endtime="20221025 15:33:30.651"/>
</kw>
<kw name="Create receipt for the order">
<arg>${order_details}</arg>
<kw name="Get Element Attribute" library="RPA.Browser.Selenium">
<var>${order_receipt}</var>
<arg>id:receipt</arg>
<arg>outerHTML</arg>
<doc>Returns the value of ``attribute`` from the element ``locator``.</doc>
<msg timestamp="20221025 15:33:30.708" level="INFO">${order_receipt} = &lt;div id="receipt" class="alert alert-success" role="alert"&gt;&lt;h3&gt;Receipt&lt;/h3&gt;&lt;div&gt;2022-10-25T10:03:30.608Z&lt;/div&gt;&lt;p class="badge badge-success"&gt;RSB-ROBO-ORDER-M4JWS8BYS&lt;/p&gt;&lt;p&gt;Address 123&lt;/p&gt;&lt;div id="part...</msg>
<status status="PASS" starttime="20221025 15:33:30.659" endtime="20221025 15:33:30.708"/>
</kw>
<kw name="Html To Pdf" library="RPA.PDF">
<arg>${order_receipt}</arg>
<arg>${OUTPUT_DIR}${/}output${/}receipts${/}receipt${order_details}[Order number].pdf</arg>
<doc>Generate a PDF file from HTML content.</doc>
<msg timestamp="20221025 15:33:30.708" level="INFO">Writing output to file C:\Users\smart\OneDrive\Desktop\RPA\Order-Robot\output\receipts\receipt1.pdf</msg>
<msg timestamp="20221025 15:33:31.040" level="INFO">maxp pruned</msg>
<msg timestamp="20221025 15:33:31.040" level="INFO">cmap pruned</msg>
<msg timestamp="20221025 15:33:31.049" level="INFO">post pruned</msg>
<msg timestamp="20221025 15:33:31.049" level="INFO">GDEF dropped</msg>
<msg timestamp="20221025 15:33:31.049" level="INFO">GPOS dropped</msg>
<msg timestamp="20221025 15:33:31.057" level="INFO">GSUB dropped</msg>
<msg timestamp="20221025 15:33:31.057" level="INFO">name pruned</msg>
<msg timestamp="20221025 15:33:31.065" level="INFO">glyf pruned</msg>
<msg timestamp="20221025 15:33:31.065" level="INFO">Added gid0 to subset</msg>
<msg timestamp="20221025 15:33:31.065" level="INFO">Added first four glyphs to subset</msg>
<msg timestamp="20221025 15:33:31.065" level="INFO">Closing glyph list over 'glyf': 57 glyphs before</msg>
<msg timestamp="20221025 15:33:31.065" level="INFO">Glyph names: ['.notdef', '.null', 'uni0020', 'uni0021', 'uni002D', 'uni002E', 'uni0030', 'uni0031', 'uni0032', 'uni0033', 'uni0034', 'uni0035', 'uni0036', 'uni0037', 'uni0038', 'uni0039', 'uni003A', 'uni0041', 'uni0042', 'uni0044', 'uni0045', 'uni0048', 'uni004A', 'uni004C', 'uni004D', 'uni004F', 'uni0052', 'uni0053', 'uni0054', 'uni0057', 'uni0059', 'uni005A', 'uni0061', 'uni0062', 'uni0063', 'uni0064', 'uni0065', 'uni0066', 'uni0067', 'uni0068', 'uni0069', 'uni006B', 'uni006C', 'uni006D', 'uni006E', 'uni006F', 'uni0070', 'uni0072', 'uni0073', 'uni0074', 'uni0075', 'uni0076', 'uni0077', 'uni0079', 'uni007B', 'uni007D', 'uni00C4']</msg>
<msg timestamp="20221025 15:33:31.073" level="INFO">Glyph IDs:   [0, 1, 2, 3, 65, 84, 95, 161, 265, 280, 291, 320, 382, 395, 409, 456, 469, 493, 504, 575, 582, 594, 612, 645, 650, 660, 679, 715, 723, 752, 759, 775, 827, 837, 867, 884, 899, 932, 936, 950, 1294, 1295, 1296, 1298, 1299, 1300, 1302, 1303, 1304, 1305, 1329, 1345, 1346, 1361, 1404, 1407, 1681]</msg>
<msg timestamp="20221025 15:33:31.073" level="INFO">Closed glyph list over 'glyf': 57 glyphs after</msg>
<msg timestamp="20221025 15:33:31.073" level="INFO">Glyph names: ['.notdef', '.null', 'uni0020', 'uni0021', 'uni002D', 'uni002E', 'uni0030', 'uni0031', 'uni0032', 'uni0033', 'uni0034', 'uni0035', 'uni0036', 'uni0037', 'uni0038', 'uni0039', 'uni003A', 'uni0041', 'uni0042', 'uni0044', 'uni0045', 'uni0048', 'uni004A', 'uni004C', 'uni004D', 'uni004F', 'uni0052', 'uni0053', 'uni0054', 'uni0057', 'uni0059', 'uni005A', 'uni0061', 'uni0062', 'uni0063', 'uni0064', 'uni0065', 'uni0066', 'uni0067', 'uni0068', 'uni0069', 'uni006B', 'uni006C', 'uni006D', 'uni006E', 'uni006F', 'uni0070', 'uni0072', 'uni0073', 'uni0074', 'uni0075', 'uni0076', 'uni0077', 'uni0079', 'uni007B', 'uni007D', 'uni00C4']</msg>
<msg timestamp="20221025 15:33:31.073" level="INFO">Glyph IDs:   [0, 1, 2, 3, 65, 84, 95, 161, 265, 280, 291, 320, 382, 395, 409, 456, 469, 493, 504, 575, 582, 594, 612, 645, 650, 660, 679, 715, 723, 752, 759, 775, 827, 837, 867, 884, 899, 932, 936, 950, 1294, 1295, 1296, 1298, 1299, 1300, 1302, 1303, 1304, 1305, 1329, 1345, 1346, 1361, 1404, 1407, 1681]</msg>
<msg timestamp="20221025 15:33:31.073" level="INFO">Retaining 57 glyphs</msg>
<msg timestamp="20221025 15:33:31.073" level="INFO">head subsetting not needed</msg>
<msg timestamp="20221025 15:33:31.073" level="INFO">hhea subsetting not needed</msg>
<msg timestamp="20221025 15:33:31.073" level="INFO">maxp subsetting not needed</msg>
<msg timestamp="20221025 15:33:31.073" level="INFO">OS/2 subsetting not needed</msg>
<msg timestamp="20221025 15:33:31.081" level="INFO">hmtx subsetted</msg>
<msg timestamp="20221025 15:33:31.084" level="INFO">cmap subsetted</msg>
<msg timestamp="20221025 15:33:31.084" level="INFO">prep subsetting not needed</msg>
<msg timestamp="20221025 15:33:31.084" level="INFO">loca subsetting not needed</msg>
<msg timestamp="20221025 15:33:31.084" level="INFO">post subsetted</msg>
<msg timestamp="20221025 15:33:31.084" level="INFO">gasp subsetting not needed</msg>
<msg timestamp="20221025 15:33:31.084" level="INFO">STAT subsetting not needed</msg>
<msg timestamp="20221025 15:33:31.084" level="INFO">name subsetting not needed</msg>
<msg timestamp="20221025 15:33:31.089" level="INFO">glyf subsetted</msg>
<msg timestamp="20221025 15:33:31.090" level="INFO">head pruned</msg>
<msg timestamp="20221025 15:33:31.090" level="INFO">OS/2 Unicode ranges pruned: [0]</msg>
<msg timestamp="20221025 15:33:31.090" level="INFO">glyf pruned</msg>
<msg timestamp="20221025 15:33:31.130" level="INFO">maxp pruned</msg>
<msg timestamp="20221025 15:33:31.138" level="INFO">cmap pruned</msg>
<msg timestamp="20221025 15:33:31.138" level="INFO">post pruned</msg>
<msg timestamp="20221025 15:33:31.138" level="INFO">GDEF dropped</msg>
<msg timestamp="20221025 15:33:31.138" level="INFO">GPOS dropped</msg>
<msg timestamp="20221025 15:33:31.138" level="INFO">GSUB dropped</msg>
<msg timestamp="20221025 15:33:31.138" level="INFO">name pruned</msg>
<msg timestamp="20221025 15:33:31.138" level="INFO">glyf pruned</msg>
<msg timestamp="20221025 15:33:31.146" level="INFO">Added gid0 to subset</msg>
<msg timestamp="20221025 15:33:31.147" level="INFO">Added first four glyphs to subset</msg>
<msg timestamp="20221025 15:33:31.147" level="INFO">Closing glyph list over 'glyf': 19 glyphs before</msg>
<msg timestamp="20221025 15:33:31.147" level="INFO">Glyph names: ['.notdef', '.null', 'uni0020', 'uni0030', 'uni0031', 'uni0032', 'uni0033', 'uni0034', 'uni0035', 'uni0036', 'uni0037', 'uni0038', 'uni0039', 'uni0041', 'uni0062', 'uni006E', 'uni007B', 'uni007D', 'uni00C4']</msg>
<msg timestamp="20221025 15:33:31.147" level="INFO">Glyph IDs:   [0, 1, 2, 3, 575, 759, 1294, 1295, 1296, 1298, 1299, 1300, 1302, 1303, 1304, 1305, 1345, 1346, 1681]</msg>
<msg timestamp="20221025 15:33:31.147" level="INFO">Closed glyph list over 'glyf': 19 glyphs after</msg>
<msg timestamp="20221025 15:33:31.147" level="INFO">Glyph names: ['.notdef', '.null', 'uni0020', 'uni0030', 'uni0031', 'uni0032', 'uni0033', 'uni0034', 'uni0035', 'uni0036', 'uni0037', 'uni0038', 'uni0039', 'uni0041', 'uni0062', 'uni006E', 'uni007B', 'uni007D', 'uni00C4']</msg>
<msg timestamp="20221025 15:33:31.147" level="INFO">Glyph IDs:   [0, 1, 2, 3, 575, 759, 1294, 1295, 1296, 1298, 1299, 1300, 1302, 1303, 1304, 1305, 1345, 1346, 1681]</msg>
<msg timestamp="20221025 15:33:31.147" level="INFO">Retaining 19 glyphs</msg>
<msg timestamp="20221025 15:33:31.147" level="INFO">head subsetting not needed</msg>
<msg timestamp="20221025 15:33:31.147" level="INFO">hhea subsetting not needed</msg>
<msg timestamp="20221025 15:33:31.147" level="INFO">maxp subsetting not needed</msg>
<msg timestamp="20221025 15:33:31.147" level="INFO">OS/2 subsetting not needed</msg>
<msg timestamp="20221025 15:33:31.147" level="INFO">hmtx subsetted</msg>
<msg timestamp="20221025 15:33:31.155" level="INFO">cmap subsetted</msg>
<msg timestamp="20221025 15:33:31.155" level="INFO">prep subsetting not needed</msg>
<msg timestamp="20221025 15:33:31.155" level="INFO">loca subsetting not needed</msg>
<msg timestamp="20221025 15:33:31.155" level="INFO">post subsetted</msg>
<msg timestamp="20221025 15:33:31.155" level="INFO">gasp subsetting not needed</msg>
<msg timestamp="20221025 15:33:31.155" level="INFO">STAT subsetting not needed</msg>
<msg timestamp="20221025 15:33:31.155" level="INFO">name subsetting not needed</msg>
<msg timestamp="20221025 15:33:31.155" level="INFO">glyf subsetted</msg>
<msg timestamp="20221025 15:33:31.155" level="INFO">head pruned</msg>
<msg timestamp="20221025 15:33:31.155" level="INFO">OS/2 Unicode ranges pruned: [0]</msg>
<msg timestamp="20221025 15:33:31.155" level="INFO">glyf pruned</msg>
<msg timestamp="20221025 15:33:31.179" level="INFO">maxp pruned</msg>
<msg timestamp="20221025 15:33:31.187" level="INFO">cmap pruned</msg>
<msg timestamp="20221025 15:33:31.187" level="INFO">post pruned</msg>
<msg timestamp="20221025 15:33:31.187" level="INFO">GDEF dropped</msg>
<msg timestamp="20221025 15:33:31.187" level="INFO">GPOS dropped</msg>
<msg timestamp="20221025 15:33:31.187" level="INFO">GSUB dropped</msg>
<msg timestamp="20221025 15:33:31.187" level="INFO">name pruned</msg>
<msg timestamp="20221025 15:33:31.190" level="INFO">glyf pruned</msg>
<msg timestamp="20221025 15:33:31.195" level="INFO">Added gid0 to subset</msg>
<msg timestamp="20221025 15:33:31.195" level="INFO">Added first four glyphs to subset</msg>
<msg timestamp="20221025 15:33:31.195" level="INFO">Closing glyph list over 'glyf': 18 glyphs before</msg>
<msg timestamp="20221025 15:33:31.195" level="INFO">Glyph names: ['.notdef', '.null', 'uni0020', 'uni0030', 'uni0031', 'uni0032', 'uni0033', 'uni0034', 'uni0035', 'uni0036', 'uni0037', 'uni0038', 'uni0039', 'uni0062', 'uni006E', 'uni007B', 'uni007D', 'uni00A0']</msg>
<msg timestamp="20221025 15:33:31.195" level="INFO">Glyph IDs:   [0, 1, 2, 3, 544, 727, 1256, 1257, 1258, 1260, 1261, 1262, 1264, 1265, 1266, 1267, 1307, 1308]</msg>
<msg timestamp="20221025 15:33:31.195" level="INFO">Closed glyph list over 'glyf': 18 glyphs after</msg>
<msg timestamp="20221025 15:33:31.195" level="INFO">Glyph names: ['.notdef', '.null', 'uni0020', 'uni0030', 'uni0031', 'uni0032', 'uni0033', 'uni0034', 'uni0035', 'uni0036', 'uni0037', 'uni0038', 'uni0039', 'uni0062', 'uni006E', 'uni007B', 'uni007D', 'uni00A0']</msg>
<msg timestamp="20221025 15:33:31.195" level="INFO">Glyph IDs:   [0, 1, 2, 3, 544, 727, 1256, 1257, 1258, 1260, 1261, 1262, 1264, 1265, 1266, 1267, 1307, 1308]</msg>
<msg timestamp="20221025 15:33:31.195" level="INFO">Retaining 18 glyphs</msg>
<msg timestamp="20221025 15:33:31.195" level="INFO">head subsetting not needed</msg>
<msg timestamp="20221025 15:33:31.195" level="INFO">hhea subsetting not needed</msg>
<msg timestamp="20221025 15:33:31.195" level="INFO">maxp subsetting not needed</msg>
<msg timestamp="20221025 15:33:31.195" level="INFO">OS/2 subsetting not needed</msg>
<msg timestamp="20221025 15:33:31.195" level="INFO">hmtx subsetted</msg>
<msg timestamp="20221025 15:33:31.203" level="INFO">cmap subsetted</msg>
<msg timestamp="20221025 15:33:31.203" level="INFO">loca subsetting not needed</msg>
<msg timestamp="20221025 15:33:31.203" level="INFO">post subsetted</msg>
<msg timestamp="20221025 15:33:31.203" level="INFO">name subsetting not needed</msg>
<msg timestamp="20221025 15:33:31.203" level="INFO">glyf subsetted</msg>
<msg timestamp="20221025 15:33:31.203" level="INFO">head pruned</msg>
<msg timestamp="20221025 15:33:31.203" level="INFO">OS/2 Unicode ranges pruned: [0]</msg>
<msg timestamp="20221025 15:33:31.203" level="INFO">glyf pruned</msg>
<msg timestamp="20221025 15:33:31.227" level="INFO">maxp pruned</msg>
<msg timestamp="20221025 15:33:31.227" level="INFO">cmap pruned</msg>
<msg timestamp="20221025 15:33:31.227" level="INFO">post pruned</msg>
<msg timestamp="20221025 15:33:31.227" level="INFO">GDEF dropped</msg>
<msg timestamp="20221025 15:33:31.227" level="INFO">GPOS dropped</msg>
<msg timestamp="20221025 15:33:31.227" level="INFO">GSUB dropped</msg>
<msg timestamp="20221025 15:33:31.227" level="INFO">name pruned</msg>
<msg timestamp="20221025 15:33:31.235" level="INFO">glyf pruned</msg>
<msg timestamp="20221025 15:33:31.235" level="INFO">Added gid0 to subset</msg>
<msg timestamp="20221025 15:33:31.235" level="INFO">Added first four glyphs to subset</msg>
<msg timestamp="20221025 15:33:31.235" level="INFO">Closing glyph list over 'glyf': 18 glyphs before</msg>
<msg timestamp="20221025 15:33:31.235" level="INFO">Glyph names: ['.notdef', '.null', 'uni0020', 'uni0030', 'uni0031', 'uni0032', 'uni0033', 'uni0034', 'uni0035', 'uni0036', 'uni0037', 'uni0038', 'uni0039', 'uni0062', 'uni006E', 'uni007B', 'uni007D', 'uni00A0']</msg>
<msg timestamp="20221025 15:33:31.235" level="INFO">Glyph IDs:   [0, 1, 2, 3, 544, 727, 1256, 1257, 1258, 1260, 1261, 1262, 1264, 1265, 1266, 1267, 1307, 1308]</msg>
<msg timestamp="20221025 15:33:31.235" level="INFO">Closed glyph list over 'glyf': 18 glyphs after</msg>
<msg timestamp="20221025 15:33:31.235" level="INFO">Glyph names: ['.notdef', '.null', 'uni0020', 'uni0030', 'uni0031', 'uni0032', 'uni0033', 'uni0034', 'uni0035', 'uni0036', 'uni0037', 'uni0038', 'uni0039', 'uni0062', 'uni006E', 'uni007B', 'uni007D', 'uni00A0']</msg>
<msg timestamp="20221025 15:33:31.235" level="INFO">Glyph IDs:   [0, 1, 2, 3, 544, 727, 1256, 1257, 1258, 1260, 1261, 1262, 1264, 1265, 1266, 1267, 1307, 1308]</msg>
<msg timestamp="20221025 15:33:31.235" level="INFO">Retaining 18 glyphs</msg>
<msg timestamp="20221025 15:33:31.235" level="INFO">head subsetting not needed</msg>
<msg timestamp="20221025 15:33:31.243" level="INFO">hhea subsetting not needed</msg>
<msg timestamp="20221025 15:33:31.243" level="INFO">maxp subsetting not needed</msg>
<msg timestamp="20221025 15:33:31.243" level="INFO">OS/2 subsetting not needed</msg>
<msg timestamp="20221025 15:33:31.246" level="INFO">hmtx subsetted</msg>
<msg timestamp="20221025 15:33:31.246" level="INFO">cmap subsetted</msg>
<msg timestamp="20221025 15:33:31.246" level="INFO">loca subsetting not needed</msg>
<msg timestamp="20221025 15:33:31.246" level="INFO">post subsetted</msg>
<msg timestamp="20221025 15:33:31.246" level="INFO">name subsetting not needed</msg>
<msg timestamp="20221025 15:33:31.251" level="INFO">glyf subsetted</msg>
<msg timestamp="20221025 15:33:31.251" level="INFO">head pruned</msg>
<msg timestamp="20221025 15:33:31.251" level="INFO">OS/2 Unicode ranges pruned: [0]</msg>
<msg timestamp="20221025 15:33:31.251" level="INFO">glyf pruned</msg>
<status status="PASS" starttime="20221025 15:33:30.708" endtime="20221025 15:33:31.268"/>
</kw>
<kw name="Capture Element Screenshot" library="RPA.Browser.Selenium">
<arg>id:robot-preview-image</arg>
<arg>${OUTPUT_DIR}${/}output${/}screenshots${/}robot${order_details}[Order number].png</arg>
<doc>Captures a screenshot from the element identified by ``locator`` and embeds it into log file.</doc>
<msg timestamp="20221025 15:33:31.454" level="INFO" html="true">&lt;/td&gt;&lt;/tr&gt;&lt;tr&gt;&lt;td colspan="3"&gt;&lt;a href="output/screenshots/robot1.png"&gt;&lt;img src="output/screenshots/robot1.png" width="400px"&gt;&lt;/a&gt;</msg>
<status status="PASS" starttime="20221025 15:33:31.268" endtime="20221025 15:33:31.454"/>
</kw>
<kw name="Add Watermark Image To Pdf" library="RPA.PDF">
<arg>${OUTPUT_DIR}${/}output${/}screenshots${/}robot${order_details}[Order number].png</arg>
<arg>${OUTPUT_DIR}${/}output${/}receipts${/}receipt${order_details}[Order number].pdf</arg>
<arg>${OUTPUT_DIR}${/}output${/}receipts${/}receipt${order_details}[Order number].pdf</arg>
<doc>Add an image into an existing or new PDF.</doc>
<msg timestamp="20221025 15:33:31.701" level="INFO">UserWarning: mergePage is deprecated and will be removed in PyPDF2 2.0.0. Use merge_page instead. [_page.py:442]</msg>
<status status="PASS" starttime="20221025 15:33:31.454" endtime="20221025 15:33:31.702"/>
</kw>
<status status="PASS" starttime="20221025 15:33:30.651" endtime="20221025 15:33:31.704"/>
</kw>
<kw name="Wait Until Page Contains Element" library="RPA.Browser.Selenium">
<arg>id:order-another</arg>
<doc>Waits until the element ``locator`` appears on the current page.</doc>
<status status="PASS" starttime="20221025 15:33:31.704" endtime="20221025 15:33:31.713"/>
</kw>
<kw name="Click Button" library="RPA.Browser.Selenium">
<arg>id:order-another</arg>
<doc>Clicks the button identified by ``locator``.</doc>
<msg timestamp="20221025 15:33:31.713" level="INFO">Clicking button 'id:order-another'.</msg>
<status status="PASS" starttime="20221025 15:33:31.713" endtime="20221025 15:33:32.014"/>
</kw>
<kw name="Close the pop-up">
<kw name="Click Button When Visible" library="RPA.Browser.Selenium">
<arg>//button[@class="btn btn-dark"]</arg>
<doc>Click button identified by ``locator``, once it becomes visible.</doc>
<msg timestamp="20221025 15:33:32.051" level="INFO">Clicking button '//button[@class="btn btn-dark"]'.</msg>
<status status="PASS" starttime="20221025 15:33:32.021" endtime="20221025 15:33:32.143"/>
</kw>
<status status="PASS" starttime="20221025 15:33:32.021" endtime="20221025 15:33:32.143"/>
</kw>
<status status="PASS" starttime="20221025 15:33:29.607" endtime="20221025 15:33:32.143"/>
</kw>
<status status="PASS" starttime="20221025 15:33:29.607" endtime="20221025 15:33:32.143"/>
</iter>
<iter>
<var name="${order}">{'Order number': '2', 'Head': '4', 'Body': '1', 'Legs': '5', 'Address': 'Address 456'}</var>
<kw name="Make one order at a time">
<arg>${order}</arg>
<kw name="Select From List By Value" library="RPA.Browser.Selenium">
<arg>head</arg>
<arg>${order_details}[Head]</arg>
<doc>Selects options from selection list ``locator`` by ``values``.</doc>
<msg timestamp="20221025 15:33:32.147" level="INFO">Selecting options from selection list 'head' by value 4.</msg>
<status status="PASS" starttime="20221025 15:33:32.147" endtime="20221025 15:33:32.296"/>
</kw>
<kw name="Select Radio Button" library="RPA.Browser.Selenium">
<arg>body</arg>
<arg>${order_details}[Body]</arg>
<doc>Sets the radio button group ``group_name`` to ``value``.</doc>
<msg timestamp="20221025 15:33:32.296" level="INFO">Selecting '1' from radio button 'body'.</msg>
<status status="PASS" starttime="20221025 15:33:32.296" endtime="20221025 15:33:32.408"/>
</kw>
<kw name="Input Text" library="RPA.Browser.Selenium">
<arg>//input[@placeholder="Enter the part number for the legs"]</arg>
<arg>${order_details}[Legs]</arg>
<doc>Types the given ``text`` into the text field identified by ``locator``.</doc>
<msg timestamp="20221025 15:33:32.408" level="INFO">Typing text '5' into text field '//input[@placeholder="Enter the part number for the legs"]'.</msg>
<status status="PASS" starttime="20221025 15:33:32.408" endtime="20221025 15:33:32.520"/>
</kw>
<kw name="Input Text" library="RPA.Browser.Selenium">
<arg>address</arg>
<arg>${order_details}[Address]</arg>
<doc>Types the given ``text`` into the text field identified by ``locator``.</doc>
<msg timestamp="20221025 15:33:32.520" level="INFO">Typing text 'Address 456' into text field 'address'.</msg>
<status status="PASS" starttime="20221025 15:33:32.520" endtime="20221025 15:33:32.715"/>
</kw>
<kw name="Click Button" library="RPA.Browser.Selenium">
<arg>id:preview</arg>
<doc>Clicks the button identified by ``locator``.</doc>
<msg timestamp="20221025 15:33:32.724" level="INFO">Clicking button 'id:preview'.</msg>
<status status="PASS" starttime="20221025 15:33:32.724" endtime="20221025 15:33:32.854"/>
</kw>
<kw name="Wait Until Page Contains Element" library="RPA.Browser.Selenium">
<arg>id:robot-preview-image</arg>
<doc>Waits until the element ``locator`` appears on the current page.</doc>
<status status="PASS" starttime="20221025 15:33:32.854" endtime="20221025 15:33:32.871"/>
</kw>
<kw name="Click Button" library="RPA.Browser.Selenium">
<arg>id:order</arg>
<doc>Clicks the button identified by ``locator``.</doc>
<msg timestamp="20221025 15:33:32.871" level="INFO">Clicking button 'id:order'.</msg>
<status status="PASS" starttime="20221025 15:33:32.871" endtime="20221025 15:33:33.010"/>
</kw>
<kw name="Check order status">
<for flavor="IN RANGE">
<var>${i}</var>
<value>100</value>
<iter>
<var name="${i}">0</var>
<kw name="Is Element Visible" library="RPA.Browser.Selenium">
<var>${order_status}</var>
<arg>//div[@class="alert alert-danger"]</arg>
<doc>Is element visible</doc>
<msg timestamp="20221025 15:33:33.034" level="INFO" html="true">Ran with keyword &lt;b&gt;Element Should Be Visible&lt;/b&gt; which returned error: &lt;i&gt;Element with locator '//div[@class="alert alert-danger"]' not found.&lt;/i&gt;</msg>
<msg timestamp="20221025 15:33:33.034" level="INFO">${order_status} = False</msg>
<status status="PASS" starttime="20221025 15:33:33.015" endtime="20221025 15:33:33.034"/>
</kw>
<if>
<branch type="IF" condition="'${order_status}'=='True'">
<kw name="Click Button" library="RPA.Browser.Selenium">
<arg>//button[@id="order"]</arg>
<doc>Clicks the button identified by ``locator``.</doc>
<status status="NOT RUN" starttime="20221025 15:33:33.034" endtime="20221025 15:33:33.034"/>
</kw>
<status status="NOT RUN" starttime="20221025 15:33:33.034" endtime="20221025 15:33:33.034"/>
</branch>
<status status="PASS" starttime="20221025 15:33:33.034" endtime="20221025 15:33:33.034"/>
</if>
<if>
<branch type="IF" condition="'${order_status}'=='False'">
<break>
<status status="PASS" starttime="20221025 15:33:33.034" endtime="20221025 15:33:33.034"/>
</break>
<status status="PASS" starttime="20221025 15:33:33.034" endtime="20221025 15:33:33.034"/>
</branch>
<status status="PASS" starttime="20221025 15:33:33.034" endtime="20221025 15:33:33.034"/>
</if>
<status status="PASS" starttime="20221025 15:33:33.015" endtime="20221025 15:33:33.034"/>
</iter>
<status status="PASS" starttime="20221025 15:33:33.010" endtime="20221025 15:33:33.034"/>
</for>
<status status="PASS" starttime="20221025 15:33:33.010" endtime="20221025 15:33:33.042"/>
</kw>
<kw name="Create receipt for the order">
<arg>${order_details}</arg>
<kw name="Get Element Attribute" library="RPA.Browser.Selenium">
<var>${order_receipt}</var>
<arg>id:receipt</arg>
<arg>outerHTML</arg>
<doc>Returns the value of ``attribute`` from the element ``locator``.</doc>
<msg timestamp="20221025 15:33:33.083" level="INFO">${order_receipt} = &lt;div id="receipt" class="alert alert-success" role="alert"&gt;&lt;h3&gt;Receipt&lt;/h3&gt;&lt;div&gt;2022-10-25T10:03:32.995Z&lt;/div&gt;&lt;p class="badge badge-success"&gt;RSB-ROBO-ORDER-UUU9V8UOCK&lt;/p&gt;&lt;p&gt;Address 456&lt;/p&gt;&lt;div id="par...</msg>
<status status="PASS" starttime="20221025 15:33:33.042" endtime="20221025 15:33:33.083"/>
</kw>
<kw name="Html To Pdf" library="RPA.PDF">
<arg>${order_receipt}</arg>
<arg>${OUTPUT_DIR}${/}output${/}receipts${/}receipt${order_details}[Order number].pdf</arg>
<doc>Generate a PDF file from HTML content.</doc>
<msg timestamp="20221025 15:33:33.083" level="INFO">Writing output to file C:\Users\smart\OneDrive\Desktop\RPA\Order-Robot\output\receipts\receipt2.pdf</msg>
<msg timestamp="20221025 15:33:33.495" level="INFO">maxp pruned</msg>
<msg timestamp="20221025 15:33:33.495" level="INFO">cmap pruned</msg>
<msg timestamp="20221025 15:33:33.495" level="INFO">post pruned</msg>
<msg timestamp="20221025 15:33:33.495" level="INFO">GDEF dropped</msg>
<msg timestamp="20221025 15:33:33.495" level="INFO">GPOS dropped</msg>
<msg timestamp="20221025 15:33:33.495" level="INFO">GSUB dropped</msg>
<msg timestamp="20221025 15:33:33.503" level="INFO">name pruned</msg>
<msg timestamp="20221025 15:33:33.511" level="INFO">glyf pruned</msg>
<msg timestamp="20221025 15:33:33.519" level="INFO">Added gid0 to subset</msg>
<msg timestamp="20221025 15:33:33.519" level="INFO">Added first four glyphs to subset</msg>
<msg timestamp="20221025 15:33:33.519" level="INFO">Closing glyph list over 'glyf': 59 glyphs before</msg>
<msg timestamp="20221025 15:33:33.519" level="INFO">Glyph names: ['.notdef', '.null', 'uni0020', 'uni0021', 'uni002D', 'uni002E', 'uni0030', 'uni0031', 'uni0032', 'uni0033', 'uni0034', 'uni0035', 'uni0036', 'uni0037', 'uni0038', 'uni0039', 'uni003A', 'uni0041', 'uni0042', 'uni0043', 'uni0044', 'uni0045', 'uni0048', 'uni004B', 'uni004C', 'uni004F', 'uni0052', 'uni0053', 'uni0054', 'uni0055', 'uni0056', 'uni0057', 'uni0059', 'uni005A', 'uni0061', 'uni0062', 'uni0063', 'uni0064', 'uni0065', 'uni0066', 'uni0067', 'uni0068', 'uni0069', 'uni006B', 'uni006C', 'uni006D', 'uni006E', 'uni006F', 'uni0070', 'uni0072', 'uni0073', 'uni0074', 'uni0075', 'uni0076', 'uni0077', 'uni0079', 'uni007B', 'uni007D', 'uni00C4']</msg>
<msg timestamp="20221025 15:33:33.519" level="INFO">Glyph IDs:   [0, 1, 2, 3, 65, 73, 84, 95, 161, 270, 280, 320, 382, 395, 409, 421, 453, 456, 469, 493, 504, 575, 582, 594, 612, 645, 650, 660, 679, 715, 723, 752, 759, 775, 827, 837, 867, 884, 899, 932, 936, 950, 1294, 1295, 1296, 1298, 1299, 1300, 1302, 1303, 1304, 1305, 1329, 1345, 1346, 1361, 1404, 1407, 1681]</msg>
<msg timestamp="20221025 15:33:33.519" level="INFO">Closed glyph list over 'glyf': 59 glyphs after</msg>
<msg timestamp="20221025 15:33:33.519" level="INFO">Glyph names: ['.notdef', '.null', 'uni0020', 'uni0021', 'uni002D', 'uni002E', 'uni0030', 'uni0031', 'uni0032', 'uni0033', 'uni0034', 'uni0035', 'uni0036', 'uni0037', 'uni0038', 'uni0039', 'uni003A', 'uni0041', 'uni0042', 'uni0043', 'uni0044', 'uni0045', 'uni0048', 'uni004B', 'uni004C', 'uni004F', 'uni0052', 'uni0053', 'uni0054', 'uni0055', 'uni0056', 'uni0057', 'uni0059', 'uni005A', 'uni0061', 'uni0062', 'uni0063', 'uni0064', 'uni0065', 'uni0066', 'uni0067', 'uni0068', 'uni0069', 'uni006B', 'uni006C', 'uni006D', 'uni006E', 'uni006F', 'uni0070', 'uni0072', 'uni0073', 'uni0074', 'uni0075', 'uni0076', 'uni0077', 'uni0079', 'uni007B', 'uni007D', 'uni00C4']</msg>
<msg timestamp="20221025 15:33:33.527" level="INFO">Glyph IDs:   [0, 1, 2, 3, 65, 73, 84, 95, 161, 270, 280, 320, 382, 395, 409, 421, 453, 456, 469, 493, 504, 575, 582, 594, 612, 645, 650, 660, 679, 715, 723, 752, 759, 775, 827, 837, 867, 884, 899, 932, 936, 950, 1294, 1295, 1296, 1298, 1299, 1300, 1302, 1303, 1304, 1305, 1329, 1345, 1346, 1361, 1404, 1407, 1681]</msg>
<msg timestamp="20221025 15:33:33.527" level="INFO">Retaining 59 glyphs</msg>
<msg timestamp="20221025 15:33:33.527" level="INFO">head subsetting not needed</msg>
<msg timestamp="20221025 15:33:33.527" level="INFO">hhea subsetting not needed</msg>
<msg timestamp="20221025 15:33:33.527" level="INFO">maxp subsetting not needed</msg>
<msg timestamp="20221025 15:33:33.527" level="INFO">OS/2 subsetting not needed</msg>
<msg timestamp="20221025 15:33:33.534" level="INFO">hmtx subsetted</msg>
<msg timestamp="20221025 15:33:33.543" level="INFO">cmap subsetted</msg>
<msg timestamp="20221025 15:33:33.543" level="INFO">prep subsetting not needed</msg>
<msg timestamp="20221025 15:33:33.543" level="INFO">loca subsetting not needed</msg>
<msg timestamp="20221025 15:33:33.543" level="INFO">post subsetted</msg>
<msg timestamp="20221025 15:33:33.549" level="INFO">gasp subsetting not needed</msg>
<msg timestamp="20221025 15:33:33.549" level="INFO">STAT subsetting not needed</msg>
<msg timestamp="20221025 15:33:33.549" level="INFO">name subsetting not needed</msg>
<msg timestamp="20221025 15:33:33.551" level="INFO">glyf subsetted</msg>
<msg timestamp="20221025 15:33:33.551" level="INFO">head pruned</msg>
<msg timestamp="20221025 15:33:33.551" level="INFO">OS/2 Unicode ranges pruned: [0]</msg>
<msg timestamp="20221025 15:33:33.559" level="INFO">glyf pruned</msg>
<msg timestamp="20221025 15:33:33.681" level="INFO">maxp pruned</msg>
<msg timestamp="20221025 15:33:33.681" level="INFO">cmap pruned</msg>
<msg timestamp="20221025 15:33:33.681" level="INFO">post pruned</msg>
<msg timestamp="20221025 15:33:33.681" level="INFO">GDEF dropped</msg>
<msg timestamp="20221025 15:33:33.681" level="INFO">GPOS dropped</msg>
<msg timestamp="20221025 15:33:33.681" level="INFO">GSUB dropped</msg>
<msg timestamp="20221025 15:33:33.689" level="INFO">name pruned</msg>
<msg timestamp="20221025 15:33:33.697" level="INFO">glyf pruned</msg>
<msg timestamp="20221025 15:33:33.697" level="INFO">Added gid0 to subset</msg>
<msg timestamp="20221025 15:33:33.697" level="INFO">Added first four glyphs to subset</msg>
<msg timestamp="20221025 15:33:33.705" level="INFO">Closing glyph list over 'glyf': 19 glyphs before</msg>
<msg timestamp="20221025 15:33:33.705" level="INFO">Glyph names: ['.notdef', '.null', 'uni0020', 'uni0030', 'uni0031', 'uni0032', 'uni0033', 'uni0034', 'uni0035', 'uni0036', 'uni0037', 'uni0038', 'uni0039', 'uni0041', 'uni0062', 'uni006E', 'uni007B', 'uni007D', 'uni00C4']</msg>
<msg timestamp="20221025 15:33:33.705" level="INFO">Glyph IDs:   [0, 1, 2, 3, 575, 759, 1294, 1295, 1296, 1298, 1299, 1300, 1302, 1303, 1304, 1305, 1345, 1346, 1681]</msg>
<msg timestamp="20221025 15:33:33.705" level="INFO">Closed glyph list over 'glyf': 19 glyphs after</msg>
<msg timestamp="20221025 15:33:33.705" level="INFO">Glyph names: ['.notdef', '.null', 'uni0020', 'uni0030', 'uni0031', 'uni0032', 'uni0033', 'uni0034', 'uni0035', 'uni0036', 'uni0037', 'uni0038', 'uni0039', 'uni0041', 'uni0062', 'uni006E', 'uni007B', 'uni007D', 'uni00C4']</msg>
<msg timestamp="20221025 15:33:33.705" level="INFO">Glyph IDs:   [0, 1, 2, 3, 575, 759, 1294, 1295, 1296, 1298, 1299, 1300, 1302, 1303, 1304, 1305, 1345, 1346, 1681]</msg>
<msg timestamp="20221025 15:33:33.705" level="INFO">Retaining 19 glyphs</msg>
<msg timestamp="20221025 15:33:33.713" level="INFO">head subsetting not needed</msg>
<msg timestamp="20221025 15:33:33.713" level="INFO">hhea subsetting not needed</msg>
<msg timestamp="20221025 15:33:33.713" level="INFO">maxp subsetting not needed</msg>
<msg timestamp="20221025 15:33:33.713" level="INFO">OS/2 subsetting not needed</msg>
<msg timestamp="20221025 15:33:33.721" level="INFO">hmtx subsetted</msg>
<msg timestamp="20221025 15:33:33.721" level="INFO">cmap subsetted</msg>
<msg timestamp="20221025 15:33:33.729" level="INFO">prep subsetting not needed</msg>
<msg timestamp="20221025 15:33:33.729" level="INFO">loca subsetting not needed</msg>
<msg timestamp="20221025 15:33:33.729" level="INFO">post subsetted</msg>
<msg timestamp="20221025 15:33:33.729" level="INFO">gasp subsetting not needed</msg>
<msg timestamp="20221025 15:33:33.729" level="INFO">STAT subsetting not needed</msg>
<msg timestamp="20221025 15:33:33.729" level="INFO">name subsetting not needed</msg>
<msg timestamp="20221025 15:33:33.729" level="INFO">glyf subsetted</msg>
<msg timestamp="20221025 15:33:33.737" level="INFO">head pruned</msg>
<msg timestamp="20221025 15:33:33.737" level="INFO">OS/2 Unicode ranges pruned: [0]</msg>
<msg timestamp="20221025 15:33:33.737" level="INFO">glyf pruned</msg>
<msg timestamp="20221025 15:33:33.811" level="INFO">maxp pruned</msg>
<msg timestamp="20221025 15:33:33.811" level="INFO">cmap pruned</msg>
<msg timestamp="20221025 15:33:33.811" level="INFO">post pruned</msg>
<msg timestamp="20221025 15:33:33.811" level="INFO">GDEF dropped</msg>
<msg timestamp="20221025 15:33:33.811" level="INFO">GPOS dropped</msg>
<msg timestamp="20221025 15:33:33.811" level="INFO">GSUB dropped</msg>
<msg timestamp="20221025 15:33:33.811" level="INFO">name pruned</msg>
<msg timestamp="20221025 15:33:33.827" level="INFO">glyf pruned</msg>
<msg timestamp="20221025 15:33:33.835" level="INFO">Added gid0 to subset</msg>
<msg timestamp="20221025 15:33:33.835" level="INFO">Added first four glyphs to subset</msg>
<msg timestamp="20221025 15:33:33.835" level="INFO">Closing glyph list over 'glyf': 18 glyphs before</msg>
<msg timestamp="20221025 15:33:33.835" level="INFO">Glyph names: ['.notdef', '.null', 'uni0020', 'uni0030', 'uni0031', 'uni0032', 'uni0033', 'uni0034', 'uni0035', 'uni0036', 'uni0037', 'uni0038', 'uni0039', 'uni0062', 'uni006E', 'uni007B', 'uni007D', 'uni00A0']</msg>
<msg timestamp="20221025 15:33:33.835" level="INFO">Glyph IDs:   [0, 1, 2, 3, 544, 727, 1256, 1257, 1258, 1260, 1261, 1262, 1264, 1265, 1266, 1267, 1307, 1308]</msg>
<msg timestamp="20221025 15:33:33.843" level="INFO">Closed glyph list over 'glyf': 18 glyphs after</msg>
<msg timestamp="20221025 15:33:33.843" level="INFO">Glyph names: ['.notdef', '.null', 'uni0020', 'uni0030', 'uni0031', 'uni0032', 'uni0033', 'uni0034', 'uni0035', 'uni0036', 'uni0037', 'uni0038', 'uni0039', 'uni0062', 'uni006E', 'uni007B', 'uni007D', 'uni00A0']</msg>
<msg timestamp="20221025 15:33:33.843" level="INFO">Glyph IDs:   [0, 1, 2, 3, 544, 727, 1256, 1257, 1258, 1260, 1261, 1262, 1264, 1265, 1266, 1267, 1307, 1308]</msg>
<msg timestamp="20221025 15:33:33.843" level="INFO">Retaining 18 glyphs</msg>
<msg timestamp="20221025 15:33:33.843" level="INFO">head subsetting not needed</msg>
<msg timestamp="20221025 15:33:33.843" level="INFO">hhea subsetting not needed</msg>
<msg timestamp="20221025 15:33:33.843" level="INFO">maxp subsetting not needed</msg>
<msg timestamp="20221025 15:33:33.849" level="INFO">OS/2 subsetting not needed</msg>
<msg timestamp="20221025 15:33:33.851" level="INFO">hmtx subsetted</msg>
<msg timestamp="20221025 15:33:33.859" level="INFO">cmap subsetted</msg>
<msg timestamp="20221025 15:33:33.859" level="INFO">loca subsetting not needed</msg>
<msg timestamp="20221025 15:33:33.859" level="INFO">post subsetted</msg>
<msg timestamp="20221025 15:33:33.859" level="INFO">name subsetting not needed</msg>
<msg timestamp="20221025 15:33:33.859" level="INFO">glyf subsetted</msg>
<msg timestamp="20221025 15:33:33.859" level="INFO">head pruned</msg>
<msg timestamp="20221025 15:33:33.867" level="INFO">OS/2 Unicode ranges pruned: [0]</msg>
<msg timestamp="20221025 15:33:33.867" level="INFO">glyf pruned</msg>
<msg timestamp="20221025 15:33:33.925" level="INFO">maxp pruned</msg>
<msg timestamp="20221025 15:33:33.933" level="INFO">cmap pruned</msg>
<msg timestamp="20221025 15:33:33.933" level="INFO">post pruned</msg>
<msg timestamp="20221025 15:33:33.933" level="INFO">GDEF dropped</msg>
<msg timestamp="20221025 15:33:33.933" level="INFO">GPOS dropped</msg>
<msg timestamp="20221025 15:33:33.933" level="INFO">GSUB dropped</msg>
<msg timestamp="20221025 15:33:33.933" level="INFO">name pruned</msg>
<msg timestamp="20221025 15:33:33.949" level="INFO">glyf pruned</msg>
<msg timestamp="20221025 15:33:33.957" level="INFO">Added gid0 to subset</msg>
<msg timestamp="20221025 15:33:33.957" level="INFO">Added first four glyphs to subset</msg>
<msg timestamp="20221025 15:33:33.957" level="INFO">Closing glyph list over 'glyf': 18 glyphs before</msg>
<msg timestamp="20221025 15:33:33.957" level="INFO">Glyph names: ['.notdef', '.null', 'uni0020', 'uni0030', 'uni0031', 'uni0032', 'uni0033', 'uni0034', 'uni0035', 'uni0036', 'uni0037', 'uni0038', 'uni0039', 'uni0062', 'uni006E', 'uni007B', 'uni007D', 'uni00A0']</msg>
<msg timestamp="20221025 15:33:33.965" level="INFO">Glyph IDs:   [0, 1, 2, 3, 544, 727, 1256, 1257, 1258, 1260, 1261, 1262, 1264, 1265, 1266, 1267, 1307, 1308]</msg>
<msg timestamp="20221025 15:33:33.965" level="INFO">Closed glyph list over 'glyf': 18 glyphs after</msg>
<msg timestamp="20221025 15:33:33.965" level="INFO">Glyph names: ['.notdef', '.null', 'uni0020', 'uni0030', 'uni0031', 'uni0032', 'uni0033', 'uni0034', 'uni0035', 'uni0036', 'uni0037', 'uni0038', 'uni0039', 'uni0062', 'uni006E', 'uni007B', 'uni007D', 'uni00A0']</msg>
<msg timestamp="20221025 15:33:33.965" level="INFO">Glyph IDs:   [0, 1, 2, 3, 544, 727, 1256, 1257, 1258, 1260, 1261, 1262, 1264, 1265, 1266, 1267, 1307, 1308]</msg>
<msg timestamp="20221025 15:33:33.965" level="INFO">Retaining 18 glyphs</msg>
<msg timestamp="20221025 15:33:33.965" level="INFO">head subsetting not needed</msg>
<msg timestamp="20221025 15:33:33.965" level="INFO">hhea subsetting not needed</msg>
<msg timestamp="20221025 15:33:33.965" level="INFO">maxp subsetting not needed</msg>
<msg timestamp="20221025 15:33:33.965" level="INFO">OS/2 subsetting not needed</msg>
<msg timestamp="20221025 15:33:33.973" level="INFO">hmtx subsetted</msg>
<msg timestamp="20221025 15:33:33.981" level="INFO">cmap subsetted</msg>
<msg timestamp="20221025 15:33:33.981" level="INFO">loca subsetting not needed</msg>
<msg timestamp="20221025 15:33:33.981" level="INFO">post subsetted</msg>
<msg timestamp="20221025 15:33:33.981" level="INFO">name subsetting not needed</msg>
<msg timestamp="20221025 15:33:33.981" level="INFO">glyf subsetted</msg>
<msg timestamp="20221025 15:33:33.981" level="INFO">head pruned</msg>
<msg timestamp="20221025 15:33:33.989" level="INFO">OS/2 Unicode ranges pruned: [0]</msg>
<msg timestamp="20221025 15:33:33.989" level="INFO">glyf pruned</msg>
<status status="PASS" starttime="20221025 15:33:33.083" endtime="20221025 15:33:34.035"/>
</kw>
<kw name="Capture Element Screenshot" library="RPA.Browser.Selenium">
<arg>id:robot-preview-image</arg>
<arg>${OUTPUT_DIR}${/}output${/}screenshots${/}robot${order_details}[Order number].png</arg>
<doc>Captures a screenshot from the element identified by ``locator`` and embeds it into log file.</doc>
<msg timestamp="20221025 15:33:34.214" level="INFO" html="true">&lt;/td&gt;&lt;/tr&gt;&lt;tr&gt;&lt;td colspan="3"&gt;&lt;a href="output/screenshots/robot2.png"&gt;&lt;img src="output/screenshots/robot2.png" width="400px"&gt;&lt;/a&gt;</msg>
<status status="PASS" starttime="20221025 15:33:34.035" endtime="20221025 15:33:34.214"/>
</kw>
<kw name="Add Watermark Image To Pdf" library="RPA.PDF">
<arg>${OUTPUT_DIR}${/}output${/}screenshots${/}robot${order_details}[Order number].png</arg>
<arg>${OUTPUT_DIR}${/}output${/}receipts${/}receipt${order_details}[Order number].pdf</arg>
<arg>${OUTPUT_DIR}${/}output${/}receipts${/}receipt${order_details}[Order number].pdf</arg>
<doc>Add an image into an existing or new PDF.</doc>
<status status="PASS" starttime="20221025 15:33:34.216" endtime="20221025 15:33:34.387"/>
</kw>
<status status="PASS" starttime="20221025 15:33:33.042" endtime="20221025 15:33:34.396"/>
</kw>
<kw name="Wait Until Page Contains Element" library="RPA.Browser.Selenium">
<arg>id:order-another</arg>
<doc>Waits until the element ``locator`` appears on the current page.</doc>
<status status="PASS" starttime="20221025 15:33:34.397" endtime="20221025 15:33:34.421"/>
</kw>
<kw name="Click Button" library="RPA.Browser.Selenium">
<arg>id:order-another</arg>
<doc>Clicks the button identified by ``locator``.</doc>
<msg timestamp="20221025 15:33:34.421" level="INFO">Clicking button 'id:order-another'.</msg>
<status status="PASS" starttime="20221025 15:33:34.421" endtime="20221025 15:33:34.705"/>
</kw>
<kw name="Close the pop-up">
<kw name="Click Button When Visible" library="RPA.Browser.Selenium">
<arg>//button[@class="btn btn-dark"]</arg>
<doc>Click button identified by ``locator``, once it becomes visible.</doc>
<msg timestamp="20221025 15:33:34.742" level="INFO">Clicking button '//button[@class="btn btn-dark"]'.</msg>
<status status="PASS" starttime="20221025 15:33:34.705" endtime="20221025 15:33:34.902"/>
</kw>
<status status="PASS" starttime="20221025 15:33:34.705" endtime="20221025 15:33:34.902"/>
</kw>
<status status="PASS" starttime="20221025 15:33:32.143" endtime="20221025 15:33:34.904"/>
</kw>
<status status="PASS" starttime="20221025 15:33:32.143" endtime="20221025 15:33:34.904"/>
</iter>
<iter>
<var name="${order}">{'Order number': '3', 'Head': '6', 'Body': '2', 'Legs': '3', 'Address': 'Address 789'}</var>
<kw name="Make one order at a time">
<arg>${order}</arg>
<kw name="Select From List By Value" library="RPA.Browser.Selenium">
<arg>head</arg>
<arg>${order_details}[Head]</arg>
<doc>Selects options from selection list ``locator`` by ``values``.</doc>
<msg timestamp="20221025 15:33:34.905" level="INFO">Selecting options from selection list 'head' by value 6.</msg>
<status status="PASS" starttime="20221025 15:33:34.905" endtime="20221025 15:33:35.034"/>
</kw>
<kw name="Select Radio Button" library="RPA.Browser.Selenium">
<arg>body</arg>
<arg>${order_details}[Body]</arg>
<doc>Sets the radio button group ``group_name`` to ``value``.</doc>
<msg timestamp="20221025 15:33:35.035" level="INFO">Selecting '2' from radio button 'body'.</msg>
<status status="PASS" starttime="20221025 15:33:35.034" endtime="20221025 15:33:35.138"/>
</kw>
<kw name="Input Text" library="RPA.Browser.Selenium">
<arg>//input[@placeholder="Enter the part number for the legs"]</arg>
<arg>${order_details}[Legs]</arg>
<doc>Types the given ``text`` into the text field identified by ``locator``.</doc>
<msg timestamp="20221025 15:33:35.138" level="INFO">Typing text '3' into text field '//input[@placeholder="Enter the part number for the legs"]'.</msg>
<status status="PASS" starttime="20221025 15:33:35.138" endtime="20221025 15:33:35.268"/>
</kw>
<kw name="Input Text" library="RPA.Browser.Selenium">
<arg>address</arg>
<arg>${order_details}[Address]</arg>
<doc>Types the given ``text`` into the text field identified by ``locator``.</doc>
<msg timestamp="20221025 15:33:35.273" level="INFO">Typing text 'Address 789' into text field 'address'.</msg>
<status status="PASS" starttime="20221025 15:33:35.268" endtime="20221025 15:33:35.422"/>
</kw>
<kw name="Click Button" library="RPA.Browser.Selenium">
<arg>id:preview</arg>
<doc>Clicks the button identified by ``locator``.</doc>
<msg timestamp="20221025 15:33:35.425" level="INFO">Clicking button 'id:preview'.</msg>
<status status="PASS" starttime="20221025 15:33:35.422" endtime="20221025 15:33:35.519"/>
</kw>
<kw name="Wait Until Page Contains Element" library="RPA.Browser.Selenium">
<arg>id:robot-preview-image</arg>
<doc>Waits until the element ``locator`` appears on the current page.</doc>
<status status="PASS" starttime="20221025 15:33:35.527" endtime="20221025 15:33:35.535"/>
</kw>
<kw name="Click Button" library="RPA.Browser.Selenium">
<arg>id:order</arg>
<doc>Clicks the button identified by ``locator``.</doc>
<msg timestamp="20221025 15:33:35.535" level="INFO">Clicking button 'id:order'.</msg>
<status status="PASS" starttime="20221025 15:33:35.535" endtime="20221025 15:33:35.658"/>
</kw>
<kw name="Check order status">
<for flavor="IN RANGE">
<var>${i}</var>
<value>100</value>
<iter>
<var name="${i}">0</var>
<kw name="Is Element Visible" library="RPA.Browser.Selenium">
<var>${order_status}</var>
<arg>//div[@class="alert alert-danger"]</arg>
<doc>Is element visible</doc>
<msg timestamp="20221025 15:33:35.674" level="INFO" html="true">Ran with keyword &lt;b&gt;Element Should Be Visible&lt;/b&gt; which returned error: &lt;i&gt;Element with locator '//div[@class="alert alert-danger"]' not found.&lt;/i&gt;</msg>
<msg timestamp="20221025 15:33:35.674" level="INFO">${order_status} = False</msg>
<status status="PASS" starttime="20221025 15:33:35.664" endtime="20221025 15:33:35.674"/>
</kw>
<if>
<branch type="IF" condition="'${order_status}'=='True'">
<kw name="Click Button" library="RPA.Browser.Selenium">
<arg>//button[@id="order"]</arg>
<doc>Clicks the button identified by ``locator``.</doc>
<status status="NOT RUN" starttime="20221025 15:33:35.681" endtime="20221025 15:33:35.681"/>
</kw>
<status status="NOT RUN" starttime="20221025 15:33:35.674" endtime="20221025 15:33:35.683"/>
</branch>
<status status="PASS" starttime="20221025 15:33:35.674" endtime="20221025 15:33:35.683"/>
</if>
<if>
<branch type="IF" condition="'${order_status}'=='False'">
<break>
<status status="PASS" starttime="20221025 15:33:35.685" endtime="20221025 15:33:35.685"/>
</break>
<status status="PASS" starttime="20221025 15:33:35.683" endtime="20221025 15:33:35.685"/>
</branch>
<status status="PASS" starttime="20221025 15:33:35.683" endtime="20221025 15:33:35.685"/>
</if>
<status status="PASS" starttime="20221025 15:33:35.663" endtime="20221025 15:33:35.685"/>
</iter>
<status status="PASS" starttime="20221025 15:33:35.658" endtime="20221025 15:33:35.685"/>
</for>
<status status="PASS" starttime="20221025 15:33:35.658" endtime="20221025 15:33:35.688"/>
</kw>
<kw name="Create receipt for the order">
<arg>${order_details}</arg>
<kw name="Get Element Attribute" library="RPA.Browser.Selenium">
<var>${order_receipt}</var>
<arg>id:receipt</arg>
<arg>outerHTML</arg>
<doc>Returns the value of ``attribute`` from the element ``locator``.</doc>
<msg timestamp="20221025 15:33:35.722" level="INFO">${order_receipt} = &lt;div id="receipt" class="alert alert-success" role="alert"&gt;&lt;h3&gt;Receipt&lt;/h3&gt;&lt;div&gt;2022-10-25T10:03:35.650Z&lt;/div&gt;&lt;p class="badge badge-success"&gt;RSB-ROBO-ORDER-7ETVWU90X5&lt;/p&gt;&lt;p&gt;Address 789&lt;/p&gt;&lt;div id="par...</msg>
<status status="PASS" starttime="20221025 15:33:35.690" endtime="20221025 15:33:35.722"/>
</kw>
<kw name="Html To Pdf" library="RPA.PDF">
<arg>${order_receipt}</arg>
<arg>${OUTPUT_DIR}${/}output${/}receipts${/}receipt${order_details}[Order number].pdf</arg>
<doc>Generate a PDF file from HTML content.</doc>
<msg timestamp="20221025 15:33:35.730" level="INFO">Writing output to file C:\Users\smart\OneDrive\Desktop\RPA\Order-Robot\output\receipts\receipt3.pdf</msg>
<msg timestamp="20221025 15:33:36.110" level="INFO">maxp pruned</msg>
<msg timestamp="20221025 15:33:36.113" level="INFO">cmap pruned</msg>
<msg timestamp="20221025 15:33:36.113" level="INFO">post pruned</msg>
<msg timestamp="20221025 15:33:36.116" level="INFO">GDEF dropped</msg>
<msg timestamp="20221025 15:33:36.117" level="INFO">GPOS dropped</msg>
<msg timestamp="20221025 15:33:36.117" level="INFO">GSUB dropped</msg>
<msg timestamp="20221025 15:33:36.117" level="INFO">name pruned</msg>
<msg timestamp="20221025 15:33:36.130" level="INFO">glyf pruned</msg>
<msg timestamp="20221025 15:33:36.138" level="INFO">Added gid0 to subset</msg>
<msg timestamp="20221025 15:33:36.138" level="INFO">Added first four glyphs to subset</msg>
<msg timestamp="20221025 15:33:36.138" level="INFO">Closing glyph list over 'glyf': 58 glyphs before</msg>
<msg timestamp="20221025 15:33:36.138" level="INFO">Glyph names: ['.notdef', '.null', 'uni0020', 'uni0021', 'uni002D', 'uni002E', 'uni0030', 'uni0031', 'uni0032', 'uni0033', 'uni0034', 'uni0035', 'uni0036', 'uni0037', 'uni0038', 'uni0039', 'uni003A', 'uni0041', 'uni0042', 'uni0044', 'uni0045', 'uni0048', 'uni004C', 'uni004F', 'uni0052', 'uni0053', 'uni0054', 'uni0055', 'uni0056', 'uni0057', 'uni0058', 'uni0059', 'uni005A', 'uni0061', 'uni0062', 'uni0063', 'uni0064', 'uni0065', 'uni0066', 'uni0067', 'uni0068', 'uni0069', 'uni006B', 'uni006C', 'uni006D', 'uni006E', 'uni006F', 'uni0070', 'uni0072', 'uni0073', 'uni0074', 'uni0075', 'uni0076', 'uni0077', 'uni0079', 'uni007B', 'uni007D', 'uni00C4']</msg>
<msg timestamp="20221025 15:33:36.138" level="INFO">Glyph IDs:   [0, 1, 2, 3, 65, 84, 95, 161, 280, 320, 382, 395, 409, 421, 453, 456, 463, 469, 493, 504, 575, 582, 594, 612, 645, 650, 660, 679, 715, 723, 752, 759, 775, 827, 837, 867, 884, 899, 932, 936, 950, 1294, 1295, 1296, 1298, 1299, 1300, 1302, 1303, 1304, 1305, 1329, 1345, 1346, 1361, 1404, 1407, 1681]</msg>
<msg timestamp="20221025 15:33:36.138" level="INFO">Closed glyph list over 'glyf': 58 glyphs after</msg>
<msg timestamp="20221025 15:33:36.138" level="INFO">Glyph names: ['.notdef', '.null', 'uni0020', 'uni0021', 'uni002D', 'uni002E', 'uni0030', 'uni0031', 'uni0032', 'uni0033', 'uni0034', 'uni0035', 'uni0036', 'uni0037', 'uni0038', 'uni0039', 'uni003A', 'uni0041', 'uni0042', 'uni0044', 'uni0045', 'uni0048', 'uni004C', 'uni004F', 'uni0052', 'uni0053', 'uni0054', 'uni0055', 'uni0056', 'uni0057', 'uni0058', 'uni0059', 'uni005A', 'uni0061', 'uni0062', 'uni0063', 'uni0064', 'uni0065', 'uni0066', 'uni0067', 'uni0068', 'uni0069', 'uni006B', 'uni006C', 'uni006D', 'uni006E', 'uni006F', 'uni0070', 'uni0072', 'uni0073', 'uni0074', 'uni0075', 'uni0076', 'uni0077', 'uni0079', 'uni007B', 'uni007D', 'uni00C4']</msg>
<msg timestamp="20221025 15:33:36.138" level="INFO">Glyph IDs:   [0, 1, 2, 3, 65, 84, 95, 161, 280, 320, 382, 395, 409, 421, 453, 456, 463, 469, 493, 504, 575, 582, 594, 612, 645, 650, 660, 679, 715, 723, 752, 759, 775, 827, 837, 867, 884, 899, 932, 936, 950, 1294, 1295, 1296, 1298, 1299, 1300, 1302, 1303, 1304, 1305, 1329, 1345, 1346, 1361, 1404, 1407, 1681]</msg>
<msg timestamp="20221025 15:33:36.146" level="INFO">Retaining 58 glyphs</msg>
<msg timestamp="20221025 15:33:36.146" level="INFO">head subsetting not needed</msg>
<msg timestamp="20221025 15:33:36.146" level="INFO">hhea subsetting not needed</msg>
<msg timestamp="20221025 15:33:36.146" level="INFO">maxp subsetting not needed</msg>
<msg timestamp="20221025 15:33:36.146" level="INFO">OS/2 subsetting not needed</msg>
<msg timestamp="20221025 15:33:36.154" level="INFO">hmtx subsetted</msg>
<msg timestamp="20221025 15:33:36.163" level="INFO">cmap subsetted</msg>
<msg timestamp="20221025 15:33:36.163" level="INFO">prep subsetting not needed</msg>
<msg timestamp="20221025 15:33:36.165" level="INFO">loca subsetting not needed</msg>
<msg timestamp="20221025 15:33:36.165" level="INFO">post subsetted</msg>
<msg timestamp="20221025 15:33:36.165" level="INFO">gasp subsetting not needed</msg>
<msg timestamp="20221025 15:33:36.165" level="INFO">STAT subsetting not needed</msg>
<msg timestamp="20221025 15:33:36.165" level="INFO">name subsetting not needed</msg>
<msg timestamp="20221025 15:33:36.170" level="INFO">glyf subsetted</msg>
<msg timestamp="20221025 15:33:36.170" level="INFO">head pruned</msg>
<msg timestamp="20221025 15:33:36.170" level="INFO">OS/2 Unicode ranges pruned: [0]</msg>
<msg timestamp="20221025 15:33:36.179" level="INFO">glyf pruned</msg>
<msg timestamp="20221025 15:33:36.301" level="INFO">maxp pruned</msg>
<msg timestamp="20221025 15:33:36.301" level="INFO">cmap pruned</msg>
<msg timestamp="20221025 15:33:36.301" level="INFO">post pruned</msg>
<msg timestamp="20221025 15:33:36.309" level="INFO">GDEF dropped</msg>
<msg timestamp="20221025 15:33:36.311" level="INFO">GPOS dropped</msg>
<msg timestamp="20221025 15:33:36.311" level="INFO">GSUB dropped</msg>
<msg timestamp="20221025 15:33:36.311" level="INFO">name pruned</msg>
<msg timestamp="20221025 15:33:36.327" level="INFO">glyf pruned</msg>
<msg timestamp="20221025 15:33:36.330" level="INFO">Added gid0 to subset</msg>
<msg timestamp="20221025 15:33:36.330" level="INFO">Added first four glyphs to subset</msg>
<msg timestamp="20221025 15:33:36.330" level="INFO">Closing glyph list over 'glyf': 19 glyphs before</msg>
<msg timestamp="20221025 15:33:36.330" level="INFO">Glyph names: ['.notdef', '.null', 'uni0020', 'uni0030', 'uni0031', 'uni0032', 'uni0033', 'uni0034', 'uni0035', 'uni0036', 'uni0037', 'uni0038', 'uni0039', 'uni0041', 'uni0062', 'uni006E', 'uni007B', 'uni007D', 'uni00C4']</msg>
<msg timestamp="20221025 15:33:36.334" level="INFO">Glyph IDs:   [0, 1, 2, 3, 575, 759, 1294, 1295, 1296, 1298, 1299, 1300, 1302, 1303, 1304, 1305, 1345, 1346, 1681]</msg>
<msg timestamp="20221025 15:33:36.334" level="INFO">Closed glyph list over 'glyf': 19 glyphs after</msg>
<msg timestamp="20221025 15:33:36.334" level="INFO">Glyph names: ['.notdef', '.null', 'uni0020', 'uni0030', 'uni0031', 'uni0032', 'uni0033', 'uni0034', 'uni0035', 'uni0036', 'uni0037', 'uni0038', 'uni0039', 'uni0041', 'uni0062', 'uni006E', 'uni007B', 'uni007D', 'uni00C4']</msg>
<msg timestamp="20221025 15:33:36.334" level="INFO">Glyph IDs:   [0, 1, 2, 3, 575, 759, 1294, 1295, 1296, 1298, 1299, 1300, 1302, 1303, 1304, 1305, 1345, 1346, 1681]</msg>
<msg timestamp="20221025 15:33:36.334" level="INFO">Retaining 19 glyphs</msg>
<msg timestamp="20221025 15:33:36.334" level="INFO">head subsetting not needed</msg>
<msg timestamp="20221025 15:33:36.334" level="INFO">hhea subsetting not needed</msg>
<msg timestamp="20221025 15:33:36.334" level="INFO">maxp subsetting not needed</msg>
<msg timestamp="20221025 15:33:36.342" level="INFO">OS/2 subsetting not needed</msg>
<msg timestamp="20221025 15:33:36.351" level="INFO">hmtx subsetted</msg>
<msg timestamp="20221025 15:33:36.359" level="INFO">cmap subsetted</msg>
<msg timestamp="20221025 15:33:36.359" level="INFO">prep subsetting not needed</msg>
<msg timestamp="20221025 15:33:36.359" level="INFO">loca subsetting not needed</msg>
<msg timestamp="20221025 15:33:36.359" level="INFO">post subsetted</msg>
<msg timestamp="20221025 15:33:36.365" level="INFO">gasp subsetting not needed</msg>
<msg timestamp="20221025 15:33:36.365" level="INFO">STAT subsetting not needed</msg>
<msg timestamp="20221025 15:33:36.368" level="INFO">name subsetting not needed</msg>
<msg timestamp="20221025 15:33:36.368" level="INFO">glyf subsetted</msg>
<msg timestamp="20221025 15:33:36.368" level="INFO">head pruned</msg>
<msg timestamp="20221025 15:33:36.368" level="INFO">OS/2 Unicode ranges pruned: [0]</msg>
<msg timestamp="20221025 15:33:36.376" level="INFO">glyf pruned</msg>
<msg timestamp="20221025 15:33:36.449" level="INFO">maxp pruned</msg>
<msg timestamp="20221025 15:33:36.453" level="INFO">cmap pruned</msg>
<msg timestamp="20221025 15:33:36.453" level="INFO">post pruned</msg>
<msg timestamp="20221025 15:33:36.453" level="INFO">GDEF dropped</msg>
<msg timestamp="20221025 15:33:36.453" level="INFO">GPOS dropped</msg>
<msg timestamp="20221025 15:33:36.457" level="INFO">GSUB dropped</msg>
<msg timestamp="20221025 15:33:36.457" level="INFO">name pruned</msg>
<msg timestamp="20221025 15:33:36.473" level="INFO">glyf pruned</msg>
<msg timestamp="20221025 15:33:36.481" level="INFO">Added gid0 to subset</msg>
<msg timestamp="20221025 15:33:36.481" level="INFO">Added first four glyphs to subset</msg>
<msg timestamp="20221025 15:33:36.481" level="INFO">Closing glyph list over 'glyf': 18 glyphs before</msg>
<msg timestamp="20221025 15:33:36.489" level="INFO">Glyph names: ['.notdef', '.null', 'uni0020', 'uni0030', 'uni0031', 'uni0032', 'uni0033', 'uni0034', 'uni0035', 'uni0036', 'uni0037', 'uni0038', 'uni0039', 'uni0062', 'uni006E', 'uni007B', 'uni007D', 'uni00A0']</msg>
<msg timestamp="20221025 15:33:36.489" level="INFO">Glyph IDs:   [0, 1, 2, 3, 544, 727, 1256, 1257, 1258, 1260, 1261, 1262, 1264, 1265, 1266, 1267, 1307, 1308]</msg>
<msg timestamp="20221025 15:33:36.489" level="INFO">Closed glyph list over 'glyf': 18 glyphs after</msg>
<msg timestamp="20221025 15:33:36.489" level="INFO">Glyph names: ['.notdef', '.null', 'uni0020', 'uni0030', 'uni0031', 'uni0032', 'uni0033', 'uni0034', 'uni0035', 'uni0036', 'uni0037', 'uni0038', 'uni0039', 'uni0062', 'uni006E', 'uni007B', 'uni007D', 'uni00A0']</msg>
<msg timestamp="20221025 15:33:36.489" level="INFO">Glyph IDs:   [0, 1, 2, 3, 544, 727, 1256, 1257, 1258, 1260, 1261, 1262, 1264, 1265, 1266, 1267, 1307, 1308]</msg>
<msg timestamp="20221025 15:33:36.489" level="INFO">Retaining 18 glyphs</msg>
<msg timestamp="20221025 15:33:36.496" level="INFO">head subsetting not needed</msg>
<msg timestamp="20221025 15:33:36.497" level="INFO">hhea subsetting not needed</msg>
<msg timestamp="20221025 15:33:36.497" level="INFO">maxp subsetting not needed</msg>
<msg timestamp="20221025 15:33:36.497" level="INFO">OS/2 subsetting not needed</msg>
<msg timestamp="20221025 15:33:36.505" level="INFO">hmtx subsetted</msg>
<msg timestamp="20221025 15:33:36.505" level="INFO">cmap subsetted</msg>
<msg timestamp="20221025 15:33:36.505" level="INFO">loca subsetting not needed</msg>
<msg timestamp="20221025 15:33:36.505" level="INFO">post subsetted</msg>
<msg timestamp="20221025 15:33:36.505" level="INFO">name subsetting not needed</msg>
<msg timestamp="20221025 15:33:36.513" level="INFO">glyf subsetted</msg>
<msg timestamp="20221025 15:33:36.513" level="INFO">head pruned</msg>
<msg timestamp="20221025 15:33:36.513" level="INFO">OS/2 Unicode ranges pruned: [0]</msg>
<msg timestamp="20221025 15:33:36.521" level="INFO">glyf pruned</msg>
<msg timestamp="20221025 15:33:36.590" level="INFO">maxp pruned</msg>
<msg timestamp="20221025 15:33:36.599" level="INFO">cmap pruned</msg>
<msg timestamp="20221025 15:33:36.599" level="INFO">post pruned</msg>
<msg timestamp="20221025 15:33:36.599" level="INFO">GDEF dropped</msg>
<msg timestamp="20221025 15:33:36.599" level="INFO">GPOS dropped</msg>
<msg timestamp="20221025 15:33:36.599" level="INFO">GSUB dropped</msg>
<msg timestamp="20221025 15:33:36.605" level="INFO">name pruned</msg>
<msg timestamp="20221025 15:33:36.616" level="INFO">glyf pruned</msg>
<msg timestamp="20221025 15:33:36.631" level="INFO">Added gid0 to subset</msg>
<msg timestamp="20221025 15:33:36.631" level="INFO">Added first four glyphs to subset</msg>
<msg timestamp="20221025 15:33:36.631" level="INFO">Closing glyph list over 'glyf': 18 glyphs before</msg>
<msg timestamp="20221025 15:33:36.631" level="INFO">Glyph names: ['.notdef', '.null', 'uni0020', 'uni0030', 'uni0031', 'uni0032', 'uni0033', 'uni0034', 'uni0035', 'uni0036', 'uni0037', 'uni0038', 'uni0039', 'uni0062', 'uni006E', 'uni007B', 'uni007D', 'uni00A0']</msg>
<msg timestamp="20221025 15:33:36.631" level="INFO">Glyph IDs:   [0, 1, 2, 3, 544, 727, 1256, 1257, 1258, 1260, 1261, 1262, 1264, 1265, 1266, 1267, 1307, 1308]</msg>
<msg timestamp="20221025 15:33:36.638" level="INFO">Closed glyph list over 'glyf': 18 glyphs after</msg>
<msg timestamp="20221025 15:33:36.638" level="INFO">Glyph names: ['.notdef', '.null', 'uni0020', 'uni0030', 'uni0031', 'uni0032', 'uni0033', 'uni0034', 'uni0035', 'uni0036', 'uni0037', 'uni0038', 'uni0039', 'uni0062', 'uni006E', 'uni007B', 'uni007D', 'uni00A0']</msg>
<msg timestamp="20221025 15:33:36.638" level="INFO">Glyph IDs:   [0, 1, 2, 3, 544, 727, 1256, 1257, 1258, 1260, 1261, 1262, 1264, 1265, 1266, 1267, 1307, 1308]</msg>
<msg timestamp="20221025 15:33:36.638" level="INFO">Retaining 18 glyphs</msg>
<msg timestamp="20221025 15:33:36.638" level="INFO">head subsetting not needed</msg>
<msg timestamp="20221025 15:33:36.638" level="INFO">hhea subsetting not needed</msg>
<msg timestamp="20221025 15:33:36.638" level="INFO">maxp subsetting not needed</msg>
<msg timestamp="20221025 15:33:36.638" level="INFO">OS/2 subsetting not needed</msg>
<msg timestamp="20221025 15:33:36.650" level="INFO">hmtx subsetted</msg>
<msg timestamp="20221025 15:33:36.656" level="INFO">cmap subsetted</msg>
<msg timestamp="20221025 15:33:36.656" level="INFO">loca subsetting not needed</msg>
<msg timestamp="20221025 15:33:36.656" level="INFO">post subsetted</msg>
<msg timestamp="20221025 15:33:36.656" level="INFO">name subsetting not needed</msg>
<msg timestamp="20221025 15:33:36.662" level="INFO">glyf subsetted</msg>
<msg timestamp="20221025 15:33:36.662" level="INFO">head pruned</msg>
<msg timestamp="20221025 15:33:36.662" level="INFO">OS/2 Unicode ranges pruned: [0]</msg>
<msg timestamp="20221025 15:33:36.662" level="INFO">glyf pruned</msg>
<status status="PASS" starttime="20221025 15:33:35.722" endtime="20221025 15:33:36.711"/>
</kw>
<kw name="Capture Element Screenshot" library="RPA.Browser.Selenium">
<arg>id:robot-preview-image</arg>
<arg>${OUTPUT_DIR}${/}output${/}screenshots${/}robot${order_details}[Order number].png</arg>
<doc>Captures a screenshot from the element identified by ``locator`` and embeds it into log file.</doc>
<msg timestamp="20221025 15:33:36.956" level="INFO" html="true">&lt;/td&gt;&lt;/tr&gt;&lt;tr&gt;&lt;td colspan="3"&gt;&lt;a href="output/screenshots/robot3.png"&gt;&lt;img src="output/screenshots/robot3.png" width="400px"&gt;&lt;/a&gt;</msg>
<status status="PASS" starttime="20221025 15:33:36.717" endtime="20221025 15:33:36.956"/>
</kw>
<kw name="Add Watermark Image To Pdf" library="RPA.PDF">
<arg>${OUTPUT_DIR}${/}output${/}screenshots${/}robot${order_details}[Order number].png</arg>
<arg>${OUTPUT_DIR}${/}output${/}receipts${/}receipt${order_details}[Order number].pdf</arg>
<arg>${OUTPUT_DIR}${/}output${/}receipts${/}receipt${order_details}[Order number].pdf</arg>
<doc>Add an image into an existing or new PDF.</doc>
<status status="PASS" starttime="20221025 15:33:36.957" endtime="20221025 15:33:37.171"/>
</kw>
<status status="PASS" starttime="20221025 15:33:35.688" endtime="20221025 15:33:37.173"/>
</kw>
<kw name="Wait Until Page Contains Element" library="RPA.Browser.Selenium">
<arg>id:order-another</arg>
<doc>Waits until the element ``locator`` appears on the current page.</doc>
<status status="PASS" starttime="20221025 15:33:37.173" endtime="20221025 15:33:37.194"/>
</kw>
<kw name="Click Button" library="RPA.Browser.Selenium">
<arg>id:order-another</arg>
<doc>Clicks the button identified by ``locator``.</doc>
<msg timestamp="20221025 15:33:37.199" level="INFO">Clicking button 'id:order-another'.</msg>
<status status="PASS" starttime="20221025 15:33:37.196" endtime="20221025 15:33:37.522"/>
</kw>
<kw name="Close the pop-up">
<kw name="Click Button When Visible" library="RPA.Browser.Selenium">
<arg>//button[@class="btn btn-dark"]</arg>
<doc>Click button identified by ``locator``, once it becomes visible.</doc>
<msg timestamp="20221025 15:33:37.568" level="INFO">Clicking button '//button[@class="btn btn-dark"]'.</msg>
<status status="PASS" starttime="20221025 15:33:37.522" endtime="20221025 15:33:37.724"/>
</kw>
<status status="PASS" starttime="20221025 15:33:37.522" endtime="20221025 15:33:37.724"/>
</kw>
<status status="PASS" starttime="20221025 15:33:34.905" endtime="20221025 15:33:37.726"/>
</kw>
<status status="PASS" starttime="20221025 15:33:34.904" endtime="20221025 15:33:37.726"/>
</iter>
<iter>
<var name="${order}">{'Order number': '4', 'Head': '2', 'Body': '3', 'Legs': '2', 'Address': 'Address 1'}</var>
<kw name="Make one order at a time">
<arg>${order}</arg>
<kw name="Select From List By Value" library="RPA.Browser.Selenium">
<arg>head</arg>
<arg>${order_details}[Head]</arg>
<doc>Selects options from selection list ``locator`` by ``values``.</doc>
<msg timestamp="20221025 15:33:37.733" level="INFO">Selecting options from selection list 'head' by value 2.</msg>
<status status="PASS" starttime="20221025 15:33:37.726" endtime="20221025 15:33:37.927"/>
</kw>
<kw name="Select Radio Button" library="RPA.Browser.Selenium">
<arg>body</arg>
<arg>${order_details}[Body]</arg>
<doc>Sets the radio button group ``group_name`` to ``value``.</doc>
<msg timestamp="20221025 15:33:37.933" level="INFO">Selecting '3' from radio button 'body'.</msg>
<status status="PASS" starttime="20221025 15:33:37.927" endtime="20221025 15:33:38.086"/>
</kw>
<kw name="Input Text" library="RPA.Browser.Selenium">
<arg>//input[@placeholder="Enter the part number for the legs"]</arg>
<arg>${order_details}[Legs]</arg>
<doc>Types the given ``text`` into the text field identified by ``locator``.</doc>
<msg timestamp="20221025 15:33:38.089" level="INFO">Typing text '2' into text field '//input[@placeholder="Enter the part number for the legs"]'.</msg>
<status status="PASS" starttime="20221025 15:33:38.087" endtime="20221025 15:33:38.286"/>
</kw>
<kw name="Input Text" library="RPA.Browser.Selenium">
<arg>address</arg>
<arg>${order_details}[Address]</arg>
<doc>Types the given ``text`` into the text field identified by ``locator``.</doc>
<msg timestamp="20221025 15:33:38.286" level="INFO">Typing text 'Address 1' into text field 'address'.</msg>
<status status="PASS" starttime="20221025 15:33:38.286" endtime="20221025 15:33:38.522"/>
</kw>
<kw name="Click Button" library="RPA.Browser.Selenium">
<arg>id:preview</arg>
<doc>Clicks the button identified by ``locator``.</doc>
<msg timestamp="20221025 15:33:38.522" level="INFO">Clicking button 'id:preview'.</msg>
<status status="PASS" starttime="20221025 15:33:38.522" endtime="20221025 15:33:38.674"/>
</kw>
<kw name="Wait Until Page Contains Element" library="RPA.Browser.Selenium">
<arg>id:robot-preview-image</arg>
<doc>Waits until the element ``locator`` appears on the current page.</doc>
<status status="PASS" starttime="20221025 15:33:38.674" endtime="20221025 15:33:38.697"/>
</kw>
<kw name="Click Button" library="RPA.Browser.Selenium">
<arg>id:order</arg>
<doc>Clicks the button identified by ``locator``.</doc>
<msg timestamp="20221025 15:33:38.700" level="INFO">Clicking button 'id:order'.</msg>
<status status="PASS" starttime="20221025 15:33:38.697" endtime="20221025 15:33:38.863"/>
</kw>
<kw name="Check order status">
<for flavor="IN RANGE">
<var>${i}</var>
<value>100</value>
<iter>
<var name="${i}">0</var>
<kw name="Is Element Visible" library="RPA.Browser.Selenium">
<var>${order_status}</var>
<arg>//div[@class="alert alert-danger"]</arg>
<doc>Is element visible</doc>
<msg timestamp="20221025 15:33:38.921" level="INFO">Element '//div[@class="alert alert-danger"]' is displayed.</msg>
<msg timestamp="20221025 15:33:38.921" level="INFO">${order_status} = True</msg>
<status status="PASS" starttime="20221025 15:33:38.868" endtime="20221025 15:33:38.921"/>
</kw>
<if>
<branch type="IF" condition="'${order_status}'=='True'">
<kw name="Click Button" library="RPA.Browser.Selenium">
<arg>//button[@id="order"]</arg>
<doc>Clicks the button identified by ``locator``.</doc>
<msg timestamp="20221025 15:33:38.923" level="INFO">Clicking button '//button[@id="order"]'.</msg>
<status status="PASS" starttime="20221025 15:33:38.923" endtime="20221025 15:33:39.053"/>
</kw>
<status status="PASS" starttime="20221025 15:33:38.923" endtime="20221025 15:33:39.054"/>
</branch>
<status status="PASS" starttime="20221025 15:33:38.921" endtime="20221025 15:33:39.054"/>
</if>
<if>
<branch type="IF" condition="'${order_status}'=='False'">
<break>
<status status="NOT RUN" starttime="20221025 15:33:39.055" endtime="20221025 15:33:39.055"/>
</break>
<status status="NOT RUN" starttime="20221025 15:33:39.055" endtime="20221025 15:33:39.055"/>
</branch>
<status status="PASS" starttime="20221025 15:33:39.054" endtime="20221025 15:33:39.055"/>
</if>
<status status="PASS" starttime="20221025 15:33:38.867" endtime="20221025 15:33:39.055"/>
</iter>
<iter>
<var name="${i}">1</var>
<kw name="Is Element Visible" library="RPA.Browser.Selenium">
<var>${order_status}</var>
<arg>//div[@class="alert alert-danger"]</arg>
<doc>Is element visible</doc>
<msg timestamp="20221025 15:33:39.078" level="INFO" html="true">Ran with keyword &lt;b&gt;Element Should Be Visible&lt;/b&gt; which returned error: &lt;i&gt;Element with locator '//div[@class="alert alert-danger"]' not found.&lt;/i&gt;</msg>
<msg timestamp="20221025 15:33:39.079" level="INFO">${order_status} = False</msg>
<status status="PASS" starttime="20221025 15:33:39.058" endtime="20221025 15:33:39.079"/>
</kw>
<if>
<branch type="IF" condition="'${order_status}'=='True'">
<kw name="Click Button" library="RPA.Browser.Selenium">
<arg>//button[@id="order"]</arg>
<doc>Clicks the button identified by ``locator``.</doc>
<status status="NOT RUN" starttime="20221025 15:33:39.079" endtime="20221025 15:33:39.083"/>
</kw>
<status status="NOT RUN" starttime="20221025 15:33:39.079" endtime="20221025 15:33:39.083"/>
</branch>
<status status="PASS" starttime="20221025 15:33:39.079" endtime="20221025 15:33:39.083"/>
</if>
<if>
<branch type="IF" condition="'${order_status}'=='False'">
<break>
<status status="PASS" starttime="20221025 15:33:39.085" endtime="20221025 15:33:39.085"/>
</break>
<status status="PASS" starttime="20221025 15:33:39.085" endtime="20221025 15:33:39.086"/>
</branch>
<status status="PASS" starttime="20221025 15:33:39.083" endtime="20221025 15:33:39.086"/>
</if>
<status status="PASS" starttime="20221025 15:33:39.058" endtime="20221025 15:33:39.086"/>
</iter>
<status status="PASS" starttime="20221025 15:33:38.866" endtime="20221025 15:33:39.086"/>
</for>
<status status="PASS" starttime="20221025 15:33:38.864" endtime="20221025 15:33:39.086"/>
</kw>
<kw name="Create receipt for the order">
<arg>${order_details}</arg>
<kw name="Get Element Attribute" library="RPA.Browser.Selenium">
<var>${order_receipt}</var>
<arg>id:receipt</arg>
<arg>outerHTML</arg>
<doc>Returns the value of ``attribute`` from the element ``locator``.</doc>
<msg timestamp="20221025 15:33:39.136" level="INFO">${order_receipt} = &lt;div id="receipt" class="alert alert-success" role="alert"&gt;&lt;h3&gt;Receipt&lt;/h3&gt;&lt;div&gt;2022-10-25T10:03:39.037Z&lt;/div&gt;&lt;p class="badge badge-success"&gt;RSB-ROBO-ORDER-WD7GID2A7N&lt;/p&gt;&lt;p&gt;Address 1&lt;/p&gt;&lt;div id="parts...</msg>
<status status="PASS" starttime="20221025 15:33:39.086" endtime="20221025 15:33:39.136"/>
</kw>
<kw name="Html To Pdf" library="RPA.PDF">
<arg>${order_receipt}</arg>
<arg>${OUTPUT_DIR}${/}output${/}receipts${/}receipt${order_details}[Order number].pdf</arg>
<doc>Generate a PDF file from HTML content.</doc>
<msg timestamp="20221025 15:33:39.142" level="INFO">Writing output to file C:\Users\smart\OneDrive\Desktop\RPA\Order-Robot\output\receipts\receipt4.pdf</msg>
<msg timestamp="20221025 15:33:39.519" level="INFO">maxp pruned</msg>
<msg timestamp="20221025 15:33:39.519" level="INFO">cmap pruned</msg>
<msg timestamp="20221025 15:33:39.519" level="INFO">post pruned</msg>
<msg timestamp="20221025 15:33:39.525" level="INFO">GDEF dropped</msg>
<msg timestamp="20221025 15:33:39.525" level="INFO">GPOS dropped</msg>
<msg timestamp="20221025 15:33:39.526" level="INFO">GSUB dropped</msg>
<msg timestamp="20221025 15:33:39.526" level="INFO">name pruned</msg>
<msg timestamp="20221025 15:33:39.546" level="INFO">glyf pruned</msg>
<msg timestamp="20221025 15:33:39.550" level="INFO">Added gid0 to subset</msg>
<msg timestamp="20221025 15:33:39.550" level="INFO">Added first four glyphs to subset</msg>
<msg timestamp="20221025 15:33:39.552" level="INFO">Closing glyph list over 'glyf': 58 glyphs before</msg>
<msg timestamp="20221025 15:33:39.552" level="INFO">Glyph names: ['.notdef', '.null', 'uni0020', 'uni0021', 'uni002D', 'uni002E', 'uni0030', 'uni0031', 'uni0032', 'uni0033', 'uni0034', 'uni0035', 'uni0036', 'uni0037', 'uni0038', 'uni0039', 'uni003A', 'uni0041', 'uni0042', 'uni0044', 'uni0045', 'uni0047', 'uni0048', 'uni0049', 'uni004C', 'uni004E', 'uni004F', 'uni0052', 'uni0053', 'uni0054', 'uni0057', 'uni0059', 'uni005A', 'uni0061', 'uni0062', 'uni0063', 'uni0064', 'uni0065', 'uni0066', 'uni0067', 'uni0068', 'uni0069', 'uni006B', 'uni006C', 'uni006D', 'uni006E', 'uni006F', 'uni0070', 'uni0072', 'uni0073', 'uni0074', 'uni0075', 'uni0076', 'uni0077', 'uni0079', 'uni007B', 'uni007D', 'uni00C4']</msg>
<msg timestamp="20221025 15:33:39.555" level="INFO">Glyph IDs:   [0, 1, 2, 3, 65, 84, 95, 141, 161, 197, 280, 299, 320, 382, 395, 409, 456, 469, 493, 504, 575, 582, 594, 612, 645, 650, 660, 679, 715, 723, 752, 759, 775, 827, 837, 867, 884, 899, 932, 936, 950, 1294, 1295, 1296, 1298, 1299, 1300, 1302, 1303, 1304, 1305, 1329, 1345, 1346, 1361, 1404, 1407, 1681]</msg>
<msg timestamp="20221025 15:33:39.555" level="INFO">Closed glyph list over 'glyf': 58 glyphs after</msg>
<msg timestamp="20221025 15:33:39.555" level="INFO">Glyph names: ['.notdef', '.null', 'uni0020', 'uni0021', 'uni002D', 'uni002E', 'uni0030', 'uni0031', 'uni0032', 'uni0033', 'uni0034', 'uni0035', 'uni0036', 'uni0037', 'uni0038', 'uni0039', 'uni003A', 'uni0041', 'uni0042', 'uni0044', 'uni0045', 'uni0047', 'uni0048', 'uni0049', 'uni004C', 'uni004E', 'uni004F', 'uni0052', 'uni0053', 'uni0054', 'uni0057', 'uni0059', 'uni005A', 'uni0061', 'uni0062', 'uni0063', 'uni0064', 'uni0065', 'uni0066', 'uni0067', 'uni0068', 'uni0069', 'uni006B', 'uni006C', 'uni006D', 'uni006E', 'uni006F', 'uni0070', 'uni0072', 'uni0073', 'uni0074', 'uni0075', 'uni0076', 'uni0077', 'uni0079', 'uni007B', 'uni007D', 'uni00C4']</msg>
<msg timestamp="20221025 15:33:39.555" level="INFO">Glyph IDs:   [0, 1, 2, 3, 65, 84, 95, 141, 161, 197, 280, 299, 320, 382, 395, 409, 456, 469, 493, 504, 575, 582, 594, 612, 645, 650, 660, 679, 715, 723, 752, 759, 775, 827, 837, 867, 884, 899, 932, 936, 950, 1294, 1295, 1296, 1298, 1299, 1300, 1302, 1303, 1304, 1305, 1329, 1345, 1346, 1361, 1404, 1407, 1681]</msg>
[...]
<status status="PASS" starttime="20221025 15:34:13.512" endtime="20221025 15:34:13.526"/>
</kw>
<if>
<branch type="IF" condition="'${order_status}'=='True'">
<kw name="Click Button" library="RPA.Browser.Selenium">
<arg>//button[@id="order"]</arg>
<doc>Clicks the button identified by ``locator``.</doc>
<status status="NOT RUN" starttime="20221025 15:34:13.526" endtime="20221025 15:34:13.526"/>
</kw>
<status status="NOT RUN" starttime="20221025 15:34:13.526" endtime="20221025 15:34:13.526"/>
</branch>
<status status="PASS" starttime="20221025 15:34:13.526" endtime="20221025 15:34:13.526"/>
</if>
<if>
<branch type="IF" condition="'${order_status}'=='False'">
<break>
<status status="PASS" starttime="20221025 15:34:13.526" endtime="20221025 15:34:13.526"/>
</break>
<status status="PASS" starttime="20221025 15:34:13.526" endtime="20221025 15:34:13.526"/>
</branch>
<status status="PASS" starttime="20221025 15:34:13.526" endtime="20221025 15:34:13.526"/>
</if>
<status status="PASS" starttime="20221025 15:34:13.512" endtime="20221025 15:34:13.526"/>
</iter>
<status status="PASS" starttime="20221025 15:34:13.512" endtime="20221025 15:34:13.526"/>
</for>
<status status="PASS" starttime="20221025 15:34:13.510" endtime="20221025 15:34:13.526"/>
</kw>
<kw name="Create receipt for the order">
<arg>${order_details}</arg>
<kw name="Get Element Attribute" library="RPA.Browser.Selenium">
<var>${order_receipt}</var>
<arg>id:receipt</arg>
<arg>outerHTML</arg>
<doc>Returns the value of ``attribute`` from the element ``locator``.</doc>
<msg timestamp="20221025 15:34:13.558" level="INFO">${order_receipt} = &lt;div id="receipt" class="alert alert-success" role="alert"&gt;&lt;h3&gt;Receipt&lt;/h3&gt;&lt;div&gt;2022-10-25T10:04:13.500Z&lt;/div&gt;&lt;p class="badge badge-success"&gt;RSB-ROBO-ORDER-AQYB2E90ME&lt;/p&gt;&lt;p&gt;Address H&lt;/p&gt;&lt;div id="parts...</msg>
<status status="PASS" starttime="20221025 15:34:13.534" endtime="20221025 15:34:13.558"/>
</kw>
<kw name="Html To Pdf" library="RPA.PDF">
<arg>${order_receipt}</arg>
<arg>${OUTPUT_DIR}${/}output${/}receipts${/}receipt${order_details}[Order number].pdf</arg>
<doc>Generate a PDF file from HTML content.</doc>
<msg timestamp="20221025 15:34:13.558" level="INFO">Writing output to file C:\Users\smart\OneDrive\Desktop\RPA\Order-Robot\output\receipts\receipt20.pdf</msg>
<msg timestamp="20221025 15:34:13.713" level="INFO">maxp pruned</msg>
<msg timestamp="20221025 15:34:13.713" level="INFO">cmap pruned</msg>
<msg timestamp="20221025 15:34:13.713" level="INFO">post pruned</msg>
<msg timestamp="20221025 15:34:13.713" level="INFO">GDEF dropped</msg>
<msg timestamp="20221025 15:34:13.713" level="INFO">GPOS dropped</msg>
<msg timestamp="20221025 15:34:13.713" level="INFO">GSUB dropped</msg>
<msg timestamp="20221025 15:34:13.713" level="INFO">name pruned</msg>
<msg timestamp="20221025 15:34:13.713" level="INFO">glyf pruned</msg>
<msg timestamp="20221025 15:34:13.713" level="INFO">Added gid0 to subset</msg>
<msg timestamp="20221025 15:34:13.713" level="INFO">Added first four glyphs to subset</msg>
<msg timestamp="20221025 15:34:13.713" level="INFO">Closing glyph list over 'glyf': 57 glyphs before</msg>
<msg timestamp="20221025 15:34:13.713" level="INFO">Glyph names: ['.notdef', '.null', 'uni0020', 'uni0021', 'uni002D', 'uni002E', 'uni0030', 'uni0031', 'uni0032', 'uni0033', 'uni0034', 'uni0035', 'uni0036', 'uni0037', 'uni0038', 'uni0039', 'uni003A', 'uni0041', 'uni0042', 'uni0044', 'uni0045', 'uni0048', 'uni004C', 'uni004D', 'uni004F', 'uni0051', 'uni0052', 'uni0053', 'uni0054', 'uni0057', 'uni0059', 'uni005A', 'uni0061', 'uni0062', 'uni0063', 'uni0064', 'uni0065', 'uni0066', 'uni0067', 'uni0068', 'uni0069', 'uni006B', 'uni006C', 'uni006D', 'uni006E', 'uni006F', 'uni0070', 'uni0072', 'uni0073', 'uni0074', 'uni0075', 'uni0076', 'uni0077', 'uni0079', 'uni007B', 'uni007D', 'uni00C4']</msg>
<msg timestamp="20221025 15:34:13.713" level="INFO">Glyph IDs:   [0, 1, 2, 3, 65, 84, 95, 161, 280, 291, 320, 381, 382, 395, 409, 456, 469, 493, 504, 575, 582, 594, 612, 645, 650, 660, 679, 715, 723, 752, 759, 775, 827, 837, 867, 884, 899, 932, 936, 950, 1294, 1295, 1296, 1298, 1299, 1300, 1302, 1303, 1304, 1305, 1329, 1345, 1346, 1361, 1404, 1407, 1681]</msg>
<msg timestamp="20221025 15:34:13.713" level="INFO">Closed glyph list over 'glyf': 57 glyphs after</msg>
<msg timestamp="20221025 15:34:13.713" level="INFO">Glyph names: ['.notdef', '.null', 'uni0020', 'uni0021', 'uni002D', 'uni002E', 'uni0030', 'uni0031', 'uni0032', 'uni0033', 'uni0034', 'uni0035', 'uni0036', 'uni0037', 'uni0038', 'uni0039', 'uni003A', 'uni0041', 'uni0042', 'uni0044', 'uni0045', 'uni0048', 'uni004C', 'uni004D', 'uni004F', 'uni0051', 'uni0052', 'uni0053', 'uni0054', 'uni0057', 'uni0059', 'uni005A', 'uni0061', 'uni0062', 'uni0063', 'uni0064', 'uni0065', 'uni0066', 'uni0067', 'uni0068', 'uni0069', 'uni006B', 'uni006C', 'uni006D', 'uni006E', 'uni006F', 'uni0070', 'uni0072', 'uni0073', 'uni0074', 'uni0075', 'uni0076', 'uni0077', 'uni0079', 'uni007B', 'uni007D', 'uni00C4']</msg>
<msg timestamp="20221025 15:34:13.713" level="INFO">Glyph IDs:   [0, 1, 2, 3, 65, 84, 95, 161, 280, 291, 320, 381, 382, 395, 409, 456, 469, 493, 504, 575, 582, 594, 612, 645, 650, 660, 679, 715, 723, 752, 759, 775, 827, 837, 867, 884, 899, 932, 936, 950, 1294, 1295, 1296, 1298, 1299, 1300, 1302, 1303, 1304, 1305, 1329, 1345, 1346, 1361, 1404, 1407, 1681]</msg>
<msg timestamp="20221025 15:34:13.721" level="INFO">Retaining 57 glyphs</msg>
<msg timestamp="20221025 15:34:13.721" level="INFO">head subsetting not needed</msg>
<msg timestamp="20221025 15:34:13.721" level="INFO">hhea subsetting not needed</msg>
<msg timestamp="20221025 15:34:13.721" level="INFO">maxp subsetting not needed</msg>
<msg timestamp="20221025 15:34:13.721" level="INFO">OS/2 subsetting not needed</msg>
<msg timestamp="20221025 15:34:13.721" level="INFO">hmtx subsetted</msg>
<msg timestamp="20221025 15:34:13.721" level="INFO">cmap subsetted</msg>
<msg timestamp="20221025 15:34:13.721" level="INFO">prep subsetting not needed</msg>
<msg timestamp="20221025 15:34:13.721" level="INFO">loca subsetting not needed</msg>
<msg timestamp="20221025 15:34:13.721" level="INFO">post subsetted</msg>
<msg timestamp="20221025 15:34:13.721" level="INFO">gasp subsetting not needed</msg>
<msg timestamp="20221025 15:34:13.721" level="INFO">STAT subsetting not needed</msg>
<msg timestamp="20221025 15:34:13.721" level="INFO">name subsetting not needed</msg>
<msg timestamp="20221025 15:34:13.721" level="INFO">glyf subsetted</msg>
<msg timestamp="20221025 15:34:13.721" level="INFO">head pruned</msg>
<msg timestamp="20221025 15:34:13.721" level="INFO">OS/2 Unicode ranges pruned: [0]</msg>
<msg timestamp="20221025 15:34:13.729" level="INFO">glyf pruned</msg>
<msg timestamp="20221025 15:34:13.769" level="INFO">maxp pruned</msg>
<msg timestamp="20221025 15:34:13.769" level="INFO">cmap pruned</msg>
<msg timestamp="20221025 15:34:13.769" level="INFO">post pruned</msg>
<msg timestamp="20221025 15:34:13.769" level="INFO">GDEF dropped</msg>
<msg timestamp="20221025 15:34:13.769" level="INFO">GPOS dropped</msg>
<msg timestamp="20221025 15:34:13.769" level="INFO">GSUB dropped</msg>
<msg timestamp="20221025 15:34:13.769" level="INFO">name pruned</msg>
<msg timestamp="20221025 15:34:13.812" level="INFO">glyf pruned</msg>
<msg timestamp="20221025 15:34:13.812" level="INFO">Added gid0 to subset</msg>
<msg timestamp="20221025 15:34:13.812" level="INFO">Added first four glyphs to subset</msg>
<msg timestamp="20221025 15:34:13.812" level="INFO">Closing glyph list over 'glyf': 19 glyphs before</msg>
<msg timestamp="20221025 15:34:13.812" level="INFO">Glyph names: ['.notdef', '.null', 'uni0020', 'uni0030', 'uni0031', 'uni0032', 'uni0033', 'uni0034', 'uni0035', 'uni0036', 'uni0037', 'uni0038', 'uni0039', 'uni0041', 'uni0062', 'uni006E', 'uni007B', 'uni007D', 'uni00C4']</msg>
<msg timestamp="20221025 15:34:13.812" level="INFO">Glyph IDs:   [0, 1, 2, 3, 575, 759, 1294, 1295, 1296, 1298, 1299, 1300, 1302, 1303, 1304, 1305, 1345, 1346, 1681]</msg>
<msg timestamp="20221025 15:34:13.812" level="INFO">Closed glyph list over 'glyf': 19 glyphs after</msg>
<msg timestamp="20221025 15:34:13.812" level="INFO">Glyph names: ['.notdef', '.null', 'uni0020', 'uni0030', 'uni0031', 'uni0032', 'uni0033', 'uni0034', 'uni0035', 'uni0036', 'uni0037', 'uni0038', 'uni0039', 'uni0041', 'uni0062', 'uni006E', 'uni007B', 'uni007D', 'uni00C4']</msg>
<msg timestamp="20221025 15:34:13.812" level="INFO">Glyph IDs:   [0, 1, 2, 3, 575, 759, 1294, 1295, 1296, 1298, 1299, 1300, 1302, 1303, 1304, 1305, 1345, 1346, 1681]</msg>
<msg timestamp="20221025 15:34:13.818" level="INFO">Retaining 19 glyphs</msg>
<msg timestamp="20221025 15:34:13.818" level="INFO">head subsetting not needed</msg>
<msg timestamp="20221025 15:34:13.818" level="INFO">hhea subsetting not needed</msg>
<msg timestamp="20221025 15:34:13.818" level="INFO">maxp subsetting not needed</msg>
<msg timestamp="20221025 15:34:13.818" level="INFO">OS/2 subsetting not needed</msg>
<msg timestamp="20221025 15:34:13.818" level="INFO">hmtx subsetted</msg>
<msg timestamp="20221025 15:34:13.828" level="INFO">cmap subsetted</msg>
<msg timestamp="20221025 15:34:13.828" level="INFO">prep subsetting not needed</msg>
<msg timestamp="20221025 15:34:13.828" level="INFO">loca subsetting not needed</msg>
<msg timestamp="20221025 15:34:13.828" level="INFO">post subsetted</msg>
<msg timestamp="20221025 15:34:13.828" level="INFO">gasp subsetting not needed</msg>
<msg timestamp="20221025 15:34:13.828" level="INFO">STAT subsetting not needed</msg>
<msg timestamp="20221025 15:34:13.828" level="INFO">name subsetting not needed</msg>
<msg timestamp="20221025 15:34:13.828" level="INFO">glyf subsetted</msg>
<msg timestamp="20221025 15:34:13.828" level="INFO">head pruned</msg>
<msg timestamp="20221025 15:34:13.828" level="INFO">OS/2 Unicode ranges pruned: [0]</msg>
<msg timestamp="20221025 15:34:13.835" level="INFO">glyf pruned</msg>
<msg timestamp="20221025 15:34:13.861" level="INFO">maxp pruned</msg>
<msg timestamp="20221025 15:34:13.861" level="INFO">cmap pruned</msg>
<msg timestamp="20221025 15:34:13.861" level="INFO">post pruned</msg>
<msg timestamp="20221025 15:34:13.861" level="INFO">GDEF dropped</msg>
<msg timestamp="20221025 15:34:13.861" level="INFO">GPOS dropped</msg>
<msg timestamp="20221025 15:34:13.861" level="INFO">GSUB dropped</msg>
<msg timestamp="20221025 15:34:13.861" level="INFO">name pruned</msg>
<msg timestamp="20221025 15:34:13.861" level="INFO">glyf pruned</msg>
<msg timestamp="20221025 15:34:13.867" level="INFO">Added gid0 to subset</msg>
<msg timestamp="20221025 15:34:13.867" level="INFO">Added first four glyphs to subset</msg>
<msg timestamp="20221025 15:34:13.867" level="INFO">Closing glyph list over 'glyf': 18 glyphs before</msg>
<msg timestamp="20221025 15:34:13.867" level="INFO">Glyph names: ['.notdef', '.null', 'uni0020', 'uni0030', 'uni0031', 'uni0032', 'uni0033', 'uni0034', 'uni0035', 'uni0036', 'uni0037', 'uni0038', 'uni0039', 'uni0062', 'uni006E', 'uni007B', 'uni007D', 'uni00A0']</msg>
<msg timestamp="20221025 15:34:13.867" level="INFO">Glyph IDs:   [0, 1, 2, 3, 544, 727, 1256, 1257, 1258, 1260, 1261, 1262, 1264, 1265, 1266, 1267, 1307, 1308]</msg>
<msg timestamp="20221025 15:34:13.867" level="INFO">Closed glyph list over 'glyf': 18 glyphs after</msg>
<msg timestamp="20221025 15:34:13.867" level="INFO">Glyph names: ['.notdef', '.null', 'uni0020', 'uni0030', 'uni0031', 'uni0032', 'uni0033', 'uni0034', 'uni0035', 'uni0036', 'uni0037', 'uni0038', 'uni0039', 'uni0062', 'uni006E', 'uni007B', 'uni007D', 'uni00A0']</msg>
<msg timestamp="20221025 15:34:13.867" level="INFO">Glyph IDs:   [0, 1, 2, 3, 544, 727, 1256, 1257, 1258, 1260, 1261, 1262, 1264, 1265, 1266, 1267, 1307, 1308]</msg>
<msg timestamp="20221025 15:34:13.867" level="INFO">Retaining 18 glyphs</msg>
<msg timestamp="20221025 15:34:13.867" level="INFO">head subsetting not needed</msg>
<msg timestamp="20221025 15:34:13.867" level="INFO">hhea subsetting not needed</msg>
<msg timestamp="20221025 15:34:13.867" level="INFO">maxp subsetting not needed</msg>
<msg timestamp="20221025 15:34:13.867" level="INFO">OS/2 subsetting not needed</msg>
<msg timestamp="20221025 15:34:13.867" level="INFO">hmtx subsetted</msg>
<msg timestamp="20221025 15:34:13.867" level="INFO">cmap subsetted</msg>
<msg timestamp="20221025 15:34:13.867" level="INFO">loca subsetting not needed</msg>
<msg timestamp="20221025 15:34:13.867" level="INFO">post subsetted</msg>
<msg timestamp="20221025 15:34:13.867" level="INFO">name subsetting not needed</msg>
<msg timestamp="20221025 15:34:13.876" level="INFO">glyf subsetted</msg>
<msg timestamp="20221025 15:34:13.876" level="INFO">head pruned</msg>
<msg timestamp="20221025 15:34:13.878" level="INFO">OS/2 Unicode ranges pruned: [0]</msg>
<msg timestamp="20221025 15:34:13.878" level="INFO">glyf pruned</msg>
<msg timestamp="20221025 15:34:13.900" level="INFO">maxp pruned</msg>
<msg timestamp="20221025 15:34:13.900" level="INFO">cmap pruned</msg>
<msg timestamp="20221025 15:34:13.900" level="INFO">post pruned</msg>
<msg timestamp="20221025 15:34:13.900" level="INFO">GDEF dropped</msg>
<msg timestamp="20221025 15:34:13.900" level="INFO">GPOS dropped</msg>
<msg timestamp="20221025 15:34:13.900" level="INFO">GSUB dropped</msg>
<msg timestamp="20221025 15:34:13.900" level="INFO">name pruned</msg>
<msg timestamp="20221025 15:34:13.900" level="INFO">glyf pruned</msg>
<msg timestamp="20221025 15:34:13.910" level="INFO">Added gid0 to subset</msg>
<msg timestamp="20221025 15:34:13.911" level="INFO">Added first four glyphs to subset</msg>
<msg timestamp="20221025 15:34:13.911" level="INFO">Closing glyph list over 'glyf': 18 glyphs before</msg>
<msg timestamp="20221025 15:34:13.911" level="INFO">Glyph names: ['.notdef', '.null', 'uni0020', 'uni0030', 'uni0031', 'uni0032', 'uni0033', 'uni0034', 'uni0035', 'uni0036', 'uni0037', 'uni0038', 'uni0039', 'uni0062', 'uni006E', 'uni007B', 'uni007D', 'uni00A0']</msg>
<msg timestamp="20221025 15:34:13.911" level="INFO">Glyph IDs:   [0, 1, 2, 3, 544, 727, 1256, 1257, 1258, 1260, 1261, 1262, 1264, 1265, 1266, 1267, 1307, 1308]</msg>
<msg timestamp="20221025 15:34:13.911" level="INFO">Closed glyph list over 'glyf': 18 glyphs after</msg>
<msg timestamp="20221025 15:34:13.911" level="INFO">Glyph names: ['.notdef', '.null', 'uni0020', 'uni0030', 'uni0031', 'uni0032', 'uni0033', 'uni0034', 'uni0035', 'uni0036', 'uni0037', 'uni0038', 'uni0039', 'uni0062', 'uni006E', 'uni007B', 'uni007D', 'uni00A0']</msg>
<msg timestamp="20221025 15:34:13.911" level="INFO">Glyph IDs:   [0, 1, 2, 3, 544, 727, 1256, 1257, 1258, 1260, 1261, 1262, 1264, 1265, 1266, 1267, 1307, 1308]</msg>
<msg timestamp="20221025 15:34:13.911" level="INFO">Retaining 18 glyphs</msg>
<msg timestamp="20221025 15:34:13.911" level="INFO">head subsetting not needed</msg>
<msg timestamp="20221025 15:34:13.911" level="INFO">hhea subsetting not needed</msg>
<msg timestamp="20221025 15:34:13.911" level="INFO">maxp subsetting not needed</msg>
<msg timestamp="20221025 15:34:13.911" level="INFO">OS/2 subsetting not needed</msg>
<msg timestamp="20221025 15:34:13.916" level="INFO">hmtx subsetted</msg>
<msg timestamp="20221025 15:34:13.916" level="INFO">cmap subsetted</msg>
<msg timestamp="20221025 15:34:13.916" level="INFO">loca subsetting not needed</msg>
<msg timestamp="20221025 15:34:13.916" level="INFO">post subsetted</msg>
<msg timestamp="20221025 15:34:13.916" level="INFO">name subsetting not needed</msg>
<msg timestamp="20221025 15:34:13.916" level="INFO">glyf subsetted</msg>
<msg timestamp="20221025 15:34:13.916" level="INFO">head pruned</msg>
<msg timestamp="20221025 15:34:13.916" level="INFO">OS/2 Unicode ranges pruned: [0]</msg>
<msg timestamp="20221025 15:34:13.916" level="INFO">glyf pruned</msg>
<status status="PASS" starttime="20221025 15:34:13.558" endtime="20221025 15:34:13.946"/>
</kw>
<kw name="Capture Element Screenshot" library="RPA.Browser.Selenium">
<arg>id:robot-preview-image</arg>
<arg>${OUTPUT_DIR}${/}output${/}screenshots${/}robot${order_details}[Order number].png</arg>
<doc>Captures a screenshot from the element identified by ``locator`` and embeds it into log file.</doc>
<msg timestamp="20221025 15:34:14.118" level="INFO" html="true">&lt;/td&gt;&lt;/tr&gt;&lt;tr&gt;&lt;td colspan="3"&gt;&lt;a href="output/screenshots/robot20.png"&gt;&lt;img src="output/screenshots/robot20.png" width="400px"&gt;&lt;/a&gt;</msg>
<status status="PASS" starttime="20221025 15:34:13.946" endtime="20221025 15:34:14.118"/>
</kw>
<kw name="Add Watermark Image To Pdf" library="RPA.PDF">
<arg>${OUTPUT_DIR}${/}output${/}screenshots${/}robot${order_details}[Order number].png</arg>
<arg>${OUTPUT_DIR}${/}output${/}receipts${/}receipt${order_details}[Order number].pdf</arg>
<arg>${OUTPUT_DIR}${/}output${/}receipts${/}receipt${order_details}[Order number].pdf</arg>
<doc>Add an image into an existing or new PDF.</doc>
<status status="PASS" starttime="20221025 15:34:14.118" endtime="20221025 15:34:14.217"/>
</kw>
<status status="PASS" starttime="20221025 15:34:13.534" endtime="20221025 15:34:14.217"/>
</kw>
<kw name="Wait Until Page Contains Element" library="RPA.Browser.Selenium">
<arg>id:order-another</arg>
<doc>Waits until the element ``locator`` appears on the current page.</doc>
<status status="PASS" starttime="20221025 15:34:14.217" endtime="20221025 15:34:14.233"/>
</kw>
<kw name="Click Button" library="RPA.Browser.Selenium">
<arg>id:order-another</arg>
<doc>Clicks the button identified by ``locator``.</doc>
<msg timestamp="20221025 15:34:14.235" level="INFO">Clicking button 'id:order-another'.</msg>
<status status="PASS" starttime="20221025 15:34:14.233" endtime="20221025 15:34:14.451"/>
</kw>
<kw name="Close the pop-up">
<kw name="Click Button When Visible" library="RPA.Browser.Selenium">
<arg>//button[@class="btn btn-dark"]</arg>
<doc>Click button identified by ``locator``, once it becomes visible.</doc>
<msg timestamp="20221025 15:34:14.475" level="INFO">Clicking button '//button[@class="btn btn-dark"]'.</msg>
<status status="PASS" starttime="20221025 15:34:14.453" endtime="20221025 15:34:14.579"/>
</kw>
<status status="PASS" starttime="20221025 15:34:14.451" endtime="20221025 15:34:14.579"/>
</kw>
<status status="PASS" starttime="20221025 15:34:12.719" endtime="20221025 15:34:14.579"/>
</kw>
<status status="PASS" starttime="20221025 15:34:12.719" endtime="20221025 15:34:14.579"/>
</iter>
<status status="PASS" starttime="20221025 15:33:29.607" endtime="20221025 15:34:14.579"/>
</for>
<kw name="Create zip file of all the order receipts">
<kw name="Archive Folder With Zip" library="RPA.Archive">
<arg>${OUTPUT_DIR}${/}output${/}receipts</arg>
<arg>${OUTPUT_DIR}${/}output${/}robot_orders.zip</arg>
<doc>Create a zip archive of a folder</doc>
<status status="PASS" starttime="20221025 15:34:14.579" endtime="20221025 15:34:14.918"/>
</kw>
<status status="PASS" starttime="20221025 15:34:14.579" endtime="20221025 15:34:14.918"/>
</kw>
<status status="PASS" starttime="20221025 15:33:29.599" endtime="20221025 15:34:14.918"/>
</kw>
<kw name="Close Browser" library="RPA.Browser.Selenium" type="TEARDOWN">
<doc>Closes the current browser.</doc>
<status status="PASS" starttime="20221025 15:34:14.918" endtime="20221025 15:34:17.128"/>
</kw>
<status status="PASS" starttime="20221025 15:33:24.213" endtime="20221025 15:34:17.131"/>
</test>
<doc>Orders robots from RobotSpareBin Industries Inc.
Saves the order HTML receipt as a PDF file.
Saves the screenshot of the ordered robot.
Embeds the screenshot of the robot to the PDF receipt.
Creates ZIP archive of the receipts and the images.</doc>
<status status="PASS" starttime="20221025 15:33:21.300" endtime="20221025 15:34:17.136"/>
</suite>
<statistics>
<total>
<stat pass="1" fail="0" skip="0">All Tasks</stat>
</total>
<tag>
</tag>
<suite>
<stat pass="1" fail="0" skip="0" id="s1" name="Tasks">Tasks</stat>
</suite>
</statistics>
<errors>
</errors>
</robot>
