<?xml version="1.0" encoding="UTF-8"?>
<robot generator="Robot 5.0.1 (Python 3.9.13 on win32)" generated="20221025 16:30:20.828" rpa="true" schemaversion="3">
<suite id="s1" name="Tasks" source="c:\Users\smart\OneDrive\Desktop\RPA\Order-Robot\tasks.robot">
<test id="s1-t1" name="Order robots from RobotSpareBin Industries Inc" line="18">
<kw name="Open the robot order website">
<kw name="Get Secret" library="RPA.Robocloud.Secrets">
<var>${secret}</var>
<arg>roboSpareBin</arg>
<doc>Read a secret from the configured source, e.g. Robocorp Vault,
and return it as a ``Secret`` object.</doc>
<msg timestamp="20221025 16:30:23.786" level="INFO">Protecting keyword: RPA.Robocloud.Secrets.Get Secret</msg>
<msg timestamp="20221025 16:30:23.788" level="INFO">Log level changed from NONE to INFO.</msg>
<status status="PASS" starttime="20221025 16:30:23.786" endtime="20221025 16:30:23.788"/>
</kw>
<kw name="Open Available Browser" library="RPA.Browser.Selenium">
<arg>${secret}[siteLink]</arg>
<doc>Attempts to open a browser on the user's device from a set of
supported browsers. Automatically downloads a corresponding webdriver
if none is already installed.</doc>
<msg timestamp="20221025 16:30:23.788" level="INFO">Creating an instance of the Chrome WebDriver.</msg>
<msg timestamp="20221025 16:30:23.794" level="INFO">====== WebDriver manager ======</msg>
<msg timestamp="20221025 16:30:26.555" level="INFO">Creating an instance of the Chrome WebDriver.</msg>
<msg timestamp="20221025 16:30:27.833" level="INFO">Created Chrome browser with arguments: --disable-dev-shm-usage --disable-web-security --allow-running-insecure-content --no-sandbox</msg>
<msg timestamp="20221025 16:30:27.833" level="INFO" html="true">&lt;p&gt;Attempted combinations:&lt;/p&gt;&lt;div class="doc"&gt;&lt;table&gt;&lt;tr&gt;&lt;th&gt;Browser&lt;/th&gt;&lt;th&gt;Download&lt;/th&gt;&lt;th&gt;Error&lt;/th&gt;&lt;/tr&gt;&lt;tr&gt;&lt;td&gt;Chrome&lt;/td&gt;&lt;td&gt;False&lt;/td&gt;&lt;td&gt;Message: 'chromedriver' executable needs to be in PATH. Please see https://chromedriver.chromium.org/home
&lt;/td&gt;&lt;/tr&gt;&lt;tr&gt;&lt;td&gt;Chrome&lt;/td&gt;&lt;td&gt;True&lt;/td&gt;&lt;td&gt;&lt;/td&gt;&lt;/tr&gt;&lt;/table&gt;&lt;/div&gt;</msg>
<msg timestamp="20221025 16:30:27.833" level="INFO">Opening url 'https://robotsparebinindustries.com/#/robot-order'</msg>
<status status="PASS" starttime="20221025 16:30:23.788" endtime="20221025 16:30:29.220"/>
</kw>
<status status="PASS" starttime="20221025 16:30:23.778" endtime="20221025 16:30:29.220"/>
</kw>
<kw name="Close the pop-up">
<kw name="Click Button When Visible" library="RPA.Browser.Selenium">
<arg>//button[@class="btn btn-dark"]</arg>
<doc>Click button identified by ``locator``, once it becomes visible.</doc>
<msg timestamp="20221025 16:30:29.302" level="INFO">Clicking button '//button[@class="btn btn-dark"]'.</msg>
<status status="PASS" starttime="20221025 16:30:29.228" endtime="20221025 16:30:29.428"/>
</kw>
<status status="PASS" starttime="20221025 16:30:29.228" endtime="20221025 16:30:29.428"/>
</kw>
<kw name="Download and read the file">
<kw name="Add text input" library="RPA.Dialogs">
<arg>link</arg>
<arg>label=Please provide the link to csv file</arg>
<tag>input</tag>
<doc>Add a text input element</doc>
<status status="PASS" starttime="20221025 16:30:29.432" endtime="20221025 16:30:29.432"/>
</kw>
<kw name="Run dialog" library="RPA.Dialogs">
<var>${result}</var>
<tag>dialog</tag>
<doc>Create a dialog from all the defined elements and block
until the user has handled it.</doc>
<msg timestamp="20221025 16:30:29.432" level="INFO">Protecting keyword: RPA.Dialogs.Run dialog</msg>
<msg timestamp="20221025 16:30:44.528" level="INFO">Log level changed from NONE to INFO.</msg>
<status status="PASS" starttime="20221025 16:30:29.432" endtime="20221025 16:30:44.528"/>
</kw>
<kw name="Download" library="RPA.HTTP">
<arg>${result}[link]</arg>
<doc>An alias for the ``HTTP Get`` keyword.</doc>
<msg timestamp="20221025 16:30:44.531" level="INFO">Creating a new HTTP session</msg>
<msg timestamp="20221025 16:30:44.531" level="INFO">Creating Session using : alias=rpasession_alias.httpsrobotsparebinindustries.com, url=https://robotsparebinindustries.com, headers={},                     cookies={}, auth=None, timeout=None, proxies=None, verify=True,                     debug=0 </msg>
<status status="PASS" starttime="20221025 16:30:44.528" endtime="20221025 16:30:45.862"/>
</kw>
<status status="PASS" starttime="20221025 16:30:29.428" endtime="20221025 16:30:45.862"/>
</kw>
<kw name="Make order using csv data">
<kw name="Read table from CSV" library="RPA.Tables">
<var>${orders}</var>
<arg>orders.csv</arg>
<doc>Read a CSV file as a table.</doc>
<msg timestamp="20221025 16:30:45.878" level="INFO">${orders} = Table(columns=['Order number', 'Head', 'Body', 'Legs', 'Address'], rows=20)</msg>
<status status="PASS" starttime="20221025 16:30:45.862" endtime="20221025 16:30:45.878"/>
</kw>
<for flavor="IN">
<var>${order}</var>
<value>@{orders}</value>
<iter>
<var name="${order}">{'Order number': '1', 'Head': '1', 'Body': '2', 'Legs': '3', 'Address': 'Address 123'}</var>
<kw name="Make one order at a time">
<arg>${order}</arg>
<kw name="Select From List By Value" library="RPA.Browser.Selenium">
<arg>head</arg>
<arg>${order_details}[Head]</arg>
<doc>Selects options from selection list ``locator`` by ``values``.</doc>
<msg timestamp="20221025 16:30:45.886" level="INFO">Selecting options from selection list 'head' by value 1.</msg>
<status status="PASS" starttime="20221025 16:30:45.878" endtime="20221025 16:30:46.105"/>
</kw>
<kw name="Select Radio Button" library="RPA.Browser.Selenium">
<arg>body</arg>
<arg>${order_details}[Body]</arg>
<doc>Sets the radio button group ``group_name`` to ``value``.</doc>
<msg timestamp="20221025 16:30:46.113" level="INFO">Selecting '2' from radio button 'body'.</msg>
<status status="PASS" starttime="20221025 16:30:46.105" endtime="20221025 16:30:46.290"/>
</kw>
<kw name="Input Text" library="RPA.Browser.Selenium">
<arg>//input[@placeholder="Enter the part number for the legs"]</arg>
<arg>${order_details}[Legs]</arg>
<doc>Types the given ``text`` into the text field identified by ``locator``.</doc>
<msg timestamp="20221025 16:30:46.290" level="INFO">Typing text '3' into text field '//input[@placeholder="Enter the part number for the legs"]'.</msg>
<status status="PASS" starttime="20221025 16:30:46.290" endtime="20221025 16:30:46.566"/>
</kw>
<kw name="Input Text" library="RPA.Browser.Selenium">
<arg>address</arg>
<arg>${order_details}[Address]</arg>
<doc>Types the given ``text`` into the text field identified by ``locator``.</doc>
<msg timestamp="20221025 16:30:46.566" level="INFO">Typing text 'Address 123' into text field 'address'.</msg>
<status status="PASS" starttime="20221025 16:30:46.566" endtime="20221025 16:30:46.840"/>
</kw>
<kw name="Click Button" library="RPA.Browser.Selenium">
<arg>id:preview</arg>
<doc>Clicks the button identified by ``locator``.</doc>
<msg timestamp="20221025 16:30:46.840" level="INFO">Clicking button 'id:preview'.</msg>
<status status="PASS" starttime="20221025 16:30:46.840" endtime="20221025 16:30:47.036"/>
</kw>
<kw name="Wait Until Page Contains Element" library="RPA.Browser.Selenium">
<arg>id:robot-preview-image</arg>
<doc>Waits until the element ``locator`` appears on the current page.</doc>
<status status="PASS" starttime="20221025 16:30:47.036" endtime="20221025 16:30:47.075"/>
</kw>
<kw name="Click Button" library="RPA.Browser.Selenium">
<arg>id:order</arg>
<doc>Clicks the button identified by ``locator``.</doc>
<msg timestamp="20221025 16:30:47.075" level="INFO">Clicking button 'id:order'.</msg>
<status status="PASS" starttime="20221025 16:30:47.075" endtime="20221025 16:30:47.277"/>
</kw>
<kw name="Check order status">
<for flavor="IN RANGE">
<var>${i}</var>
<value>100</value>
<iter>
<var name="${i}">0</var>
<kw name="Is Element Visible" library="RPA.Browser.Selenium">
<var>${order_status}</var>
<arg>//div[@class="alert alert-danger"]</arg>
<doc>Is element visible</doc>
<msg timestamp="20221025 16:30:47.319" level="INFO" html="true">Ran with keyword &lt;b&gt;Element Should Be Visible&lt;/b&gt; which returned error: &lt;i&gt;Element with locator '//div[@class="alert alert-danger"]' not found.&lt;/i&gt;</msg>
<msg timestamp="20221025 16:30:47.319" level="INFO">${order_status} = False</msg>
<status status="PASS" starttime="20221025 16:30:47.277" endtime="20221025 16:30:47.319"/>
</kw>
<if>
<branch type="IF" condition="'${order_status}'=='True'">
<kw name="Click Button" library="RPA.Browser.Selenium">
<arg>//button[@id="order"]</arg>
<doc>Clicks the button identified by ``locator``.</doc>
<status status="NOT RUN" starttime="20221025 16:30:47.325" endtime="20221025 16:30:47.325"/>
</kw>
<status status="NOT RUN" starttime="20221025 16:30:47.325" endtime="20221025 16:30:47.325"/>
</branch>
<status status="PASS" starttime="20221025 16:30:47.319" endtime="20221025 16:30:47.325"/>
</if>
<if>
<branch type="IF" condition="'${order_status}'=='False'">
<break>
<status status="PASS" starttime="20221025 16:30:47.325" endtime="20221025 16:30:47.325"/>
</break>
<status status="PASS" starttime="20221025 16:30:47.325" endtime="20221025 16:30:47.325"/>
</branch>
<status status="PASS" starttime="20221025 16:30:47.325" endtime="20221025 16:30:47.335"/>
</if>
<status status="PASS" starttime="20221025 16:30:47.277" endtime="20221025 16:30:47.336"/>
</iter>
<status status="PASS" starttime="20221025 16:30:47.277" endtime="20221025 16:30:47.337"/>
</for>
<status status="PASS" starttime="20221025 16:30:47.277" endtime="20221025 16:30:47.337"/>
</kw>
<kw name="Create receipt for the order">
<arg>${order_details}</arg>
<kw name="Get Element Attribute" library="RPA.Browser.Selenium">
<var>${order_receipt}</var>
<arg>id:receipt</arg>
<arg>outerHTML</arg>
<doc>Returns the value of ``attribute`` from the element ``locator``.</doc>
<msg timestamp="20221025 16:30:47.406" level="INFO">${order_receipt} = &lt;div id="receipt" class="alert alert-success" role="alert"&gt;&lt;h3&gt;Receipt&lt;/h3&gt;&lt;div&gt;2022-10-25T11:00:47.242Z&lt;/div&gt;&lt;p class="badge badge-success"&gt;RSB-ROBO-ORDER-Q6FS9AE9XM&lt;/p&gt;&lt;p&gt;Address 123&lt;/p&gt;&lt;div id="par...</msg>
<status status="PASS" starttime="20221025 16:30:47.341" endtime="20221025 16:30:47.406"/>
</kw>
<kw name="Html To Pdf" library="RPA.PDF">
<arg>${order_receipt}</arg>
<arg>${OUTPUT_DIR}${/}output${/}receipts${/}receipt${order_details}[Order number].pdf</arg>
<doc>Generate a PDF file from HTML content.</doc>
<msg timestamp="20221025 16:30:47.415" level="INFO">Writing output to file C:\Users\smart\OneDrive\Desktop\RPA\Order-Robot\output\receipts\receipt1.pdf</msg>
<msg timestamp="20221025 16:30:47.851" level="INFO">maxp pruned</msg>
<msg timestamp="20221025 16:30:47.858" level="INFO">cmap pruned</msg>
<msg timestamp="20221025 16:30:47.868" level="INFO">post pruned</msg>
<msg timestamp="20221025 16:30:47.875" level="INFO">GDEF dropped</msg>
<msg timestamp="20221025 16:30:47.875" level="INFO">GPOS dropped</msg>
<msg timestamp="20221025 16:30:47.875" level="INFO">GSUB dropped</msg>
<msg timestamp="20221025 16:30:47.883" level="INFO">name pruned</msg>
<msg timestamp="20221025 16:30:47.900" level="INFO">glyf pruned</msg>
<msg timestamp="20221025 16:30:47.900" level="INFO">Added gid0 to subset</msg>
<msg timestamp="20221025 16:30:47.900" level="INFO">Added first four glyphs to subset</msg>
<msg timestamp="20221025 16:30:47.900" level="INFO">Closing glyph list over 'glyf': 59 glyphs before</msg>
<msg timestamp="20221025 16:30:47.900" level="INFO">Glyph names: ['.notdef', '.null', 'uni0020', 'uni0021', 'uni002D', 'uni002E', 'uni0030', 'uni0031', 'uni0032', 'uni0033', 'uni0034', 'uni0035', 'uni0036', 'uni0037', 'uni0038', 'uni0039', 'uni003A', 'uni0041', 'uni0042', 'uni0044', 'uni0045', 'uni0046', 'uni0048', 'uni004C', 'uni004D', 'uni004F', 'uni0051', 'uni0052', 'uni0053', 'uni0054', 'uni0057', 'uni0058', 'uni0059', 'uni005A', 'uni0061', 'uni0062', 'uni0063', 'uni0064', 'uni0065', 'uni0066', 'uni0067', 'uni0068', 'uni0069', 'uni006B', 'uni006C', 'uni006D', 'uni006E', 'uni006F', 'uni0070', 'uni0072', 'uni0073', 'uni0074', 'uni0075', 'uni0076', 'uni0077', 'uni0079', 'uni007B', 'uni007D', 'uni00C4']</msg>
<msg timestamp="20221025 16:30:47.907" level="INFO">Glyph IDs:   [0, 1, 2, 3, 65, 84, 95, 137, 161, 280, 291, 320, 381, 382, 395, 409, 456, 463, 469, 493, 504, 575, 582, 594, 612, 645, 650, 660, 679, 715, 723, 752, 759, 775, 827, 837, 867, 884, 899, 932, 936, 950, 1294, 1295, 1296, 1298, 1299, 1300, 1302, 1303, 1304, 1305, 1329, 1345, 1346, 1361, 1404, 1407, 1681]</msg>
<msg timestamp="20221025 16:30:47.907" level="INFO">Closed glyph list over 'glyf': 59 glyphs after</msg>
<msg timestamp="20221025 16:30:47.907" level="INFO">Glyph names: ['.notdef', '.null', 'uni0020', 'uni0021', 'uni002D', 'uni002E', 'uni0030', 'uni0031', 'uni0032', 'uni0033', 'uni0034', 'uni0035', 'uni0036', 'uni0037', 'uni0038', 'uni0039', 'uni003A', 'uni0041', 'uni0042', 'uni0044', 'uni0045', 'uni0046', 'uni0048', 'uni004C', 'uni004D', 'uni004F', 'uni0051', 'uni0052', 'uni0053', 'uni0054', 'uni0057', 'uni0058', 'uni0059', 'uni005A', 'uni0061', 'uni0062', 'uni0063', 'uni0064', 'uni0065', 'uni0066', 'uni0067', 'uni0068', 'uni0069', 'uni006B', 'uni006C', 'uni006D', 'uni006E', 'uni006F', 'uni0070', 'uni0072', 'uni0073', 'uni0074', 'uni0075', 'uni0076', 'uni0077', 'uni0079', 'uni007B', 'uni007D', 'uni00C4']</msg>
<msg timestamp="20221025 16:30:47.907" level="INFO">Glyph IDs:   [0, 1, 2, 3, 65, 84, 95, 137, 161, 280, 291, 320, 381, 382, 395, 409, 456, 463, 469, 493, 504, 575, 582, 594, 612, 645, 650, 660, 679, 715, 723, 752, 759, 775, 827, 837, 867, 884, 899, 932, 936, 950, 1294, 1295, 1296, 1298, 1299, 1300, 1302, 1303, 1304, 1305, 1329, 1345, 1346, 1361, 1404, 1407, 1681]</msg>
<msg timestamp="20221025 16:30:47.907" level="INFO">Retaining 59 glyphs</msg>
<msg timestamp="20221025 16:30:47.907" level="INFO">head subsetting not needed</msg>
<msg timestamp="20221025 16:30:47.907" level="INFO">hhea subsetting not needed</msg>
<msg timestamp="20221025 16:30:47.907" level="INFO">maxp subsetting not needed</msg>
<msg timestamp="20221025 16:30:47.907" level="INFO">OS/2 subsetting not needed</msg>
<msg timestamp="20221025 16:30:47.920" level="INFO">hmtx subsetted</msg>
<msg timestamp="20221025 16:30:47.924" level="INFO">cmap subsetted</msg>
<msg timestamp="20221025 16:30:47.924" level="INFO">prep subsetting not needed</msg>
<msg timestamp="20221025 16:30:47.924" level="INFO">loca subsetting not needed</msg>
<msg timestamp="20221025 16:30:47.932" level="INFO">post subsetted</msg>
<msg timestamp="20221025 16:30:47.934" level="INFO">gasp subsetting not needed</msg>
<msg timestamp="20221025 16:30:47.934" level="INFO">STAT subsetting not needed</msg>
<msg timestamp="20221025 16:30:47.934" level="INFO">name subsetting not needed</msg>
<msg timestamp="20221025 16:30:47.934" level="INFO">glyf subsetted</msg>
<msg timestamp="20221025 16:30:47.940" level="INFO">head pruned</msg>
<msg timestamp="20221025 16:30:47.940" level="INFO">OS/2 Unicode ranges pruned: [0]</msg>
<msg timestamp="20221025 16:30:47.940" level="INFO">glyf pruned</msg>
<msg timestamp="20221025 16:30:48.028" level="INFO">maxp pruned</msg>
<msg timestamp="20221025 16:30:48.036" level="INFO">cmap pruned</msg>
<msg timestamp="20221025 16:30:48.036" level="INFO">post pruned</msg>
<msg timestamp="20221025 16:30:48.036" level="INFO">GDEF dropped</msg>
<msg timestamp="20221025 16:30:48.036" level="INFO">GPOS dropped</msg>
<msg timestamp="20221025 16:30:48.036" level="INFO">GSUB dropped</msg>
<msg timestamp="20221025 16:30:48.036" level="INFO">name pruned</msg>
<msg timestamp="20221025 16:30:48.044" level="INFO">glyf pruned</msg>
<msg timestamp="20221025 16:30:48.044" level="INFO">Added gid0 to subset</msg>
<msg timestamp="20221025 16:30:48.052" level="INFO">Added first four glyphs to subset</msg>
<msg timestamp="20221025 16:30:48.052" level="INFO">Closing glyph list over 'glyf': 19 glyphs before</msg>
<msg timestamp="20221025 16:30:48.052" level="INFO">Glyph names: ['.notdef', '.null', 'uni0020', 'uni0030', 'uni0031', 'uni0032', 'uni0033', 'uni0034', 'uni0035', 'uni0036', 'uni0037', 'uni0038', 'uni0039', 'uni0041', 'uni0062', 'uni006E', 'uni007B', 'uni007D', 'uni00C4']</msg>
<msg timestamp="20221025 16:30:48.052" level="INFO">Glyph IDs:   [0, 1, 2, 3, 575, 759, 1294, 1295, 1296, 1298, 1299, 1300, 1302, 1303, 1304, 1305, 1345, 1346, 1681]</msg>
<msg timestamp="20221025 16:30:48.052" level="INFO">Closed glyph list over 'glyf': 19 glyphs after</msg>
<msg timestamp="20221025 16:30:48.052" level="INFO">Glyph names: ['.notdef', '.null', 'uni0020', 'uni0030', 'uni0031', 'uni0032', 'uni0033', 'uni0034', 'uni0035', 'uni0036', 'uni0037', 'uni0038', 'uni0039', 'uni0041', 'uni0062', 'uni006E', 'uni007B', 'uni007D', 'uni00C4']</msg>
<msg timestamp="20221025 16:30:48.052" level="INFO">Glyph IDs:   [0, 1, 2, 3, 575, 759, 1294, 1295, 1296, 1298, 1299, 1300, 1302, 1303, 1304, 1305, 1345, 1346, 1681]</msg>
<msg timestamp="20221025 16:30:48.052" level="INFO">Retaining 19 glyphs</msg>
<msg timestamp="20221025 16:30:48.052" level="INFO">head subsetting not needed</msg>
<msg timestamp="20221025 16:30:48.052" level="INFO">hhea subsetting not needed</msg>
<msg timestamp="20221025 16:30:48.060" level="INFO">maxp subsetting not needed</msg>
<msg timestamp="20221025 16:30:48.060" level="INFO">OS/2 subsetting not needed</msg>
<msg timestamp="20221025 16:30:48.060" level="INFO">hmtx subsetted</msg>
<msg timestamp="20221025 16:30:48.071" level="INFO">cmap subsetted</msg>
<msg timestamp="20221025 16:30:48.071" level="INFO">prep subsetting not needed</msg>
<msg timestamp="20221025 16:30:48.071" level="INFO">loca subsetting not needed</msg>
<msg timestamp="20221025 16:30:48.076" level="INFO">post subsetted</msg>
<msg timestamp="20221025 16:30:48.076" level="INFO">gasp subsetting not needed</msg>
<msg timestamp="20221025 16:30:48.076" level="INFO">STAT subsetting not needed</msg>
<msg timestamp="20221025 16:30:48.076" level="INFO">name subsetting not needed</msg>
<msg timestamp="20221025 16:30:48.076" level="INFO">glyf subsetted</msg>
<msg timestamp="20221025 16:30:48.076" level="INFO">head pruned</msg>
<msg timestamp="20221025 16:30:48.084" level="INFO">OS/2 Unicode ranges pruned: [0]</msg>
<msg timestamp="20221025 16:30:48.084" level="INFO">glyf pruned</msg>
<msg timestamp="20221025 16:30:48.135" level="INFO">maxp pruned</msg>
<msg timestamp="20221025 16:30:48.135" level="INFO">cmap pruned</msg>
<msg timestamp="20221025 16:30:48.135" level="INFO">post pruned</msg>
<msg timestamp="20221025 16:30:48.135" level="INFO">GDEF dropped</msg>
<msg timestamp="20221025 16:30:48.135" level="INFO">GPOS dropped</msg>
<msg timestamp="20221025 16:30:48.135" level="INFO">GSUB dropped</msg>
<msg timestamp="20221025 16:30:48.135" level="INFO">name pruned</msg>
<msg timestamp="20221025 16:30:48.152" level="INFO">glyf pruned</msg>
<msg timestamp="20221025 16:30:48.158" level="INFO">Added gid0 to subset</msg>
<msg timestamp="20221025 16:30:48.158" level="INFO">Added first four glyphs to subset</msg>
<msg timestamp="20221025 16:30:48.158" level="INFO">Closing glyph list over 'glyf': 18 glyphs before</msg>
<msg timestamp="20221025 16:30:48.158" level="INFO">Glyph names: ['.notdef', '.null', 'uni0020', 'uni0030', 'uni0031', 'uni0032', 'uni0033', 'uni0034', 'uni0035', 'uni0036', 'uni0037', 'uni0038', 'uni0039', 'uni0062', 'uni006E', 'uni007B', 'uni007D', 'uni00A0']</msg>
<msg timestamp="20221025 16:30:48.166" level="INFO">Glyph IDs:   [0, 1, 2, 3, 544, 727, 1256, 1257, 1258, 1260, 1261, 1262, 1264, 1265, 1266, 1267, 1307, 1308]</msg>
<msg timestamp="20221025 16:30:48.166" level="INFO">Closed glyph list over 'glyf': 18 glyphs after</msg>
<msg timestamp="20221025 16:30:48.166" level="INFO">Glyph names: ['.notdef', '.null', 'uni0020', 'uni0030', 'uni0031', 'uni0032', 'uni0033', 'uni0034', 'uni0035', 'uni0036', 'uni0037', 'uni0038', 'uni0039', 'uni0062', 'uni006E', 'uni007B', 'uni007D', 'uni00A0']</msg>
<msg timestamp="20221025 16:30:48.166" level="INFO">Glyph IDs:   [0, 1, 2, 3, 544, 727, 1256, 1257, 1258, 1260, 1261, 1262, 1264, 1265, 1266, 1267, 1307, 1308]</msg>
<msg timestamp="20221025 16:30:48.166" level="INFO">Retaining 18 glyphs</msg>
<msg timestamp="20221025 16:30:48.166" level="INFO">head subsetting not needed</msg>
<msg timestamp="20221025 16:30:48.166" level="INFO">hhea subsetting not needed</msg>
<msg timestamp="20221025 16:30:48.174" level="INFO">maxp subsetting not needed</msg>
<msg timestamp="20221025 16:30:48.174" level="INFO">OS/2 subsetting not needed</msg>
<msg timestamp="20221025 16:30:48.174" level="INFO">hmtx subsetted</msg>
<msg timestamp="20221025 16:30:48.182" level="INFO">cmap subsetted</msg>
<msg timestamp="20221025 16:30:48.182" level="INFO">loca subsetting not needed</msg>
<msg timestamp="20221025 16:30:48.182" level="INFO">post subsetted</msg>
<msg timestamp="20221025 16:30:48.182" level="INFO">name subsetting not needed</msg>
<msg timestamp="20221025 16:30:48.188" level="INFO">glyf subsetted</msg>
<msg timestamp="20221025 16:30:48.189" level="INFO">head pruned</msg>
<msg timestamp="20221025 16:30:48.190" level="INFO">OS/2 Unicode ranges pruned: [0]</msg>
<msg timestamp="20221025 16:30:48.192" level="INFO">glyf pruned</msg>
<msg timestamp="20221025 16:30:48.264" level="INFO">maxp pruned</msg>
<msg timestamp="20221025 16:30:48.264" level="INFO">cmap pruned</msg>
<msg timestamp="20221025 16:30:48.264" level="INFO">post pruned</msg>
<msg timestamp="20221025 16:30:48.264" level="INFO">GDEF dropped</msg>
<msg timestamp="20221025 16:30:48.264" level="INFO">GPOS dropped</msg>
<msg timestamp="20221025 16:30:48.272" level="INFO">GSUB dropped</msg>
<msg timestamp="20221025 16:30:48.272" level="INFO">name pruned</msg>
<msg timestamp="20221025 16:30:48.280" level="INFO">glyf pruned</msg>
<msg timestamp="20221025 16:30:48.296" level="INFO">Added gid0 to subset</msg>
<msg timestamp="20221025 16:30:48.296" level="INFO">Added first four glyphs to subset</msg>
<msg timestamp="20221025 16:30:48.296" level="INFO">Closing glyph list over 'glyf': 18 glyphs before</msg>
<msg timestamp="20221025 16:30:48.298" level="INFO">Glyph names: ['.notdef', '.null', 'uni0020', 'uni0030', 'uni0031', 'uni0032', 'uni0033', 'uni0034', 'uni0035', 'uni0036', 'uni0037', 'uni0038', 'uni0039', 'uni0062', 'uni006E', 'uni007B', 'uni007D', 'uni00A0']</msg>
<msg timestamp="20221025 16:30:48.299" level="INFO">Glyph IDs:   [0, 1, 2, 3, 544, 727, 1256, 1257, 1258, 1260, 1261, 1262, 1264, 1265, 1266, 1267, 1307, 1308]</msg>
<msg timestamp="20221025 16:30:48.299" level="INFO">Closed glyph list over 'glyf': 18 glyphs after</msg>
<msg timestamp="20221025 16:30:48.299" level="INFO">Glyph names: ['.notdef', '.null', 'uni0020', 'uni0030', 'uni0031', 'uni0032', 'uni0033', 'uni0034', 'uni0035', 'uni0036', 'uni0037', 'uni0038', 'uni0039', 'uni0062', 'uni006E', 'uni007B', 'uni007D', 'uni00A0']</msg>
<msg timestamp="20221025 16:30:48.299" level="INFO">Glyph IDs:   [0, 1, 2, 3, 544, 727, 1256, 1257, 1258, 1260, 1261, 1262, 1264, 1265, 1266, 1267, 1307, 1308]</msg>
<msg timestamp="20221025 16:30:48.304" level="INFO">Retaining 18 glyphs</msg>
<msg timestamp="20221025 16:30:48.304" level="INFO">head subsetting not needed</msg>
<msg timestamp="20221025 16:30:48.304" level="INFO">hhea subsetting not needed</msg>
<msg timestamp="20221025 16:30:48.304" level="INFO">maxp subsetting not needed</msg>
<msg timestamp="20221025 16:30:48.304" level="INFO">OS/2 subsetting not needed</msg>
<msg timestamp="20221025 16:30:48.312" level="INFO">hmtx subsetted</msg>
<msg timestamp="20221025 16:30:48.320" level="INFO">cmap subsetted</msg>
<msg timestamp="20221025 16:30:48.320" level="INFO">loca subsetting not needed</msg>
<msg timestamp="20221025 16:30:48.320" level="INFO">post subsetted</msg>
<msg timestamp="20221025 16:30:48.320" level="INFO">name subsetting not needed</msg>
<msg timestamp="20221025 16:30:48.320" level="INFO">glyf subsetted</msg>
<msg timestamp="20221025 16:30:48.320" level="INFO">head pruned</msg>
<msg timestamp="20221025 16:30:48.328" level="INFO">OS/2 Unicode ranges pruned: [0]</msg>
<msg timestamp="20221025 16:30:48.328" level="INFO">glyf pruned</msg>
<status status="PASS" starttime="20221025 16:30:47.406" endtime="20221025 16:30:48.376"/>
</kw>
<kw name="Capture Element Screenshot" library="RPA.Browser.Selenium">
<arg>id:robot-preview-image</arg>
<arg>${OUTPUT_DIR}${/}output${/}screenshots${/}robot${order_details}[Order number].png</arg>
<doc>Captures a screenshot from the element identified by ``locator`` and embeds it into log file.</doc>
<msg timestamp="20221025 16:30:48.707" level="INFO" html="true">&lt;/td&gt;&lt;/tr&gt;&lt;tr&gt;&lt;td colspan="3"&gt;&lt;a href="output/screenshots/robot1.png"&gt;&lt;img src="output/screenshots/robot1.png" width="400px"&gt;&lt;/a&gt;</msg>
<status status="PASS" starttime="20221025 16:30:48.384" endtime="20221025 16:30:48.707"/>
</kw>
<kw name="Add Watermark Image To Pdf" library="RPA.PDF">
<arg>${OUTPUT_DIR}${/}output${/}screenshots${/}robot${order_details}[Order number].png</arg>
<arg>${OUTPUT_DIR}${/}output${/}receipts${/}receipt${order_details}[Order number].pdf</arg>
<arg>${OUTPUT_DIR}${/}output${/}receipts${/}receipt${order_details}[Order number].pdf</arg>
<doc>Add an image into an existing or new PDF.</doc>
<msg timestamp="20221025 16:30:49.129" level="INFO">UserWarning: mergePage is deprecated and will be removed in PyPDF2 2.0.0. Use merge_page instead. [_page.py:442]</msg>
<status status="PASS" starttime="20221025 16:30:48.707" endtime="20221025 16:30:49.132"/>
</kw>
<status status="PASS" starttime="20221025 16:30:47.337" endtime="20221025 16:30:49.135"/>
</kw>
<kw name="Wait Until Page Contains Element" library="RPA.Browser.Selenium">
<arg>id:order-another</arg>
<doc>Waits until the element ``locator`` appears on the current page.</doc>
<status status="PASS" starttime="20221025 16:30:49.135" endtime="20221025 16:30:49.163"/>
</kw>
<kw name="Click Button" library="RPA.Browser.Selenium">
<arg>id:order-another</arg>
<doc>Clicks the button identified by ``locator``.</doc>
<msg timestamp="20221025 16:30:49.169" level="INFO">Clicking button 'id:order-another'.</msg>
<status status="PASS" starttime="20221025 16:30:49.163" endtime="20221025 16:30:49.524"/>
</kw>
<kw name="Close the pop-up">
<kw name="Click Button When Visible" library="RPA.Browser.Selenium">
<arg>//button[@class="btn btn-dark"]</arg>
<doc>Click button identified by ``locator``, once it becomes visible.</doc>
<msg timestamp="20221025 16:30:49.573" level="INFO">Clicking button '//button[@class="btn btn-dark"]'.</msg>
<status status="PASS" starttime="20221025 16:30:49.524" endtime="20221025 16:30:49.693"/>
</kw>
<status status="PASS" starttime="20221025 16:30:49.524" endtime="20221025 16:30:49.693"/>
</kw>
<status status="PASS" starttime="20221025 16:30:45.878" endtime="20221025 16:30:49.701"/>
</kw>
<status status="PASS" starttime="20221025 16:30:45.878" endtime="20221025 16:30:49.701"/>
</iter>
<iter>
<var name="${order}">{'Order number': '2', 'Head': '4', 'Body': '1', 'Legs': '5', 'Address': 'Address 456'}</var>
<kw name="Make one order at a time">
<arg>${order}</arg>
<kw name="Select From List By Value" library="RPA.Browser.Selenium">
<arg>head</arg>
<arg>${order_details}[Head]</arg>
<doc>Selects options from selection list ``locator`` by ``values``.</doc>
<msg timestamp="20221025 16:30:49.704" level="INFO">Selecting options from selection list 'head' by value 4.</msg>
<status status="PASS" starttime="20221025 16:30:49.704" endtime="20221025 16:30:49.887"/>
</kw>
<kw name="Select Radio Button" library="RPA.Browser.Selenium">
<arg>body</arg>
<arg>${order_details}[Body]</arg>
<doc>Sets the radio button group ``group_name`` to ``value``.</doc>
<msg timestamp="20221025 16:30:49.895" level="INFO">Selecting '1' from radio button 'body'.</msg>
<status status="PASS" starttime="20221025 16:30:49.895" endtime="20221025 16:30:50.015"/>
</kw>
<kw name="Input Text" library="RPA.Browser.Selenium">
<arg>//input[@placeholder="Enter the part number for the legs"]</arg>
<arg>${order_details}[Legs]</arg>
<doc>Types the given ``text`` into the text field identified by ``locator``.</doc>
<msg timestamp="20221025 16:30:50.022" level="INFO">Typing text '5' into text field '//input[@placeholder="Enter the part number for the legs"]'.</msg>
<status status="PASS" starttime="20221025 16:30:50.015" endtime="20221025 16:30:50.194"/>
</kw>
<kw name="Input Text" library="RPA.Browser.Selenium">
<arg>address</arg>
<arg>${order_details}[Address]</arg>
<doc>Types the given ``text`` into the text field identified by ``locator``.</doc>
<msg timestamp="20221025 16:30:50.202" level="INFO">Typing text 'Address 456' into text field 'address'.</msg>
<status status="PASS" starttime="20221025 16:30:50.202" endtime="20221025 16:30:50.389"/>
</kw>
<kw name="Click Button" library="RPA.Browser.Selenium">
<arg>id:preview</arg>
<doc>Clicks the button identified by ``locator``.</doc>
<msg timestamp="20221025 16:30:50.389" level="INFO">Clicking button 'id:preview'.</msg>
<status status="PASS" starttime="20221025 16:30:50.389" endtime="20221025 16:30:50.551"/>
</kw>
<kw name="Wait Until Page Contains Element" library="RPA.Browser.Selenium">
<arg>id:robot-preview-image</arg>
<doc>Waits until the element ``locator`` appears on the current page.</doc>
<status status="PASS" starttime="20221025 16:30:50.551" endtime="20221025 16:30:50.575"/>
</kw>
<kw name="Click Button" library="RPA.Browser.Selenium">
<arg>id:order</arg>
<doc>Clicks the button identified by ``locator``.</doc>
<msg timestamp="20221025 16:30:50.578" level="INFO">Clicking button 'id:order'.</msg>
<status status="PASS" starttime="20221025 16:30:50.577" endtime="20221025 16:30:50.724"/>
</kw>
<kw name="Check order status">
<for flavor="IN RANGE">
<var>${i}</var>
<value>100</value>
<iter>
<var name="${i}">0</var>
<kw name="Is Element Visible" library="RPA.Browser.Selenium">
<var>${order_status}</var>
<arg>//div[@class="alert alert-danger"]</arg>
<doc>Is element visible</doc>
<msg timestamp="20221025 16:30:50.745" level="INFO" html="true">Ran with keyword &lt;b&gt;Element Should Be Visible&lt;/b&gt; which returned error: &lt;i&gt;Element with locator '//div[@class="alert alert-danger"]' not found.&lt;/i&gt;</msg>
<msg timestamp="20221025 16:30:50.753" level="INFO">${order_status} = False</msg>
<status status="PASS" starttime="20221025 16:30:50.729" endtime="20221025 16:30:50.753"/>
</kw>
<if>
<branch type="IF" condition="'${order_status}'=='True'">
<kw name="Click Button" library="RPA.Browser.Selenium">
<arg>//button[@id="order"]</arg>
<doc>Clicks the button identified by ``locator``.</doc>
<status status="NOT RUN" starttime="20221025 16:30:50.753" endtime="20221025 16:30:50.753"/>
</kw>
<status status="NOT RUN" starttime="20221025 16:30:50.753" endtime="20221025 16:30:50.753"/>
</branch>
<status status="PASS" starttime="20221025 16:30:50.753" endtime="20221025 16:30:50.753"/>
</if>
<if>
<branch type="IF" condition="'${order_status}'=='False'">
<break>
<status status="PASS" starttime="20221025 16:30:50.753" endtime="20221025 16:30:50.753"/>
</break>
<status status="PASS" starttime="20221025 16:30:50.753" endtime="20221025 16:30:50.761"/>
</branch>
<status status="PASS" starttime="20221025 16:30:50.753" endtime="20221025 16:30:50.761"/>
</if>
<status status="PASS" starttime="20221025 16:30:50.729" endtime="20221025 16:30:50.761"/>
</iter>
<status status="PASS" starttime="20221025 16:30:50.729" endtime="20221025 16:30:50.761"/>
</for>
<status status="PASS" starttime="20221025 16:30:50.724" endtime="20221025 16:30:50.761"/>
</kw>
<kw name="Create receipt for the order">
<arg>${order_details}</arg>
<kw name="Get Element Attribute" library="RPA.Browser.Selenium">
<var>${order_receipt}</var>
<arg>id:receipt</arg>
<arg>outerHTML</arg>
<doc>Returns the value of ``attribute`` from the element ``locator``.</doc>
<msg timestamp="20221025 16:30:50.818" level="INFO">${order_receipt} = &lt;div id="receipt" class="alert alert-success" role="alert"&gt;&lt;h3&gt;Receipt&lt;/h3&gt;&lt;div&gt;2022-10-25T11:00:50.712Z&lt;/div&gt;&lt;p class="badge badge-success"&gt;RSB-ROBO-ORDER-87RH3MTDY8&lt;/p&gt;&lt;p&gt;Address 456&lt;/p&gt;&lt;div id="par...</msg>
<status status="PASS" starttime="20221025 16:30:50.761" endtime="20221025 16:30:50.818"/>
</kw>
<kw name="Html To Pdf" library="RPA.PDF">
<arg>${order_receipt}</arg>
<arg>${OUTPUT_DIR}${/}output${/}receipts${/}receipt${order_details}[Order number].pdf</arg>
<doc>Generate a PDF file from HTML content.</doc>
<msg timestamp="20221025 16:30:50.825" level="INFO">Writing output to file C:\Users\smart\OneDrive\Desktop\RPA\Order-Robot\output\receipts\receipt2.pdf</msg>
<msg timestamp="20221025 16:30:51.201" level="INFO">maxp pruned</msg>
<msg timestamp="20221025 16:30:51.208" level="INFO">cmap pruned</msg>
<msg timestamp="20221025 16:30:51.208" level="INFO">post pruned</msg>
<msg timestamp="20221025 16:30:51.208" level="INFO">GDEF dropped</msg>
<msg timestamp="20221025 16:30:51.208" level="INFO">GPOS dropped</msg>
<msg timestamp="20221025 16:30:51.208" level="INFO">GSUB dropped</msg>
<msg timestamp="20221025 16:30:51.208" level="INFO">name pruned</msg>
<msg timestamp="20221025 16:30:51.226" level="INFO">glyf pruned</msg>
<msg timestamp="20221025 16:30:51.229" level="INFO">Added gid0 to subset</msg>
<msg timestamp="20221025 16:30:51.229" level="INFO">Added first four glyphs to subset</msg>
<msg timestamp="20221025 16:30:51.229" level="INFO">Closing glyph list over 'glyf': 56 glyphs before</msg>
<msg timestamp="20221025 16:30:51.229" level="INFO">Glyph names: ['.notdef', '.null', 'uni0020', 'uni0021', 'uni002D', 'uni002E', 'uni0030', 'uni0031', 'uni0032', 'uni0033', 'uni0034', 'uni0035', 'uni0036', 'uni0037', 'uni0038', 'uni0039', 'uni003A', 'uni0041', 'uni0042', 'uni0044', 'uni0045', 'uni0048', 'uni004C', 'uni004D', 'uni004F', 'uni0052', 'uni0053', 'uni0054', 'uni0057', 'uni0059', 'uni005A', 'uni0061', 'uni0062', 'uni0063', 'uni0064', 'uni0065', 'uni0066', 'uni0067', 'uni0068', 'uni0069', 'uni006B', 'uni006C', 'uni006D', 'uni006E', 'uni006F', 'uni0070', 'uni0072', 'uni0073', 'uni0074', 'uni0075', 'uni0076', 'uni0077', 'uni0079', 'uni007B', 'uni007D', 'uni00C4']</msg>
<msg timestamp="20221025 16:30:51.233" level="INFO">Glyph IDs:   [0, 1, 2, 3, 65, 84, 95, 161, 280, 291, 320, 382, 395, 409, 456, 469, 493, 504, 575, 582, 594, 612, 645, 650, 660, 679, 715, 723, 752, 759, 775, 827, 837, 867, 884, 899, 932, 936, 950, 1294, 1295, 1296, 1298, 1299, 1300, 1302, 1303, 1304, 1305, 1329, 1345, 1346, 1361, 1404, 1407, 1681]</msg>
<msg timestamp="20221025 16:30:51.233" level="INFO">Closed glyph list over 'glyf': 56 glyphs after</msg>
<msg timestamp="20221025 16:30:51.233" level="INFO">Glyph names: ['.notdef', '.null', 'uni0020', 'uni0021', 'uni002D', 'uni002E', 'uni0030', 'uni0031', 'uni0032', 'uni0033', 'uni0034', 'uni0035', 'uni0036', 'uni0037', 'uni0038', 'uni0039', 'uni003A', 'uni0041', 'uni0042', 'uni0044', 'uni0045', 'uni0048', 'uni004C', 'uni004D', 'uni004F', 'uni0052', 'uni0053', 'uni0054', 'uni0057', 'uni0059', 'uni005A', 'uni0061', 'uni0062', 'uni0063', 'uni0064', 'uni0065', 'uni0066', 'uni0067', 'uni0068', 'uni0069', 'uni006B', 'uni006C', 'uni006D', 'uni006E', 'uni006F', 'uni0070', 'uni0072', 'uni0073', 'uni0074', 'uni0075', 'uni0076', 'uni0077', 'uni0079', 'uni007B', 'uni007D', 'uni00C4']</msg>
<msg timestamp="20221025 16:30:51.233" level="INFO">Glyph IDs:   [0, 1, 2, 3, 65, 84, 95, 161, 280, 291, 320, 382, 395, 409, 456, 469, 493, 504, 575, 582, 594, 612, 645, 650, 660, 679, 715, 723, 752, 759, 775, 827, 837, 867, 884, 899, 932, 936, 950, 1294, 1295, 1296, 1298, 1299, 1300, 1302, 1303, 1304, 1305, 1329, 1345, 1346, 1361, 1404, 1407, 1681]</msg>
<msg timestamp="20221025 16:30:51.233" level="INFO">Retaining 56 glyphs</msg>
<msg timestamp="20221025 16:30:51.233" level="INFO">head subsetting not needed</msg>
<msg timestamp="20221025 16:30:51.233" level="INFO">hhea subsetting not needed</msg>
<msg timestamp="20221025 16:30:51.233" level="INFO">maxp subsetting not needed</msg>
<msg timestamp="20221025 16:30:51.233" level="INFO">OS/2 subsetting not needed</msg>
<msg timestamp="20221025 16:30:51.247" level="INFO">hmtx subsetted</msg>
<msg timestamp="20221025 16:30:51.258" level="INFO">cmap subsetted</msg>
<msg timestamp="20221025 16:30:51.258" level="INFO">prep subsetting not needed</msg>
<msg timestamp="20221025 16:30:51.258" level="INFO">loca subsetting not needed</msg>
<msg timestamp="20221025 16:30:51.258" level="INFO">post subsetted</msg>
<msg timestamp="20221025 16:30:51.258" level="INFO">gasp subsetting not needed</msg>
<msg timestamp="20221025 16:30:51.258" level="INFO">STAT subsetting not needed</msg>
<msg timestamp="20221025 16:30:51.258" level="INFO">name subsetting not needed</msg>
<msg timestamp="20221025 16:30:51.265" level="INFO">glyf subsetted</msg>
<msg timestamp="20221025 16:30:51.265" level="INFO">head pruned</msg>
<msg timestamp="20221025 16:30:51.271" level="INFO">OS/2 Unicode ranges pruned: [0]</msg>
<msg timestamp="20221025 16:30:51.274" level="INFO">glyf pruned</msg>
<msg timestamp="20221025 16:30:51.396" level="INFO">maxp pruned</msg>
<msg timestamp="20221025 16:30:51.396" level="INFO">cmap pruned</msg>
<msg timestamp="20221025 16:30:51.396" level="INFO">post pruned</msg>
<msg timestamp="20221025 16:30:51.396" level="INFO">GDEF dropped</msg>
<msg timestamp="20221025 16:30:51.404" level="INFO">GPOS dropped</msg>
<msg timestamp="20221025 16:30:51.404" level="INFO">GSUB dropped</msg>
<msg timestamp="20221025 16:30:51.404" level="INFO">name pruned</msg>
<msg timestamp="20221025 16:30:51.417" level="INFO">glyf pruned</msg>
<msg timestamp="20221025 16:30:51.421" level="INFO">Added gid0 to subset</msg>
<msg timestamp="20221025 16:30:51.421" level="INFO">Added first four glyphs to subset</msg>
<msg timestamp="20221025 16:30:51.421" level="INFO">Closing glyph list over 'glyf': 19 glyphs before</msg>
<msg timestamp="20221025 16:30:51.421" level="INFO">Glyph names: ['.notdef', '.null', 'uni0020', 'uni0030', 'uni0031', 'uni0032', 'uni0033', 'uni0034', 'uni0035', 'uni0036', 'uni0037', 'uni0038', 'uni0039', 'uni0041', 'uni0062', 'uni006E', 'uni007B', 'uni007D', 'uni00C4']</msg>
<msg timestamp="20221025 16:30:51.421" level="INFO">Glyph IDs:   [0, 1, 2, 3, 575, 759, 1294, 1295, 1296, 1298, 1299, 1300, 1302, 1303, 1304, 1305, 1345, 1346, 1681]</msg>
<msg timestamp="20221025 16:30:51.427" level="INFO">Closed glyph list over 'glyf': 19 glyphs after</msg>
<msg timestamp="20221025 16:30:51.427" level="INFO">Glyph names: ['.notdef', '.null', 'uni0020', 'uni0030', 'uni0031', 'uni0032', 'uni0033', 'uni0034', 'uni0035', 'uni0036', 'uni0037', 'uni0038', 'uni0039', 'uni0041', 'uni0062', 'uni006E', 'uni007B', 'uni007D', 'uni00C4']</msg>
<msg timestamp="20221025 16:30:51.427" level="INFO">Glyph IDs:   [0, 1, 2, 3, 575, 759, 1294, 1295, 1296, 1298, 1299, 1300, 1302, 1303, 1304, 1305, 1345, 1346, 1681]</msg>
<msg timestamp="20221025 16:30:51.429" level="INFO">Retaining 19 glyphs</msg>
<msg timestamp="20221025 16:30:51.429" level="INFO">head subsetting not needed</msg>
<msg timestamp="20221025 16:30:51.429" level="INFO">hhea subsetting not needed</msg>
<msg timestamp="20221025 16:30:51.429" level="INFO">maxp subsetting not needed</msg>
<msg timestamp="20221025 16:30:51.429" level="INFO">OS/2 subsetting not needed</msg>
<msg timestamp="20221025 16:30:51.437" level="INFO">hmtx subsetted</msg>
<msg timestamp="20221025 16:30:51.448" level="INFO">cmap subsetted</msg>
<msg timestamp="20221025 16:30:51.450" level="INFO">prep subsetting not needed</msg>
<msg timestamp="20221025 16:30:51.450" level="INFO">loca subsetting not needed</msg>
<msg timestamp="20221025 16:30:51.450" level="INFO">post subsetted</msg>
<msg timestamp="20221025 16:30:51.454" level="INFO">gasp subsetting not needed</msg>
<msg timestamp="20221025 16:30:51.454" level="INFO">STAT subsetting not needed</msg>
<msg timestamp="20221025 16:30:51.454" level="INFO">name subsetting not needed</msg>
<msg timestamp="20221025 16:30:51.454" level="INFO">glyf subsetted</msg>
<msg timestamp="20221025 16:30:51.454" level="INFO">head pruned</msg>
<msg timestamp="20221025 16:30:51.463" level="INFO">OS/2 Unicode ranges pruned: [0]</msg>
<msg timestamp="20221025 16:30:51.463" level="INFO">glyf pruned</msg>
<msg timestamp="20221025 16:30:51.544" level="INFO">maxp pruned</msg>
<msg timestamp="20221025 16:30:51.553" level="INFO">cmap pruned</msg>
<msg timestamp="20221025 16:30:51.554" level="INFO">post pruned</msg>
<msg timestamp="20221025 16:30:51.556" level="INFO">GDEF dropped</msg>
<msg timestamp="20221025 16:30:51.556" level="INFO">GPOS dropped</msg>
<msg timestamp="20221025 16:30:51.556" level="INFO">GSUB dropped</msg>
<msg timestamp="20221025 16:30:51.556" level="INFO">name pruned</msg>
<msg timestamp="20221025 16:30:51.571" level="INFO">glyf pruned</msg>
<msg timestamp="20221025 16:30:51.576" level="INFO">Added gid0 to subset</msg>
<msg timestamp="20221025 16:30:51.583" level="INFO">Added first four glyphs to subset</msg>
<msg timestamp="20221025 16:30:51.585" level="INFO">Closing glyph list over 'glyf': 18 glyphs before</msg>
<msg timestamp="20221025 16:30:51.585" level="INFO">Glyph names: ['.notdef', '.null', 'uni0020', 'uni0030', 'uni0031', 'uni0032', 'uni0033', 'uni0034', 'uni0035', 'uni0036', 'uni0037', 'uni0038', 'uni0039', 'uni0062', 'uni006E', 'uni007B', 'uni007D', 'uni00A0']</msg>
<msg timestamp="20221025 16:30:51.586" level="INFO">Glyph IDs:   [0, 1, 2, 3, 544, 727, 1256, 1257, 1258, 1260, 1261, 1262, 1264, 1265, 1266, 1267, 1307, 1308]</msg>
<msg timestamp="20221025 16:30:51.588" level="INFO">Closed glyph list over 'glyf': 18 glyphs after</msg>
<msg timestamp="20221025 16:30:51.588" level="INFO">Glyph names: ['.notdef', '.null', 'uni0020', 'uni0030', 'uni0031', 'uni0032', 'uni0033', 'uni0034', 'uni0035', 'uni0036', 'uni0037', 'uni0038', 'uni0039', 'uni0062', 'uni006E', 'uni007B', 'uni007D', 'uni00A0']</msg>
<msg timestamp="20221025 16:30:51.588" level="INFO">Glyph IDs:   [0, 1, 2, 3, 544, 727, 1256, 1257, 1258, 1260, 1261, 1262, 1264, 1265, 1266, 1267, 1307, 1308]</msg>
<msg timestamp="20221025 16:30:51.590" level="INFO">Retaining 18 glyphs</msg>
<msg timestamp="20221025 16:30:51.593" level="INFO">head subsetting not needed</msg>
<msg timestamp="20221025 16:30:51.593" level="INFO">hhea subsetting not needed</msg>
<msg timestamp="20221025 16:30:51.593" level="INFO">maxp subsetting not needed</msg>
<msg timestamp="20221025 16:30:51.593" level="INFO">OS/2 subsetting not needed</msg>
<msg timestamp="20221025 16:30:51.601" level="INFO">hmtx subsetted</msg>
<msg timestamp="20221025 16:30:51.606" level="INFO">cmap subsetted</msg>
<msg timestamp="20221025 16:30:51.606" level="INFO">loca subsetting not needed</msg>
<msg timestamp="20221025 16:30:51.606" level="INFO">post subsetted</msg>
<msg timestamp="20221025 16:30:51.606" level="INFO">name subsetting not needed</msg>
<msg timestamp="20221025 16:30:51.612" level="INFO">glyf subsetted</msg>
<msg timestamp="20221025 16:30:51.612" level="INFO">head pruned</msg>
<msg timestamp="20221025 16:30:51.612" level="INFO">OS/2 Unicode ranges pruned: [0]</msg>
<msg timestamp="20221025 16:30:51.616" level="INFO">glyf pruned</msg>
<msg timestamp="20221025 16:30:51.688" level="INFO">maxp pruned</msg>
<msg timestamp="20221025 16:30:51.689" level="INFO">cmap pruned</msg>
<msg timestamp="20221025 16:30:51.689" level="INFO">post pruned</msg>
<msg timestamp="20221025 16:30:51.690" level="INFO">GDEF dropped</msg>
<msg timestamp="20221025 16:30:51.690" level="INFO">GPOS dropped</msg>
<msg timestamp="20221025 16:30:51.690" level="INFO">GSUB dropped</msg>
<msg timestamp="20221025 16:30:51.690" level="INFO">name pruned</msg>
<msg timestamp="20221025 16:30:51.704" level="INFO">glyf pruned</msg>
<msg timestamp="20221025 16:30:51.716" level="INFO">Added gid0 to subset</msg>
<msg timestamp="20221025 16:30:51.719" level="INFO">Added first four glyphs to subset</msg>
<msg timestamp="20221025 16:30:51.719" level="INFO">Closing glyph list over 'glyf': 18 glyphs before</msg>
<msg timestamp="20221025 16:30:51.719" level="INFO">Glyph names: ['.notdef', '.null', 'uni0020', 'uni0030', 'uni0031', 'uni0032', 'uni0033', 'uni0034', 'uni0035', 'uni0036', 'uni0037', 'uni0038', 'uni0039', 'uni0062', 'uni006E', 'uni007B', 'uni007D', 'uni00A0']</msg>
<msg timestamp="20221025 16:30:51.722" level="INFO">Glyph IDs:   [0, 1, 2, 3, 544, 727, 1256, 1257, 1258, 1260, 1261, 1262, 1264, 1265, 1266, 1267, 1307, 1308]</msg>
<msg timestamp="20221025 16:30:51.723" level="INFO">Closed glyph list over 'glyf': 18 glyphs after</msg>
<msg timestamp="20221025 16:30:51.723" level="INFO">Glyph names: ['.notdef', '.null', 'uni0020', 'uni0030', 'uni0031', 'uni0032', 'uni0033', 'uni0034', 'uni0035', 'uni0036', 'uni0037', 'uni0038', 'uni0039', 'uni0062', 'uni006E', 'uni007B', 'uni007D', 'uni00A0']</msg>
<msg timestamp="20221025 16:30:51.723" level="INFO">Glyph IDs:   [0, 1, 2, 3, 544, 727, 1256, 1257, 1258, 1260, 1261, 1262, 1264, 1265, 1266, 1267, 1307, 1308]</msg>
<msg timestamp="20221025 16:30:51.723" level="INFO">Retaining 18 glyphs</msg>
<msg timestamp="20221025 16:30:51.723" level="INFO">head subsetting not needed</msg>
<msg timestamp="20221025 16:30:51.723" level="INFO">hhea subsetting not needed</msg>
<msg timestamp="20221025 16:30:51.723" level="INFO">maxp subsetting not needed</msg>
<msg timestamp="20221025 16:30:51.723" level="INFO">OS/2 subsetting not needed</msg>
<msg timestamp="20221025 16:30:51.732" level="INFO">hmtx subsetted</msg>
<msg timestamp="20221025 16:30:51.738" level="INFO">cmap subsetted</msg>
<msg timestamp="20221025 16:30:51.739" level="INFO">loca subsetting not needed</msg>
<msg timestamp="20221025 16:30:51.739" level="INFO">post subsetted</msg>
<msg timestamp="20221025 16:30:51.739" level="INFO">name subsetting not needed</msg>
<msg timestamp="20221025 16:30:51.739" level="INFO">glyf subsetted</msg>
<msg timestamp="20221025 16:30:51.745" level="INFO">head pruned</msg>
<msg timestamp="20221025 16:30:51.746" level="INFO">OS/2 Unicode ranges pruned: [0]</msg>
<msg timestamp="20221025 16:30:51.749" level="INFO">glyf pruned</msg>
<status status="PASS" starttime="20221025 16:30:50.818" endtime="20221025 16:30:51.794"/>
</kw>
<kw name="Capture Element Screenshot" library="RPA.Browser.Selenium">
<arg>id:robot-preview-image</arg>
<arg>${OUTPUT_DIR}${/}output${/}screenshots${/}robot${order_details}[Order number].png</arg>
<doc>Captures a screenshot from the element identified by ``locator`` and embeds it into log file.</doc>
<msg timestamp="20221025 16:30:52.000" level="INFO" html="true">&lt;/td&gt;&lt;/tr&gt;&lt;tr&gt;&lt;td colspan="3"&gt;&lt;a href="output/screenshots/robot2.png"&gt;&lt;img src="output/screenshots/robot2.png" width="400px"&gt;&lt;/a&gt;</msg>
<status status="PASS" starttime="20221025 16:30:51.796" endtime="20221025 16:30:52.000"/>
</kw>
<kw name="Add Watermark Image To Pdf" library="RPA.PDF">
<arg>${OUTPUT_DIR}${/}output${/}screenshots${/}robot${order_details}[Order number].png</arg>
<arg>${OUTPUT_DIR}${/}output${/}receipts${/}receipt${order_details}[Order number].pdf</arg>
<arg>${OUTPUT_DIR}${/}output${/}receipts${/}receipt${order_details}[Order number].pdf</arg>
<doc>Add an image into an existing or new PDF.</doc>
<status status="PASS" starttime="20221025 16:30:52.000" endtime="20221025 16:30:52.167"/>
</kw>
<status status="PASS" starttime="20221025 16:30:50.761" endtime="20221025 16:30:52.167"/>
</kw>
<kw name="Wait Until Page Contains Element" library="RPA.Browser.Selenium">
<arg>id:order-another</arg>
<doc>Waits until the element ``locator`` appears on the current page.</doc>
<status status="PASS" starttime="20221025 16:30:52.167" endtime="20221025 16:30:52.191"/>
</kw>
<kw name="Click Button" library="RPA.Browser.Selenium">
<arg>id:order-another</arg>
<doc>Clicks the button identified by ``locator``.</doc>
<msg timestamp="20221025 16:30:52.191" level="INFO">Clicking button 'id:order-another'.</msg>
<status status="PASS" starttime="20221025 16:30:52.191" endtime="20221025 16:30:52.494"/>
</kw>
<kw name="Close the pop-up">
<kw name="Click Button When Visible" library="RPA.Browser.Selenium">
<arg>//button[@class="btn btn-dark"]</arg>
<doc>Click button identified by ``locator``, once it becomes visible.</doc>
<msg timestamp="20221025 16:30:52.540" level="INFO">Clicking button '//button[@class="btn btn-dark"]'.</msg>
<status status="PASS" starttime="20221025 16:30:52.494" endtime="20221025 16:30:52.677"/>
</kw>
<status status="PASS" starttime="20221025 16:30:52.494" endtime="20221025 16:30:52.677"/>
</kw>
<status status="PASS" starttime="20221025 16:30:49.704" endtime="20221025 16:30:52.677"/>
</kw>
<status status="PASS" starttime="20221025 16:30:49.701" endtime="20221025 16:30:52.677"/>
</iter>
<iter>
<var name="${order}">{'Order number': '3', 'Head': '6', 'Body': '2', 'Legs': '3', 'Address': 'Address 789'}</var>
<kw name="Make one order at a time">
<arg>${order}</arg>
<kw name="Select From List By Value" library="RPA.Browser.Selenium">
<arg>head</arg>
<arg>${order_details}[Head]</arg>
<doc>Selects options from selection list ``locator`` by ``values``.</doc>
<msg timestamp="20221025 16:30:52.685" level="INFO">Selecting options from selection list 'head' by value 6.</msg>
<status status="PASS" starttime="20221025 16:30:52.685" endtime="20221025 16:30:52.879"/>
</kw>
<kw name="Select Radio Button" library="RPA.Browser.Selenium">
<arg>body</arg>
<arg>${order_details}[Body]</arg>
<doc>Sets the radio button group ``group_name`` to ``value``.</doc>
<msg timestamp="20221025 16:30:52.884" level="INFO">Selecting '2' from radio button 'body'.</msg>
<status status="PASS" starttime="20221025 16:30:52.879" endtime="20221025 16:30:53.017"/>
</kw>
<kw name="Input Text" library="RPA.Browser.Selenium">
<arg>//input[@placeholder="Enter the part number for the legs"]</arg>
<arg>${order_details}[Legs]</arg>
<doc>Types the given ``text`` into the text field identified by ``locator``.</doc>
<msg timestamp="20221025 16:30:53.017" level="INFO">Typing text '3' into text field '//input[@placeholder="Enter the part number for the legs"]'.</msg>
<status status="PASS" starttime="20221025 16:30:53.017" endtime="20221025 16:30:53.187"/>
</kw>
<kw name="Input Text" library="RPA.Browser.Selenium">
<arg>address</arg>
<arg>${order_details}[Address]</arg>
<doc>Types the given ``text`` into the text field identified by ``locator``.</doc>
<msg timestamp="20221025 16:30:53.187" level="INFO">Typing text 'Address 789' into text field 'address'.</msg>
<status status="PASS" starttime="20221025 16:30:53.187" endtime="20221025 16:30:53.405"/>
</kw>
<kw name="Click Button" library="RPA.Browser.Selenium">
<arg>id:preview</arg>
<doc>Clicks the button identified by ``locator``.</doc>
<msg timestamp="20221025 16:30:53.405" level="INFO">Clicking button 'id:preview'.</msg>
<status status="PASS" starttime="20221025 16:30:53.405" endtime="20221025 16:30:53.560"/>
</kw>
<kw name="Wait Until Page Contains Element" library="RPA.Browser.Selenium">
<arg>id:robot-preview-image</arg>
<doc>Waits until the element ``locator`` appears on the current page.</doc>
<status status="PASS" starttime="20221025 16:30:53.560" endtime="20221025 16:30:53.584"/>
</kw>
<kw name="Click Button" library="RPA.Browser.Selenium">
<arg>id:order</arg>
<doc>Clicks the button identified by ``locator``.</doc>
<msg timestamp="20221025 16:30:53.584" level="INFO">Clicking button 'id:order'.</msg>
<status status="PASS" starttime="20221025 16:30:53.584" endtime="20221025 16:30:53.737"/>
</kw>
<kw name="Check order status">
<for flavor="IN RANGE">
<var>${i}</var>
<value>100</value>
<iter>
<var name="${i}">0</var>
<kw name="Is Element Visible" library="RPA.Browser.Selenium">
<var>${order_status}</var>
<arg>//div[@class="alert alert-danger"]</arg>
<doc>Is element visible</doc>
<msg timestamp="20221025 16:30:53.761" level="INFO" html="true">Ran with keyword &lt;b&gt;Element Should Be Visible&lt;/b&gt; which returned error: &lt;i&gt;Element with locator '//div[@class="alert alert-danger"]' not found.&lt;/i&gt;</msg>
<msg timestamp="20221025 16:30:53.761" level="INFO">${order_status} = False</msg>
<status status="PASS" starttime="20221025 16:30:53.737" endtime="20221025 16:30:53.761"/>
</kw>
<if>
<branch type="IF" condition="'${order_status}'=='True'">
<kw name="Click Button" library="RPA.Browser.Selenium">
<arg>//button[@id="order"]</arg>
<doc>Clicks the button identified by ``locator``.</doc>
<status status="NOT RUN" starttime="20221025 16:30:53.769" endtime="20221025 16:30:53.769"/>
</kw>
<status status="NOT RUN" starttime="20221025 16:30:53.767" endtime="20221025 16:30:53.769"/>
</branch>
<status status="PASS" starttime="20221025 16:30:53.767" endtime="20221025 16:30:53.769"/>
</if>
<if>
<branch type="IF" condition="'${order_status}'=='False'">
<break>
<status status="PASS" starttime="20221025 16:30:53.769" endtime="20221025 16:30:53.769"/>
</break>
<status status="PASS" starttime="20221025 16:30:53.769" endtime="20221025 16:30:53.769"/>
</branch>
<status status="PASS" starttime="20221025 16:30:53.769" endtime="20221025 16:30:53.769"/>
</if>
<status status="PASS" starttime="20221025 16:30:53.737" endtime="20221025 16:30:53.769"/>
</iter>
<status status="PASS" starttime="20221025 16:30:53.737" endtime="20221025 16:30:53.769"/>
</for>
<status status="PASS" starttime="20221025 16:30:53.737" endtime="20221025 16:30:53.769"/>
</kw>
<kw name="Create receipt for the order">
<arg>${order_details}</arg>
<kw name="Get Element Attribute" library="RPA.Browser.Selenium">
<var>${order_receipt}</var>
<arg>id:receipt</arg>
<arg>outerHTML</arg>
<doc>Returns the value of ``attribute`` from the element ``locator``.</doc>
<msg timestamp="20221025 16:30:53.817" level="INFO">${order_receipt} = &lt;div id="receipt" class="alert alert-success" role="alert"&gt;&lt;h3&gt;Receipt&lt;/h3&gt;&lt;div&gt;2022-10-25T11:00:53.723Z&lt;/div&gt;&lt;p class="badge badge-success"&gt;RSB-ROBO-ORDER-6UUSBINA39&lt;/p&gt;&lt;p&gt;Address 789&lt;/p&gt;&lt;div id="par...</msg>
<status status="PASS" starttime="20221025 16:30:53.777" endtime="20221025 16:30:53.825"/>
</kw>
<kw name="Html To Pdf" library="RPA.PDF">
<arg>${order_receipt}</arg>
<arg>${OUTPUT_DIR}${/}output${/}receipts${/}receipt${order_details}[Order number].pdf</arg>
<doc>Generate a PDF file from HTML content.</doc>
<msg timestamp="20221025 16:30:53.825" level="INFO">Writing output to file C:\Users\smart\OneDrive\Desktop\RPA\Order-Robot\output\receipts\receipt3.pdf</msg>
<msg timestamp="20221025 16:30:54.196" level="INFO">maxp pruned</msg>
<msg timestamp="20221025 16:30:54.196" level="INFO">cmap pruned</msg>
<msg timestamp="20221025 16:30:54.196" level="INFO">post pruned</msg>
<msg timestamp="20221025 16:30:54.196" level="INFO">GDEF dropped</msg>
<msg timestamp="20221025 16:30:54.196" level="INFO">GPOS dropped</msg>
<msg timestamp="20221025 16:30:54.196" level="INFO">GSUB dropped</msg>
<msg timestamp="20221025 16:30:54.204" level="INFO">name pruned</msg>
<msg timestamp="20221025 16:30:54.215" level="INFO">glyf pruned</msg>
<msg timestamp="20221025 16:30:54.220" level="INFO">Added gid0 to subset</msg>
<msg timestamp="20221025 16:30:54.220" level="INFO">Added first four glyphs to subset</msg>
<msg timestamp="20221025 16:30:54.220" level="INFO">Closing glyph list over 'glyf': 58 glyphs before</msg>
<msg timestamp="20221025 16:30:54.220" level="INFO">Glyph names: ['.notdef', '.null', 'uni0020', 'uni0021', 'uni002D', 'uni002E', 'uni0030', 'uni0031', 'uni0032', 'uni0033', 'uni0034', 'uni0035', 'uni0036', 'uni0037', 'uni0038', 'uni0039', 'uni003A', 'uni0041', 'uni0042', 'uni0044', 'uni0045', 'uni0048', 'uni0049', 'uni004C', 'uni004E', 'uni004F', 'uni0052', 'uni0053', 'uni0054', 'uni0055', 'uni0057', 'uni0059', 'uni005A', 'uni0061', 'uni0062', 'uni0063', 'uni0064', 'uni0065', 'uni0066', 'uni0067', 'uni0068', 'uni0069', 'uni006B', 'uni006C', 'uni006D', 'uni006E', 'uni006F', 'uni0070', 'uni0072', 'uni0073', 'uni0074', 'uni0075', 'uni0076', 'uni0077', 'uni0079', 'uni007B', 'uni007D', 'uni00C4']</msg>
<msg timestamp="20221025 16:30:54.220" level="INFO">Glyph IDs:   [0, 1, 2, 3, 65, 84, 95, 161, 197, 280, 299, 320, 382, 395, 409, 421, 456, 469, 493, 504, 575, 582, 594, 612, 645, 650, 660, 679, 715, 723, 752, 759, 775, 827, 837, 867, 884, 899, 932, 936, 950, 1294, 1295, 1296, 1298, 1299, 1300, 1302, 1303, 1304, 1305, 1329, 1345, 1346, 1361, 1404, 1407, 1681]</msg>
<msg timestamp="20221025 16:30:54.220" level="INFO">Closed glyph list over 'glyf': 58 glyphs after</msg>
<msg timestamp="20221025 16:30:54.220" level="INFO">Glyph names: ['.notdef', '.null', 'uni0020', 'uni0021', 'uni002D', 'uni002E', 'uni0030', 'uni0031', 'uni0032', 'uni0033', 'uni0034', 'uni0035', 'uni0036', 'uni0037', 'uni0038', 'uni0039', 'uni003A', 'uni0041', 'uni0042', 'uni0044', 'uni0045', 'uni0048', 'uni0049', 'uni004C', 'uni004E', 'uni004F', 'uni0052', 'uni0053', 'uni0054', 'uni0055', 'uni0057', 'uni0059', 'uni005A', 'uni0061', 'uni0062', 'uni0063', 'uni0064', 'uni0065', 'uni0066', 'uni0067', 'uni0068', 'uni0069', 'uni006B', 'uni006C', 'uni006D', 'uni006E', 'uni006F', 'uni0070', 'uni0072', 'uni0073', 'uni0074', 'uni0075', 'uni0076', 'uni0077', 'uni0079', 'uni007B', 'uni007D', 'uni00C4']</msg>
<msg timestamp="20221025 16:30:54.228" level="INFO">Glyph IDs:   [0, 1, 2, 3, 65, 84, 95, 161, 197, 280, 299, 320, 382, 395, 409, 421, 456, 469, 493, 504, 575, 582, 594, 612, 645, 650, 660, 679, 715, 723, 752, 759, 775, 827, 837, 867, 884, 899, 932, 936, 950, 1294, 1295, 1296, 1298, 1299, 1300, 1302, 1303, 1304, 1305, 1329, 1345, 1346, 1361, 1404, 1407, 1681]</msg>
<msg timestamp="20221025 16:30:54.228" level="INFO">Retaining 58 glyphs</msg>
<msg timestamp="20221025 16:30:54.228" level="INFO">head subsetting not needed</msg>
<msg timestamp="20221025 16:30:54.228" level="INFO">hhea subsetting not needed</msg>
<msg timestamp="20221025 16:30:54.228" level="INFO">maxp subsetting not needed</msg>
<msg timestamp="20221025 16:30:54.228" level="INFO">OS/2 subsetting not needed</msg>
<msg timestamp="20221025 16:30:54.237" level="INFO">hmtx subsetted</msg>
<msg timestamp="20221025 16:30:54.244" level="INFO">cmap subsetted</msg>
<msg timestamp="20221025 16:30:54.244" level="INFO">prep subsetting not needed</msg>
<msg timestamp="20221025 16:30:54.244" level="INFO">loca subsetting not needed</msg>
<msg timestamp="20221025 16:30:54.244" level="INFO">post subsetted</msg>
<msg timestamp="20221025 16:30:54.244" level="INFO">gasp subsetting not needed</msg>
<msg timestamp="20221025 16:30:54.244" level="INFO">STAT subsetting not needed</msg>
<msg timestamp="20221025 16:30:54.244" level="INFO">name subsetting not needed</msg>
<msg timestamp="20221025 16:30:54.253" level="INFO">glyf subsetted</msg>
<msg timestamp="20221025 16:30:54.253" level="INFO">head pruned</msg>
<msg timestamp="20221025 16:30:54.253" level="INFO">OS/2 Unicode ranges pruned: [0]</msg>
<msg timestamp="20221025 16:30:54.261" level="INFO">glyf pruned</msg>
<msg timestamp="20221025 16:30:54.373" level="INFO">maxp pruned</msg>
<msg timestamp="20221025 16:30:54.373" level="INFO">cmap pruned</msg>
<msg timestamp="20221025 16:30:54.381" level="INFO">post pruned</msg>
<msg timestamp="20221025 16:30:54.381" level="INFO">GDEF dropped</msg>
<msg timestamp="20221025 16:30:54.381" level="INFO">GPOS dropped</msg>
<msg timestamp="20221025 16:30:54.381" level="INFO">GSUB dropped</msg>
<msg timestamp="20221025 16:30:54.381" level="INFO">name pruned</msg>
<msg timestamp="20221025 16:30:54.397" level="INFO">glyf pruned</msg>
<msg timestamp="20221025 16:30:54.397" level="INFO">Added gid0 to subset</msg>
<msg timestamp="20221025 16:30:54.397" level="INFO">Added first four glyphs to subset</msg>
<msg timestamp="20221025 16:30:54.397" level="INFO">Closing glyph list over 'glyf': 19 glyphs before</msg>
<msg timestamp="20221025 16:30:54.397" level="INFO">Glyph names: ['.notdef', '.null', 'uni0020', 'uni0030', 'uni0031', 'uni0032', 'uni0033', 'uni0034', 'uni0035', 'uni0036', 'uni0037', 'uni0038', 'uni0039', 'uni0041', 'uni0062', 'uni006E', 'uni007B', 'uni007D', 'uni00C4']</msg>
<msg timestamp="20221025 16:30:54.405" level="INFO">Glyph IDs:   [0, 1, 2, 3, 575, 759, 1294, 1295, 1296, 1298, 1299, 1300, 1302, 1303, 1304, 1305, 1345, 1346, 1681]</msg>
<msg timestamp="20221025 16:30:54.405" level="INFO">Closed glyph list over 'glyf': 19 glyphs after</msg>
<msg timestamp="20221025 16:30:54.405" level="INFO">Glyph names: ['.notdef', '.null', 'uni0020', 'uni0030', 'uni0031', 'uni0032', 'uni0033', 'uni0034', 'uni0035', 'uni0036', 'uni0037', 'uni0038', 'uni0039', 'uni0041', 'uni0062', 'uni006E', 'uni007B', 'uni007D', 'uni00C4']</msg>
<msg timestamp="20221025 16:30:54.405" level="INFO">Glyph IDs:   [0, 1, 2, 3, 575, 759, 1294, 1295, 1296, 1298, 1299, 1300, 1302, 1303, 1304, 1305, 1345, 1346, 1681]</msg>
<msg timestamp="20221025 16:30:54.405" level="INFO">Retaining 19 glyphs</msg>
<msg timestamp="20221025 16:30:54.405" level="INFO">head subsetting not needed</msg>
<msg timestamp="20221025 16:30:54.405" level="INFO">hhea subsetting not needed</msg>
<msg timestamp="20221025 16:30:54.413" level="INFO">maxp subsetting not needed</msg>
<msg timestamp="20221025 16:30:54.413" level="INFO">OS/2 subsetting not needed</msg>
<msg timestamp="20221025 16:30:54.421" level="INFO">hmtx subsetted</msg>
<msg timestamp="20221025 16:30:54.429" level="INFO">cmap subsetted</msg>
<msg timestamp="20221025 16:30:54.429" level="INFO">prep subsetting not needed</msg>
<msg timestamp="20221025 16:30:54.429" level="INFO">loca subsetting not needed</msg>
<msg timestamp="20221025 16:30:54.432" level="INFO">post subsetted</msg>
<msg timestamp="20221025 16:30:54.432" level="INFO">gasp subsetting not needed</msg>
<msg timestamp="20221025 16:30:54.433" level="INFO">STAT subsetting not needed</msg>
<msg timestamp="20221025 16:30:54.433" level="INFO">name subsetting not needed</msg>
<msg timestamp="20221025 16:30:54.437" level="INFO">glyf subsetted</msg>
<msg timestamp="20221025 16:30:54.437" level="INFO">head pruned</msg>
<msg timestamp="20221025 16:30:54.437" level="INFO">OS/2 Unicode ranges pruned: [0]</msg>
<msg timestamp="20221025 16:30:54.437" level="INFO">glyf pruned</msg>
<msg timestamp="20221025 16:30:54.517" level="INFO">maxp pruned</msg>
<msg timestamp="20221025 16:30:54.517" level="INFO">cmap pruned</msg>
<msg timestamp="20221025 16:30:54.517" level="INFO">post pruned</msg>
<msg timestamp="20221025 16:30:54.517" level="INFO">GDEF dropped</msg>
<msg timestamp="20221025 16:30:54.517" level="INFO">GPOS dropped</msg>
<msg timestamp="20221025 16:30:54.517" level="INFO">GSUB dropped</msg>
<msg timestamp="20221025 16:30:54.517" level="INFO">name pruned</msg>
<msg timestamp="20221025 16:30:54.533" level="INFO">glyf pruned</msg>
<msg timestamp="20221025 16:30:54.545" level="INFO">Added gid0 to subset</msg>
<msg timestamp="20221025 16:30:54.545" level="INFO">Added first four glyphs to subset</msg>
<msg timestamp="20221025 16:30:54.549" level="INFO">Closing glyph list over 'glyf': 18 glyphs before</msg>
<msg timestamp="20221025 16:30:54.549" level="INFO">Glyph names: ['.notdef', '.null', 'uni0020', 'uni0030', 'uni0031', 'uni0032', 'uni0033', 'uni0034', 'uni0035', 'uni0036', 'uni0037', 'uni0038', 'uni0039', 'uni0062', 'uni006E', 'uni007B', 'uni007D', 'uni00A0']</msg>
<msg timestamp="20221025 16:30:54.549" level="INFO">Glyph IDs:   [0, 1, 2, 3, 544, 727, 1256, 1257, 1258, 1260, 1261, 1262, 1264, 1265, 1266, 1267, 1307, 1308]</msg>
<msg timestamp="20221025 16:30:54.549" level="INFO">Closed glyph list over 'glyf': 18 glyphs after</msg>
<msg timestamp="20221025 16:30:54.549" level="INFO">Glyph names: ['.notdef', '.null', 'uni0020', 'uni0030', 'uni0031', 'uni0032', 'uni0033', 'uni0034', 'uni0035', 'uni0036', 'uni0037', 'uni0038', 'uni0039', 'uni0062', 'uni006E', 'uni007B', 'uni007D', 'uni00A0']</msg>
<msg timestamp="20221025 16:30:54.549" level="INFO">Glyph IDs:   [0, 1, 2, 3, 544, 727, 1256, 1257, 1258, 1260, 1261, 1262, 1264, 1265, 1266, 1267, 1307, 1308]</msg>
<msg timestamp="20221025 16:30:54.558" level="INFO">Retaining 18 glyphs</msg>
<msg timestamp="20221025 16:30:54.558" level="INFO">head subsetting not needed</msg>
<msg timestamp="20221025 16:30:54.558" level="INFO">hhea subsetting not needed</msg>
<msg timestamp="20221025 16:30:54.558" level="INFO">maxp subsetting not needed</msg>
<msg timestamp="20221025 16:30:54.558" level="INFO">OS/2 subsetting not needed</msg>
<msg timestamp="20221025 16:30:54.566" level="INFO">hmtx subsetted</msg>
<msg timestamp="20221025 16:30:54.574" level="INFO">cmap subsetted</msg>
<msg timestamp="20221025 16:30:54.574" level="INFO">loca subsetting not needed</msg>
<msg timestamp="20221025 16:30:54.574" level="INFO">post subsetted</msg>
<msg timestamp="20221025 16:30:54.574" level="INFO">name subsetting not needed</msg>
<msg timestamp="20221025 16:30:54.574" level="INFO">glyf subsetted</msg>
<msg timestamp="20221025 16:30:54.582" level="INFO">head pruned</msg>
<msg timestamp="20221025 16:30:54.582" level="INFO">OS/2 Unicode ranges pruned: [0]</msg>
<msg timestamp="20221025 16:30:54.582" level="INFO">glyf pruned</msg>
<msg timestamp="20221025 16:30:54.654" level="INFO">maxp pruned</msg>
<msg timestamp="20221025 16:30:54.654" level="INFO">cmap pruned</msg>
<msg timestamp="20221025 16:30:54.662" level="INFO">post pruned</msg>
<msg timestamp="20221025 16:30:54.662" level="INFO">GDEF dropped</msg>
<msg timestamp="20221025 16:30:54.662" level="INFO">GPOS dropped</msg>
<msg timestamp="20221025 16:30:54.662" level="INFO">GSUB dropped</msg>
<msg timestamp="20221025 16:30:54.662" level="INFO">name pruned</msg>
<msg timestamp="20221025 16:30:54.678" level="INFO">glyf pruned</msg>
<msg timestamp="20221025 16:30:54.686" level="INFO">Added gid0 to subset</msg>
<msg timestamp="20221025 16:30:54.686" level="INFO">Added first four glyphs to subset</msg>
<msg timestamp="20221025 16:30:54.686" level="INFO">Closing glyph list over 'glyf': 18 glyphs before</msg>
<msg timestamp="20221025 16:30:54.686" level="INFO">Glyph names: ['.notdef', '.null', 'uni0020', 'uni0030', 'uni0031', 'uni0032', 'uni0033', 'uni0034', 'uni0035', 'uni0036', 'uni0037', 'uni0038', 'uni0039', 'uni0062', 'uni006E', 'uni007B', 'uni007D', 'uni00A0']</msg>
<msg timestamp="20221025 16:30:54.694" level="INFO">Glyph IDs:   [0, 1, 2, 3, 544, 727, 1256, 1257, 1258, 1260, 1261, 1262, 1264, 1265, 1266, 1267, 1307, 1308]</msg>
<msg timestamp="20221025 16:30:54.694" level="INFO">Closed glyph list over 'glyf': 18 glyphs after</msg>
<msg timestamp="20221025 16:30:54.694" level="INFO">Glyph names: ['.notdef', '.null', 'uni0020', 'uni0030', 'uni0031', 'uni0032', 'uni0033', 'uni0034', 'uni0035', 'uni0036', 'uni0037', 'uni0038', 'uni0039', 'uni0062', 'uni006E', 'uni007B', 'uni007D', 'uni00A0']</msg>
<msg timestamp="20221025 16:30:54.694" level="INFO">Glyph IDs:   [0, 1, 2, 3, 544, 727, 1256, 1257, 1258, 1260, 1261, 1262, 1264, 1265, 1266, 1267, 1307, 1308]</msg>
<msg timestamp="20221025 16:30:54.694" level="INFO">Retaining 18 glyphs</msg>
<msg timestamp="20221025 16:30:54.702" level="INFO">head subsetting not needed</msg>
<msg timestamp="20221025 16:30:54.702" level="INFO">hhea subsetting not needed</msg>
<msg timestamp="20221025 16:30:54.702" level="INFO">maxp subsetting not needed</msg>
<msg timestamp="20221025 16:30:54.702" level="INFO">OS/2 subsetting not needed</msg>
<msg timestamp="20221025 16:30:54.710" level="INFO">hmtx subsetted</msg>
<msg timestamp="20221025 16:30:54.718" level="INFO">cmap subsetted</msg>
<msg timestamp="20221025 16:30:54.718" level="INFO">loca subsetting not needed</msg>
<msg timestamp="20221025 16:30:54.718" level="INFO">post subsetted</msg>
<msg timestamp="20221025 16:30:54.718" level="INFO">name subsetting not needed</msg>
<msg timestamp="20221025 16:30:54.718" level="INFO">glyf subsetted</msg>
<msg timestamp="20221025 16:30:54.718" level="INFO">head pruned</msg>
<msg timestamp="20221025 16:30:54.726" level="INFO">OS/2 Unicode ranges pruned: [0]</msg>
<msg timestamp="20221025 16:30:54.726" level="INFO">glyf pruned</msg>
<status status="PASS" starttime="20221025 16:30:53.825" endtime="20221025 16:30:54.774"/>
</kw>
<kw name="Capture Element Screenshot" library="RPA.Browser.Selenium">
<arg>id:robot-preview-image</arg>
<arg>${OUTPUT_DIR}${/}output${/}screenshots${/}robot${order_details}[Order number].png</arg>
<doc>Captures a screenshot from the element identified by ``locator`` and embeds it into log file.</doc>
<msg timestamp="20221025 16:30:55.009" level="INFO" html="true">&lt;/td&gt;&lt;/tr&gt;&lt;tr&gt;&lt;td colspan="3"&gt;&lt;a href="output/screenshots/robot3.png"&gt;&lt;img src="output/screenshots/robot3.png" width="400px"&gt;&lt;/a&gt;</msg>
<status status="PASS" starttime="20221025 16:30:54.774" endtime="20221025 16:30:55.009"/>
</kw>
<kw name="Add Watermark Image To Pdf" library="RPA.PDF">
<arg>${OUTPUT_DIR}${/}output${/}screenshots${/}robot${order_details}[Order number].png</arg>
<arg>${OUTPUT_DIR}${/}output${/}receipts${/}receipt${order_details}[Order number].pdf</arg>
<arg>${OUTPUT_DIR}${/}output${/}receipts${/}receipt${order_details}[Order number].pdf</arg>
<doc>Add an image into an existing or new PDF.</doc>
<status status="PASS" starttime="20221025 16:30:55.009" endtime="20221025 16:30:55.219"/>
</kw>
<status status="PASS" starttime="20221025 16:30:53.769" endtime="20221025 16:30:55.219"/>
</kw>
<kw name="Wait Until Page Contains Element" library="RPA.Browser.Selenium">
<arg>id:order-another</arg>
<doc>Waits until the element ``locator`` appears on the current page.</doc>
<status status="PASS" starttime="20221025 16:30:55.227" endtime="20221025 16:30:55.251"/>
</kw>
<kw name="Click Button" library="RPA.Browser.Selenium">
<arg>id:order-another</arg>
<doc>Clicks the button identified by ``locator``.</doc>
<msg timestamp="20221025 16:30:55.251" level="INFO">Clicking button 'id:order-another'.</msg>
<status status="PASS" starttime="20221025 16:30:55.251" endtime="20221025 16:30:55.574"/>
</kw>
<kw name="Close the pop-up">
<kw name="Click Button When Visible" library="RPA.Browser.Selenium">
<arg>//button[@class="btn btn-dark"]</arg>
<doc>Click button identified by ``locator``, once it becomes visible.</doc>
<msg timestamp="20221025 16:30:55.622" level="INFO">Clicking button '//button[@class="btn btn-dark"]'.</msg>
<status status="PASS" starttime="20221025 16:30:55.576" endtime="20221025 16:30:55.747"/>
</kw>
<status status="PASS" starttime="20221025 16:30:55.576" endtime="20221025 16:30:55.752"/>
</kw>
<status status="PASS" starttime="20221025 16:30:52.685" endtime="20221025 16:30:55.752"/>
</kw>
<status status="PASS" starttime="20221025 16:30:52.685" endtime="20221025 16:30:55.752"/>
</iter>
<iter>
<var name="${order}">{'Order number': '4', 'Head': '2', 'Body': '3', 'Legs': '2', 'Address': 'Address 1'}</var>
<kw name="Make one order at a time">
<arg>${order}</arg>
<kw name="Select From List By Value" library="RPA.Browser.Selenium">
<arg>head</arg>
<arg>${order_details}[Head]</arg>
<doc>Selects options from selection list ``locator`` by ``values``.</doc>
<msg timestamp="20221025 16:30:55.760" level="INFO">Selecting options from selection list 'head' by value 2.</msg>
<status status="PASS" starttime="20221025 16:30:55.752" endtime="20221025 16:30:55.939"/>
</kw>
<kw name="Select Radio Button" library="RPA.Browser.Selenium">
<arg>body</arg>
<arg>${order_details}[Body]</arg>
<doc>Sets the radio button group ``group_name`` to ``value``.</doc>
<msg timestamp="20221025 16:30:55.947" level="INFO">Selecting '3' from radio button 'body'.</msg>
<status status="PASS" starttime="20221025 16:30:55.939" endtime="20221025 16:30:56.086"/>
</kw>
<kw name="Input Text" library="RPA.Browser.Selenium">
<arg>//input[@placeholder="Enter the part number for the legs"]</arg>
<arg>${order_details}[Legs]</arg>
<doc>Types the given ``text`` into the text field identified by ``locator``.</doc>
<msg timestamp="20221025 16:30:56.086" level="INFO">Typing text '2' into text field '//input[@placeholder="Enter the part number for the legs"]'.</msg>
<status status="PASS" starttime="20221025 16:30:56.086" endtime="20221025 16:30:56.298"/>
</kw>
<kw name="Input Text" library="RPA.Browser.Selenium">
<arg>address</arg>
<arg>${order_details}[Address]</arg>
<doc>Types the given ``text`` into the text field identified by ``locator``.</doc>
<msg timestamp="20221025 16:30:56.298" level="INFO">Typing text 'Address 1' into text field 'address'.</msg>
<status status="PASS" starttime="20221025 16:30:56.298" endtime="20221025 16:30:56.525"/>
</kw>
<kw name="Click Button" library="RPA.Browser.Selenium">
<arg>id:preview</arg>
<doc>Clicks the button identified by ``locator``.</doc>
<msg timestamp="20221025 16:30:56.533" level="INFO">Clicking button 'id:preview'.</msg>
<status status="PASS" starttime="20221025 16:30:56.525" endtime="20221025 16:30:56.686"/>
</kw>
<kw name="Wait Until Page Contains Element" library="RPA.Browser.Selenium">
<arg>id:robot-preview-image</arg>
<doc>Waits until the element ``locator`` appears on the current page.</doc>
<status status="PASS" starttime="20221025 16:30:56.686" endtime="20221025 16:30:56.710"/>
</kw>
<kw name="Click Button" library="RPA.Browser.Selenium">
<arg>id:order</arg>
<doc>Clicks the button identified by ``locator``.</doc>
<msg timestamp="20221025 16:30:56.710" level="INFO">Clicking button 'id:order'.</msg>
<status status="PASS" starttime="20221025 16:30:56.710" endtime="20221025 16:30:56.856"/>
</kw>
<kw name="Check order status">
<for flavor="IN RANGE">
<var>${i}</var>
<value>100</value>
<iter>
<var name="${i}">0</var>
<kw name="Is Element Visible" library="RPA.Browser.Selenium">
<var>${order_status}</var>
<arg>//div[@class="alert alert-danger"]</arg>
<doc>Is element visible</doc>
<msg timestamp="20221025 16:30:56.913" level="INFO">Element '//div[@class="alert alert-danger"]' is displayed.</msg>
<msg timestamp="20221025 16:30:56.913" level="INFO">${order_status} = True</msg>
<status status="PASS" starttime="20221025 16:30:56.856" endtime="20221025 16:30:56.913"/>
</kw>
<if>
<branch type="IF" condition="'${order_status}'=='True'">
<kw name="Click Button" library="RPA.Browser.Selenium">
<arg>//button[@id="order"]</arg>
<doc>Clicks the button identified by ``locator``.</doc>
<msg timestamp="20221025 16:30:56.913" level="INFO">Clicking button '//button[@id="order"]'.</msg>
<status status="PASS" starttime="20221025 16:30:56.913" endtime="20221025 16:30:57.065"/>
</kw>
<status status="PASS" starttime="20221025 16:30:56.913" endtime="20221025 16:30:57.065"/>
</branch>
<status status="PASS" starttime="20221025 16:30:56.913" endtime="20221025 16:30:57.065"/>
</if>
<if>
<branch type="IF" condition="'${order_status}'=='False'">
<break>
<status status="NOT RUN" starttime="20221025 16:30:57.065" endtime="20221025 16:30:57.065"/>
</break>
<status status="NOT RUN" starttime="20221025 16:30:57.065" endtime="20221025 16:30:57.073"/>
</branch>
<status status="PASS" starttime="20221025 16:30:57.065" endtime="20221025 16:30:57.073"/>
</if>
<status status="PASS" starttime="20221025 16:30:56.856" endtime="20221025 16:30:57.073"/>
</iter>
<iter>
<var name="${i}">1</var>
<kw name="Is Element Visible" library="RPA.Browser.Selenium">
<var>${order_status}</var>
<arg>//div[@class="alert alert-danger"]</arg>
<doc>Is element visible</doc>
<msg timestamp="20221025 16:30:57.089" level="INFO" html="true">Ran with keyword &lt;b&gt;Element Should Be Visible&lt;/b&gt; which returned error: &lt;i&gt;Element with locator '//div[@class="alert alert-danger"]' not found.&lt;/i&gt;</msg>
<msg timestamp="20221025 16:30:57.097" level="INFO">${order_status} = False</msg>
<status status="PASS" starttime="20221025 16:30:57.073" endtime="20221025 16:30:57.097"/>
</kw>
<if>
<branch type="IF" condition="'${order_status}'=='True'">
<kw name="Click Button" library="RPA.Browser.Selenium">
<arg>//button[@id="order"]</arg>
<doc>Clicks the button identified by ``locator``.</doc>
<status status="NOT RUN" starttime="20221025 16:30:57.100" endtime="20221025 16:30:57.100"/>
</kw>
<status status="NOT RUN" starttime="20221025 16:30:57.100" endtime="20221025 16:30:57.100"/>
</branch>
<status status="PASS" starttime="20221025 16:30:57.097" endtime="20221025 16:30:57.100"/>
</if>
<if>
<branch type="IF" condition="'${order_status}'=='False'">
<break>
<status status="PASS" starttime="20221025 16:30:57.100" endtime="20221025 16:30:57.106"/>
</break>
<status status="PASS" starttime="20221025 16:30:57.100" endtime="20221025 16:30:57.106"/>
</branch>
<status status="PASS" starttime="20221025 16:30:57.100" endtime="20221025 16:30:57.106"/>
</if>
<status status="PASS" starttime="20221025 16:30:57.073" endtime="20221025 16:30:57.106"/>
</iter>
<status status="PASS" starttime="20221025 16:30:56.856" endtime="20221025 16:30:57.106"/>
</for>
<status status="PASS" starttime="20221025 16:30:56.856" endtime="20221025 16:30:57.106"/>
</kw>
<kw name="Create receipt for the order">
<arg>${order_details}</arg>
<kw name="Get Element Attribute" library="RPA.Browser.Selenium">
<var>${order_receipt}</var>
<arg>id:receipt</arg>
<arg>outerHTML</arg>
<doc>Returns the value of ``attribute`` from the element ``locator``.</doc>
<msg timestamp="20221025 16:30:57.162" level="INFO">${order_receipt} = &lt;div id="receipt" class="alert alert-success" role="alert"&gt;&lt;h3&gt;Receipt&lt;/h3&gt;&lt;div&gt;2022-10-25T11:00:57.053Z&lt;/div&gt;&lt;p class="badge badge-success"&gt;RSB-ROBO-ORDER-FLW716VIQW&lt;/p&gt;&lt;p&gt;Address 1&lt;/p&gt;&lt;div id="parts...</msg>
<status status="PASS" starttime="20221025 16:30:57.106" endtime="20221025 16:30:57.162"/>
</kw>
<kw name="Html To Pdf" library="RPA.PDF">
<arg>${order_receipt}</arg>
<arg>${OUTPUT_DIR}${/}output${/}receipts${/}receipt${order_details}[Order number].pdf</arg>
<doc>Generate a PDF file from HTML content.</doc>
<msg timestamp="20221025 16:30:57.169" level="INFO">Writing output to file C:\Users\smart\OneDrive\Desktop\RPA\Order-Robot\output\receipts\receipt4.pdf</msg>
<msg timestamp="20221025 16:30:57.550" level="INFO">maxp pruned</msg>
<msg timestamp="20221025 16:30:57.558" level="INFO">cmap pruned</msg>
<msg timestamp="20221025 16:30:57.558" level="INFO">post pruned</msg>
<msg timestamp="20221025 16:30:57.558" level="INFO">GDEF dropped</msg>
<msg timestamp="20221025 16:30:57.558" level="INFO">GPOS dropped</msg>
<msg timestamp="20221025 16:30:57.558" level="INFO">GSUB dropped</msg>
<msg timestamp="20221025 16:30:57.558" level="INFO">name pruned</msg>
<msg timestamp="20221025 16:30:57.574" level="INFO">glyf pruned</msg>
<msg timestamp="20221025 16:30:57.574" level="INFO">Added gid0 to subset</msg>
<msg timestamp="20221025 16:30:57.574" level="INFO">Added first four glyphs to subset</msg>
<msg timestamp="20221025 16:30:57.574" level="INFO">Closing glyph list over 'glyf': 59 glyphs before</msg>
<msg timestamp="20221025 16:30:57.574" level="INFO">Glyph names: ['.notdef', '.null', 'uni0020', 'uni0021', 'uni002D', 'uni002E', 'uni0030', 'uni0031', 'uni0032', 'uni0033', 'uni0034', 'uni0035', 'uni0036', 'uni0037', 'uni0038', 'uni0039', 'uni003A', 'uni0041', 'uni0042', 'uni0044', 'uni0045', 'uni0046', 'uni0048', 'uni0049', 'uni004C', 'uni004F', 'uni0051', 'uni0052', 'uni0053', 'uni0054', 'uni0056', 'uni0057', 'uni0059', 'uni005A', 'uni0061', 'uni0062', 'uni0063', 'uni0064', 'uni0065', 'uni0066', 'uni0067', 'uni0068', 'uni0069', 'uni006B', 'uni006C', 'uni006D', 'uni006E', 'uni006F', 'uni0070', 'uni0072', 'uni0073', 'uni0074', 'uni0075', 'uni0076', 'uni0077', 'uni0079', 'uni007B', 'uni007D', 'uni00C4']</msg>
<msg timestamp="20221025 16:30:57.582" level="INFO">Glyph IDs:   [0, 1, 2, 3, 65, 84, 95, 137, 161, 197, 280, 320, 381, 382, 395, 409, 453, 456, 469, 493, 504, 575, 582, 594, 612, 645, 650, 660, 679, 715, 723, 752, 759, 775, 827, 837, 867, 884, 899, 932, 936, 950, 1294, 1295, 1296, 1298, 1299, 1300, 1302, 1303, 1304, 1305, 1329, 1345, 1346, 1361, 1404, 1407, 1681]</msg>
[...]
<arg>//button[@id="order"]</arg>
<doc>Clicks the button identified by ``locator``.</doc>
<status status="NOT RUN" starttime="20221025 16:31:47.472" endtime="20221025 16:31:47.472"/>
</kw>
<status status="NOT RUN" starttime="20221025 16:31:47.472" endtime="20221025 16:31:47.472"/>
</branch>
<status status="PASS" starttime="20221025 16:31:47.464" endtime="20221025 16:31:47.472"/>
</if>
<if>
<branch type="IF" condition="'${order_status}'=='False'">
<break>
<status status="PASS" starttime="20221025 16:31:47.472" endtime="20221025 16:31:47.472"/>
</break>
<status status="PASS" starttime="20221025 16:31:47.472" endtime="20221025 16:31:47.472"/>
</branch>
<status status="PASS" starttime="20221025 16:31:47.472" endtime="20221025 16:31:47.472"/>
</if>
<status status="PASS" starttime="20221025 16:31:47.439" endtime="20221025 16:31:47.472"/>
</iter>
<status status="PASS" starttime="20221025 16:31:47.439" endtime="20221025 16:31:47.472"/>
</for>
<status status="PASS" starttime="20221025 16:31:47.439" endtime="20221025 16:31:47.481"/>
</kw>
<kw name="Create receipt for the order">
<arg>${order_details}</arg>
<kw name="Get Element Attribute" library="RPA.Browser.Selenium">
<var>${order_receipt}</var>
<arg>id:receipt</arg>
<arg>outerHTML</arg>
<doc>Returns the value of ``attribute`` from the element ``locator``.</doc>
<msg timestamp="20221025 16:31:47.533" level="INFO">${order_receipt} = &lt;div id="receipt" class="alert alert-success" role="alert"&gt;&lt;h3&gt;Receipt&lt;/h3&gt;&lt;div&gt;2022-10-25T11:01:47.423Z&lt;/div&gt;&lt;p class="badge badge-success"&gt;RSB-ROBO-ORDER-O2C7YVYNIC&lt;/p&gt;&lt;p&gt;Address H&lt;/p&gt;&lt;div id="parts...</msg>
<status status="PASS" starttime="20221025 16:31:47.481" endtime="20221025 16:31:47.533"/>
</kw>
<kw name="Html To Pdf" library="RPA.PDF">
<arg>${order_receipt}</arg>
<arg>${OUTPUT_DIR}${/}output${/}receipts${/}receipt${order_details}[Order number].pdf</arg>
<doc>Generate a PDF file from HTML content.</doc>
<msg timestamp="20221025 16:31:47.537" level="INFO">Writing output to file C:\Users\smart\OneDrive\Desktop\RPA\Order-Robot\output\receipts\receipt20.pdf</msg>
<msg timestamp="20221025 16:31:47.910" level="INFO">maxp pruned</msg>
<msg timestamp="20221025 16:31:47.910" level="INFO">cmap pruned</msg>
<msg timestamp="20221025 16:31:47.910" level="INFO">post pruned</msg>
<msg timestamp="20221025 16:31:47.910" level="INFO">GDEF dropped</msg>
<msg timestamp="20221025 16:31:47.915" level="INFO">GPOS dropped</msg>
<msg timestamp="20221025 16:31:47.915" level="INFO">GSUB dropped</msg>
<msg timestamp="20221025 16:31:47.915" level="INFO">name pruned</msg>
<msg timestamp="20221025 16:31:47.933" level="INFO">glyf pruned</msg>
<msg timestamp="20221025 16:31:47.934" level="INFO">Added gid0 to subset</msg>
<msg timestamp="20221025 16:31:47.934" level="INFO">Added first four glyphs to subset</msg>
<msg timestamp="20221025 16:31:47.934" level="INFO">Closing glyph list over 'glyf': 59 glyphs before</msg>
<msg timestamp="20221025 16:31:47.934" level="INFO">Glyph names: ['.notdef', '.null', 'uni0020', 'uni0021', 'uni002D', 'uni002E', 'uni0030', 'uni0031', 'uni0032', 'uni0033', 'uni0034', 'uni0035', 'uni0036', 'uni0037', 'uni0038', 'uni0039', 'uni003A', 'uni0041', 'uni0042', 'uni0043', 'uni0044', 'uni0045', 'uni0048', 'uni0049', 'uni004C', 'uni004E', 'uni004F', 'uni0052', 'uni0053', 'uni0054', 'uni0056', 'uni0057', 'uni0059', 'uni005A', 'uni0061', 'uni0062', 'uni0063', 'uni0064', 'uni0065', 'uni0066', 'uni0067', 'uni0068', 'uni0069', 'uni006B', 'uni006C', 'uni006D', 'uni006E', 'uni006F', 'uni0070', 'uni0072', 'uni0073', 'uni0074', 'uni0075', 'uni0076', 'uni0077', 'uni0079', 'uni007B', 'uni007D', 'uni00C4']</msg>
<msg timestamp="20221025 16:31:47.940" level="INFO">Glyph IDs:   [0, 1, 2, 3, 65, 73, 84, 95, 161, 197, 280, 299, 320, 382, 395, 409, 453, 456, 469, 493, 504, 575, 582, 594, 612, 645, 650, 660, 679, 715, 723, 752, 759, 775, 827, 837, 867, 884, 899, 932, 936, 950, 1294, 1295, 1296, 1298, 1299, 1300, 1302, 1303, 1304, 1305, 1329, 1345, 1346, 1361, 1404, 1407, 1681]</msg>
<msg timestamp="20221025 16:31:47.940" level="INFO">Closed glyph list over 'glyf': 59 glyphs after</msg>
<msg timestamp="20221025 16:31:47.940" level="INFO">Glyph names: ['.notdef', '.null', 'uni0020', 'uni0021', 'uni002D', 'uni002E', 'uni0030', 'uni0031', 'uni0032', 'uni0033', 'uni0034', 'uni0035', 'uni0036', 'uni0037', 'uni0038', 'uni0039', 'uni003A', 'uni0041', 'uni0042', 'uni0043', 'uni0044', 'uni0045', 'uni0048', 'uni0049', 'uni004C', 'uni004E', 'uni004F', 'uni0052', 'uni0053', 'uni0054', 'uni0056', 'uni0057', 'uni0059', 'uni005A', 'uni0061', 'uni0062', 'uni0063', 'uni0064', 'uni0065', 'uni0066', 'uni0067', 'uni0068', 'uni0069', 'uni006B', 'uni006C', 'uni006D', 'uni006E', 'uni006F', 'uni0070', 'uni0072', 'uni0073', 'uni0074', 'uni0075', 'uni0076', 'uni0077', 'uni0079', 'uni007B', 'uni007D', 'uni00C4']</msg>
<msg timestamp="20221025 16:31:47.940" level="INFO">Glyph IDs:   [0, 1, 2, 3, 65, 73, 84, 95, 161, 197, 280, 299, 320, 382, 395, 409, 453, 456, 469, 493, 504, 575, 582, 594, 612, 645, 650, 660, 679, 715, 723, 752, 759, 775, 827, 837, 867, 884, 899, 932, 936, 950, 1294, 1295, 1296, 1298, 1299, 1300, 1302, 1303, 1304, 1305, 1329, 1345, 1346, 1361, 1404, 1407, 1681]</msg>
<msg timestamp="20221025 16:31:47.940" level="INFO">Retaining 59 glyphs</msg>
<msg timestamp="20221025 16:31:47.940" level="INFO">head subsetting not needed</msg>
<msg timestamp="20221025 16:31:47.940" level="INFO">hhea subsetting not needed</msg>
<msg timestamp="20221025 16:31:47.940" level="INFO">maxp subsetting not needed</msg>
<msg timestamp="20221025 16:31:47.948" level="INFO">OS/2 subsetting not needed</msg>
<msg timestamp="20221025 16:31:47.956" level="INFO">hmtx subsetted</msg>
<msg timestamp="20221025 16:31:47.964" level="INFO">cmap subsetted</msg>
<msg timestamp="20221025 16:31:47.964" level="INFO">prep subsetting not needed</msg>
<msg timestamp="20221025 16:31:47.964" level="INFO">loca subsetting not needed</msg>
<msg timestamp="20221025 16:31:47.964" level="INFO">post subsetted</msg>
<msg timestamp="20221025 16:31:47.964" level="INFO">gasp subsetting not needed</msg>
<msg timestamp="20221025 16:31:47.964" level="INFO">STAT subsetting not needed</msg>
<msg timestamp="20221025 16:31:47.964" level="INFO">name subsetting not needed</msg>
<msg timestamp="20221025 16:31:47.972" level="INFO">glyf subsetted</msg>
<msg timestamp="20221025 16:31:47.972" level="INFO">head pruned</msg>
<msg timestamp="20221025 16:31:47.972" level="INFO">OS/2 Unicode ranges pruned: [0]</msg>
<msg timestamp="20221025 16:31:47.972" level="INFO">glyf pruned</msg>
<msg timestamp="20221025 16:31:48.093" level="INFO">maxp pruned</msg>
<msg timestamp="20221025 16:31:48.093" level="INFO">cmap pruned</msg>
<msg timestamp="20221025 16:31:48.093" level="INFO">post pruned</msg>
<msg timestamp="20221025 16:31:48.093" level="INFO">GDEF dropped</msg>
<msg timestamp="20221025 16:31:48.093" level="INFO">GPOS dropped</msg>
<msg timestamp="20221025 16:31:48.093" level="INFO">GSUB dropped</msg>
<msg timestamp="20221025 16:31:48.101" level="INFO">name pruned</msg>
<msg timestamp="20221025 16:31:48.109" level="INFO">glyf pruned</msg>
<msg timestamp="20221025 16:31:48.117" level="INFO">Added gid0 to subset</msg>
<msg timestamp="20221025 16:31:48.120" level="INFO">Added first four glyphs to subset</msg>
<msg timestamp="20221025 16:31:48.120" level="INFO">Closing glyph list over 'glyf': 19 glyphs before</msg>
<msg timestamp="20221025 16:31:48.121" level="INFO">Glyph names: ['.notdef', '.null', 'uni0020', 'uni0030', 'uni0031', 'uni0032', 'uni0033', 'uni0034', 'uni0035', 'uni0036', 'uni0037', 'uni0038', 'uni0039', 'uni0041', 'uni0062', 'uni006E', 'uni007B', 'uni007D', 'uni00C4']</msg>
<msg timestamp="20221025 16:31:48.121" level="INFO">Glyph IDs:   [0, 1, 2, 3, 575, 759, 1294, 1295, 1296, 1298, 1299, 1300, 1302, 1303, 1304, 1305, 1345, 1346, 1681]</msg>
<msg timestamp="20221025 16:31:48.121" level="INFO">Closed glyph list over 'glyf': 19 glyphs after</msg>
<msg timestamp="20221025 16:31:48.121" level="INFO">Glyph names: ['.notdef', '.null', 'uni0020', 'uni0030', 'uni0031', 'uni0032', 'uni0033', 'uni0034', 'uni0035', 'uni0036', 'uni0037', 'uni0038', 'uni0039', 'uni0041', 'uni0062', 'uni006E', 'uni007B', 'uni007D', 'uni00C4']</msg>
<msg timestamp="20221025 16:31:48.121" level="INFO">Glyph IDs:   [0, 1, 2, 3, 575, 759, 1294, 1295, 1296, 1298, 1299, 1300, 1302, 1303, 1304, 1305, 1345, 1346, 1681]</msg>
<msg timestamp="20221025 16:31:48.125" level="INFO">Retaining 19 glyphs</msg>
<msg timestamp="20221025 16:31:48.125" level="INFO">head subsetting not needed</msg>
<msg timestamp="20221025 16:31:48.125" level="INFO">hhea subsetting not needed</msg>
<msg timestamp="20221025 16:31:48.125" level="INFO">maxp subsetting not needed</msg>
<msg timestamp="20221025 16:31:48.125" level="INFO">OS/2 subsetting not needed</msg>
<msg timestamp="20221025 16:31:48.134" level="INFO">hmtx subsetted</msg>
<msg timestamp="20221025 16:31:48.141" level="INFO">cmap subsetted</msg>
<msg timestamp="20221025 16:31:48.141" level="INFO">prep subsetting not needed</msg>
<msg timestamp="20221025 16:31:48.141" level="INFO">loca subsetting not needed</msg>
<msg timestamp="20221025 16:31:48.141" level="INFO">post subsetted</msg>
<msg timestamp="20221025 16:31:48.141" level="INFO">gasp subsetting not needed</msg>
<msg timestamp="20221025 16:31:48.141" level="INFO">STAT subsetting not needed</msg>
<msg timestamp="20221025 16:31:48.141" level="INFO">name subsetting not needed</msg>
<msg timestamp="20221025 16:31:48.149" level="INFO">glyf subsetted</msg>
<msg timestamp="20221025 16:31:48.149" level="INFO">head pruned</msg>
<msg timestamp="20221025 16:31:48.149" level="INFO">OS/2 Unicode ranges pruned: [0]</msg>
<msg timestamp="20221025 16:31:48.157" level="INFO">glyf pruned</msg>
<msg timestamp="20221025 16:31:48.230" level="INFO">maxp pruned</msg>
<msg timestamp="20221025 16:31:48.235" level="INFO">cmap pruned</msg>
<msg timestamp="20221025 16:31:48.235" level="INFO">post pruned</msg>
<msg timestamp="20221025 16:31:48.235" level="INFO">GDEF dropped</msg>
<msg timestamp="20221025 16:31:48.235" level="INFO">GPOS dropped</msg>
<msg timestamp="20221025 16:31:48.235" level="INFO">GSUB dropped</msg>
<msg timestamp="20221025 16:31:48.238" level="INFO">name pruned</msg>
<msg timestamp="20221025 16:31:48.246" level="INFO">glyf pruned</msg>
<msg timestamp="20221025 16:31:48.262" level="INFO">Added gid0 to subset</msg>
<msg timestamp="20221025 16:31:48.262" level="INFO">Added first four glyphs to subset</msg>
<msg timestamp="20221025 16:31:48.262" level="INFO">Closing glyph list over 'glyf': 18 glyphs before</msg>
<msg timestamp="20221025 16:31:48.262" level="INFO">Glyph names: ['.notdef', '.null', 'uni0020', 'uni0030', 'uni0031', 'uni0032', 'uni0033', 'uni0034', 'uni0035', 'uni0036', 'uni0037', 'uni0038', 'uni0039', 'uni0062', 'uni006E', 'uni007B', 'uni007D', 'uni00A0']</msg>
<msg timestamp="20221025 16:31:48.262" level="INFO">Glyph IDs:   [0, 1, 2, 3, 544, 727, 1256, 1257, 1258, 1260, 1261, 1262, 1264, 1265, 1266, 1267, 1307, 1308]</msg>
<msg timestamp="20221025 16:31:48.262" level="INFO">Closed glyph list over 'glyf': 18 glyphs after</msg>
<msg timestamp="20221025 16:31:48.262" level="INFO">Glyph names: ['.notdef', '.null', 'uni0020', 'uni0030', 'uni0031', 'uni0032', 'uni0033', 'uni0034', 'uni0035', 'uni0036', 'uni0037', 'uni0038', 'uni0039', 'uni0062', 'uni006E', 'uni007B', 'uni007D', 'uni00A0']</msg>
<msg timestamp="20221025 16:31:48.270" level="INFO">Glyph IDs:   [0, 1, 2, 3, 544, 727, 1256, 1257, 1258, 1260, 1261, 1262, 1264, 1265, 1266, 1267, 1307, 1308]</msg>
<msg timestamp="20221025 16:31:48.270" level="INFO">Retaining 18 glyphs</msg>
<msg timestamp="20221025 16:31:48.270" level="INFO">head subsetting not needed</msg>
<msg timestamp="20221025 16:31:48.270" level="INFO">hhea subsetting not needed</msg>
<msg timestamp="20221025 16:31:48.270" level="INFO">maxp subsetting not needed</msg>
<msg timestamp="20221025 16:31:48.270" level="INFO">OS/2 subsetting not needed</msg>
<msg timestamp="20221025 16:31:48.278" level="INFO">hmtx subsetted</msg>
<msg timestamp="20221025 16:31:48.286" level="INFO">cmap subsetted</msg>
<msg timestamp="20221025 16:31:48.286" level="INFO">loca subsetting not needed</msg>
<msg timestamp="20221025 16:31:48.286" level="INFO">post subsetted</msg>
<msg timestamp="20221025 16:31:48.286" level="INFO">name subsetting not needed</msg>
<msg timestamp="20221025 16:31:48.294" level="INFO">glyf subsetted</msg>
<msg timestamp="20221025 16:31:48.294" level="INFO">head pruned</msg>
<msg timestamp="20221025 16:31:48.294" level="INFO">OS/2 Unicode ranges pruned: [0]</msg>
<msg timestamp="20221025 16:31:48.294" level="INFO">glyf pruned</msg>
<msg timestamp="20221025 16:31:48.367" level="INFO">maxp pruned</msg>
<msg timestamp="20221025 16:31:48.367" level="INFO">cmap pruned</msg>
<msg timestamp="20221025 16:31:48.367" level="INFO">post pruned</msg>
<msg timestamp="20221025 16:31:48.367" level="INFO">GDEF dropped</msg>
<msg timestamp="20221025 16:31:48.367" level="INFO">GPOS dropped</msg>
<msg timestamp="20221025 16:31:48.367" level="INFO">GSUB dropped</msg>
<msg timestamp="20221025 16:31:48.367" level="INFO">name pruned</msg>
<msg timestamp="20221025 16:31:48.383" level="INFO">glyf pruned</msg>
<msg timestamp="20221025 16:31:48.391" level="INFO">Added gid0 to subset</msg>
<msg timestamp="20221025 16:31:48.391" level="INFO">Added first four glyphs to subset</msg>
<msg timestamp="20221025 16:31:48.391" level="INFO">Closing glyph list over 'glyf': 18 glyphs before</msg>
<msg timestamp="20221025 16:31:48.391" level="INFO">Glyph names: ['.notdef', '.null', 'uni0020', 'uni0030', 'uni0031', 'uni0032', 'uni0033', 'uni0034', 'uni0035', 'uni0036', 'uni0037', 'uni0038', 'uni0039', 'uni0062', 'uni006E', 'uni007B', 'uni007D', 'uni00A0']</msg>
<msg timestamp="20221025 16:31:48.391" level="INFO">Glyph IDs:   [0, 1, 2, 3, 544, 727, 1256, 1257, 1258, 1260, 1261, 1262, 1264, 1265, 1266, 1267, 1307, 1308]</msg>
<msg timestamp="20221025 16:31:48.391" level="INFO">Closed glyph list over 'glyf': 18 glyphs after</msg>
<msg timestamp="20221025 16:31:48.391" level="INFO">Glyph names: ['.notdef', '.null', 'uni0020', 'uni0030', 'uni0031', 'uni0032', 'uni0033', 'uni0034', 'uni0035', 'uni0036', 'uni0037', 'uni0038', 'uni0039', 'uni0062', 'uni006E', 'uni007B', 'uni007D', 'uni00A0']</msg>
<msg timestamp="20221025 16:31:48.399" level="INFO">Glyph IDs:   [0, 1, 2, 3, 544, 727, 1256, 1257, 1258, 1260, 1261, 1262, 1264, 1265, 1266, 1267, 1307, 1308]</msg>
<msg timestamp="20221025 16:31:48.399" level="INFO">Retaining 18 glyphs</msg>
<msg timestamp="20221025 16:31:48.399" level="INFO">head subsetting not needed</msg>
<msg timestamp="20221025 16:31:48.399" level="INFO">hhea subsetting not needed</msg>
<msg timestamp="20221025 16:31:48.399" level="INFO">maxp subsetting not needed</msg>
<msg timestamp="20221025 16:31:48.399" level="INFO">OS/2 subsetting not needed</msg>
<msg timestamp="20221025 16:31:48.407" level="INFO">hmtx subsetted</msg>
<msg timestamp="20221025 16:31:48.415" level="INFO">cmap subsetted</msg>
<msg timestamp="20221025 16:31:48.415" level="INFO">loca subsetting not needed</msg>
<msg timestamp="20221025 16:31:48.415" level="INFO">post subsetted</msg>
<msg timestamp="20221025 16:31:48.415" level="INFO">name subsetting not needed</msg>
<msg timestamp="20221025 16:31:48.423" level="INFO">glyf subsetted</msg>
<msg timestamp="20221025 16:31:48.423" level="INFO">head pruned</msg>
<msg timestamp="20221025 16:31:48.423" level="INFO">OS/2 Unicode ranges pruned: [0]</msg>
<msg timestamp="20221025 16:31:48.423" level="INFO">glyf pruned</msg>
<status status="PASS" starttime="20221025 16:31:47.533" endtime="20221025 16:31:48.472"/>
</kw>
<kw name="Capture Element Screenshot" library="RPA.Browser.Selenium">
<arg>id:robot-preview-image</arg>
<arg>${OUTPUT_DIR}${/}output${/}screenshots${/}robot${order_details}[Order number].png</arg>
<doc>Captures a screenshot from the element identified by ``locator`` and embeds it into log file.</doc>
<msg timestamp="20221025 16:31:48.662" level="INFO" html="true">&lt;/td&gt;&lt;/tr&gt;&lt;tr&gt;&lt;td colspan="3"&gt;&lt;a href="output/screenshots/robot20.png"&gt;&lt;img src="output/screenshots/robot20.png" width="400px"&gt;&lt;/a&gt;</msg>
<status status="PASS" starttime="20221025 16:31:48.472" endtime="20221025 16:31:48.666"/>
</kw>
<kw name="Add Watermark Image To Pdf" library="RPA.PDF">
<arg>${OUTPUT_DIR}${/}output${/}screenshots${/}robot${order_details}[Order number].png</arg>
<arg>${OUTPUT_DIR}${/}output${/}receipts${/}receipt${order_details}[Order number].pdf</arg>
<arg>${OUTPUT_DIR}${/}output${/}receipts${/}receipt${order_details}[Order number].pdf</arg>
<doc>Add an image into an existing or new PDF.</doc>
<status status="PASS" starttime="20221025 16:31:48.667" endtime="20221025 16:31:48.901"/>
</kw>
<status status="PASS" starttime="20221025 16:31:47.481" endtime="20221025 16:31:48.901"/>
</kw>
<kw name="Wait Until Page Contains Element" library="RPA.Browser.Selenium">
<arg>id:order-another</arg>
<doc>Waits until the element ``locator`` appears on the current page.</doc>
<status status="PASS" starttime="20221025 16:31:48.901" endtime="20221025 16:31:48.931"/>
</kw>
<kw name="Click Button" library="RPA.Browser.Selenium">
<arg>id:order-another</arg>
<doc>Clicks the button identified by ``locator``.</doc>
<msg timestamp="20221025 16:31:48.933" level="INFO">Clicking button 'id:order-another'.</msg>
<status status="PASS" starttime="20221025 16:31:48.933" endtime="20221025 16:31:49.246"/>
</kw>
<kw name="Close the pop-up">
<kw name="Click Button When Visible" library="RPA.Browser.Selenium">
<arg>//button[@class="btn btn-dark"]</arg>
<doc>Click button identified by ``locator``, once it becomes visible.</doc>
<msg timestamp="20221025 16:31:49.301" level="INFO">Clicking button '//button[@class="btn btn-dark"]'.</msg>
<status status="PASS" starttime="20221025 16:31:49.249" endtime="20221025 16:31:49.451"/>
</kw>
<status status="PASS" starttime="20221025 16:31:49.249" endtime="20221025 16:31:49.451"/>
</kw>
<status status="PASS" starttime="20221025 16:31:46.412" endtime="20221025 16:31:49.451"/>
</kw>
<status status="PASS" starttime="20221025 16:31:46.409" endtime="20221025 16:31:49.451"/>
</iter>
<status status="PASS" starttime="20221025 16:30:45.878" endtime="20221025 16:31:49.451"/>
</for>
<kw name="Create zip file of all the order receipts">
<kw name="Archive Folder With Zip" library="RPA.Archive">
<arg>${OUTPUT_DIR}${/}output${/}receipts</arg>
<arg>${OUTPUT_DIR}${/}output${/}robot_orders.zip</arg>
<doc>Create a zip archive of a folder</doc>
<status status="PASS" starttime="20221025 16:31:49.459" endtime="20221025 16:31:49.807"/>
</kw>
<status status="PASS" starttime="20221025 16:31:49.459" endtime="20221025 16:31:49.807"/>
</kw>
<status status="PASS" starttime="20221025 16:30:45.862" endtime="20221025 16:31:49.807"/>
</kw>
<kw name="Close Browser" library="RPA.Browser.Selenium" type="TEARDOWN">
<doc>Closes the current browser.</doc>
<status status="PASS" starttime="20221025 16:31:49.816" endtime="20221025 16:31:52.086"/>
</kw>
<status status="PASS" starttime="20221025 16:30:23.778" endtime="20221025 16:31:52.086"/>
</test>
<doc>Orders robots from RobotSpareBin Industries Inc.
Saves the order HTML receipt as a PDF file.
Saves the screenshot of the ordered robot.
Embeds the screenshot of the robot to the PDF receipt.
Creates ZIP archive of the receipts and the images.</doc>
<status status="PASS" starttime="20221025 16:30:20.845" endtime="20221025 16:31:52.094"/>
</suite>
<statistics>
<total>
<stat pass="1" fail="0" skip="0">All Tasks</stat>
</total>
<tag>
</tag>
<suite>
<stat pass="1" fail="0" skip="0" id="s1" name="Tasks">Tasks</stat>
</suite>
</statistics>
<errors>
<msg timestamp="20221025 16:30:23.770" level="WARN">This is a deprecated import that will be removed in favor of RPA.Robocorp.Vault</msg>
</errors>
</robot>
